<?xml version="1.0" encoding="UTF-8"?>
<coverage generated="1747672871698" clover="3.2.0">
  <project timestamp="1747672871698" name="All files">
    <metrics statements="259" coveredstatements="128" conditionals="185" coveredconditionals="57" methods="27" coveredmethods="21" elements="471" coveredelements="206" complexity="0" loc="259" ncloc="259" packages="2" files="2" classes="2"/>
    <package name="src">
      <metrics statements="71" coveredstatements="45" conditionals="36" coveredconditionals="12" methods="11" coveredmethods="9"/>
      <file name="dust.ts" path="/Users/ma3u/projects/dust-mcp-server/src/dust.ts">
        <metrics statements="71" coveredstatements="45" conditionals="36" coveredconditionals="12" methods="11" coveredmethods="9"/>
        <line num="2" count="1" type="stmt"/>
        <line num="5" count="1" type="stmt"/>
        <line num="8" count="8" type="stmt"/>
        <line num="11" count="1" type="stmt"/>
        <line num="12" count="1" type="stmt"/>
        <line num="13" count="1" type="stmt"/>
        <line num="14" count="1" type="stmt"/>
        <line num="15" count="1" type="stmt"/>
        <line num="17" count="3" type="cond" truecount="3" falsecount="1"/>
        <line num="22" count="1" type="stmt"/>
        <line num="24" count="1" type="stmt"/>
        <line num="25" count="1" type="cond" truecount="1" falsecount="1"/>
        <line num="26" count="0" type="stmt"/>
        <line num="32" count="6" type="stmt"/>
        <line num="33" count="6" type="cond" truecount="2" falsecount="0"/>
        <line num="35" count="6" type="stmt"/>
        <line num="37" count="6" type="cond" truecount="2" falsecount="0"/>
        <line num="38" count="2" type="stmt"/>
        <line num="41" count="1" type="stmt"/>
        <line num="43" count="4" type="stmt"/>
        <line num="52" count="1" type="stmt"/>
        <line num="57" count="1" type="stmt"/>
        <line num="59" count="1" type="cond" truecount="2" falsecount="2"/>
        <line num="60" count="0" type="stmt"/>
        <line num="66" count="0" type="stmt"/>
        <line num="80" count="1" type="stmt"/>
        <line num="81" count="1" type="stmt"/>
        <line num="93" count="4" type="stmt"/>
        <line num="100" count="1" type="stmt"/>
        <line num="104" count="1" type="stmt"/>
        <line num="106" count="1" type="stmt"/>
        <line num="107" count="1" type="stmt"/>
        <line num="109" count="1" type="stmt"/>
        <line num="110" count="1" type="stmt"/>
        <line num="111" count="1" type="stmt"/>
        <line num="112" count="1" type="stmt"/>
        <line num="113" count="23" type="stmt"/>
        <line num="114" count="23" type="cond" truecount="1" falsecount="1"/>
        <line num="117" count="23" type="stmt"/>
        <line num="131" count="1" type="stmt"/>
        <line num="140" count="0" type="stmt"/>
        <line num="141" count="0" type="stmt"/>
        <line num="153" count="4" type="stmt"/>
        <line num="159" count="1" type="stmt"/>
        <line num="162" count="1" type="stmt"/>
        <line num="164" count="1" type="stmt"/>
        <line num="165" count="1" type="cond" truecount="1" falsecount="1"/>
        <line num="166" count="1" type="stmt"/>
        <line num="168" count="0" type="stmt"/>
        <line num="169" count="0" type="stmt"/>
        <line num="184" count="0" type="stmt"/>
        <line num="185" count="0" type="stmt"/>
        <line num="186" count="0" type="stmt"/>
        <line num="187" count="0" type="cond" truecount="0" falsecount="2"/>
        <line num="188" count="0" type="cond" truecount="0" falsecount="2"/>
        <line num="189" count="0" type="cond" truecount="0" falsecount="2"/>
        <line num="190" count="0" type="cond" truecount="0" falsecount="2"/>
        <line num="191" count="0" type="stmt"/>
        <line num="192" count="0" type="cond" truecount="0" falsecount="2"/>
        <line num="193" count="0" type="stmt"/>
        <line num="194" count="0" type="stmt"/>
        <line num="197" count="0" type="stmt"/>
        <line num="199" count="0" type="stmt"/>
        <line num="200" count="0" type="cond" truecount="0" falsecount="4"/>
        <line num="201" count="0" type="stmt"/>
        <line num="202" count="0" type="stmt"/>
        <line num="205" count="0" type="stmt"/>
        <line num="208" count="0" type="stmt"/>
        <line num="209" count="0" type="stmt"/>
        <line num="218" count="1" type="stmt"/>
        <line num="219" count="1" type="stmt"/>
      </file>
    </package>
    <package name="src.services">
      <metrics statements="188" coveredstatements="83" conditionals="149" coveredconditionals="45" methods="16" coveredmethods="12"/>
      <file name="dustService.ts" path="/Users/ma3u/projects/dust-mcp-server/src/services/dustService.ts">
        <metrics statements="188" coveredstatements="83" conditionals="149" coveredconditionals="45" methods="16" coveredmethods="12"/>
        <line num="30" count="1" type="stmt"/>
        <line num="34" count="3" type="stmt"/>
        <line num="39" count="1" type="stmt"/>
        <line num="41" count="1" type="stmt"/>
        <line num="44" count="1" type="stmt"/>
        <line num="47" count="1" type="stmt"/>
        <line num="50" count="1" type="stmt"/>
        <line num="51" count="1" type="stmt"/>
        <line num="52" count="1" type="stmt"/>
        <line num="53" count="1" type="stmt"/>
        <line num="54" count="1" type="stmt"/>
        <line num="56" count="4" type="cond" truecount="3" falsecount="1"/>
        <line num="61" count="1" type="stmt"/>
        <line num="62" count="1" type="stmt"/>
        <line num="64" count="1" type="cond" truecount="1" falsecount="1"/>
        <line num="65" count="0" type="stmt"/>
        <line num="71" count="11" type="stmt"/>
        <line num="72" count="11" type="cond" truecount="2" falsecount="0"/>
        <line num="74" count="11" type="stmt"/>
        <line num="76" count="11" type="cond" truecount="2" falsecount="0"/>
        <line num="77" count="3" type="stmt"/>
        <line num="81" count="1" type="stmt"/>
        <line num="83" count="1" type="cond" truecount="1" falsecount="1"/>
        <line num="84" count="1" type="stmt"/>
        <line num="85" count="1" type="stmt"/>
        <line num="86" count="1" type="stmt"/>
        <line num="89" count="1" type="stmt"/>
        <line num="90" count="1" type="cond" truecount="2" falsecount="2"/>
        <line num="91" count="0" type="stmt"/>
        <line num="92" count="0" type="stmt"/>
        <line num="95" count="1" type="stmt"/>
        <line num="96" count="1" type="cond" truecount="1" falsecount="1"/>
        <line num="97" count="0" type="stmt"/>
        <line num="100" count="1" type="stmt"/>
        <line num="101" count="1" type="cond" truecount="1" falsecount="1"/>
        <line num="102" count="0" type="stmt"/>
        <line num="106" count="1" type="stmt"/>
        <line num="107" count="1" type="stmt"/>
        <line num="108" count="1" type="stmt"/>
        <line num="114" count="0" type="cond" truecount="0" falsecount="4"/>
        <line num="116" count="0" type="cond" truecount="0" falsecount="2"/>
        <line num="117" count="0" type="stmt"/>
        <line num="121" count="0" type="cond" truecount="0" falsecount="2"/>
        <line num="134" count="0" type="stmt"/>
        <line num="135" count="0" type="stmt"/>
        <line num="136" count="0" type="stmt"/>
        <line num="138" count="0" type="stmt"/>
        <line num="139" count="0" type="stmt"/>
        <line num="141" count="1" type="stmt"/>
        <line num="143" count="1" type="cond" truecount="1" falsecount="1"/>
        <line num="144" count="0" type="stmt"/>
        <line num="145" count="0" type="stmt"/>
        <line num="169" count="0" type="stmt"/>
        <line num="170" count="0" type="stmt"/>
        <line num="172" count="1" type="stmt"/>
        <line num="180" count="0" type="stmt"/>
        <line num="181" count="0" type="cond" truecount="0" falsecount="2"/>
        <line num="182" count="0" type="stmt"/>
        <line num="185" count="0" type="stmt"/>
        <line num="186" count="0" type="cond" truecount="0" falsecount="2"/>
        <line num="187" count="0" type="stmt"/>
        <line num="189" count="0" type="stmt"/>
        <line num="192" count="1" type="stmt"/>
        <line num="193" count="1" type="cond" truecount="1" falsecount="1"/>
        <line num="194" count="0" type="stmt"/>
        <line num="197" count="1" type="stmt"/>
        <line num="198" count="1" type="cond" truecount="1" falsecount="1"/>
        <line num="199" count="0" type="stmt"/>
        <line num="202" count="1" type="cond" truecount="1" falsecount="1"/>
        <line num="203" count="0" type="stmt"/>
        <line num="204" count="0" type="stmt"/>
        <line num="207" count="1" type="cond" truecount="1" falsecount="1"/>
        <line num="210" count="0" type="stmt"/>
        <line num="211" count="0" type="cond" truecount="0" falsecount="4"/>
        <line num="212" count="0" type="stmt"/>
        <line num="218" count="0" type="cond" truecount="0" falsecount="4"/>
        <line num="219" count="0" type="stmt"/>
        <line num="226" count="0" type="stmt"/>
        <line num="233" count="0" type="stmt"/>
        <line num="236" count="1" type="cond" truecount="1" falsecount="1"/>
        <line num="238" count="1" type="stmt"/>
        <line num="239" count="1" type="stmt"/>
        <line num="242" count="1" type="cond" truecount="1" falsecount="1"/>
        <line num="244" count="1" type="stmt"/>
        <line num="245" count="1" type="stmt"/>
        <line num="249" count="0" type="stmt"/>
        <line num="250" count="0" type="stmt"/>
        <line num="251" count="0" type="stmt"/>
        <line num="253" count="0" type="stmt"/>
        <line num="260" count="0" type="stmt"/>
        <line num="262" count="0" type="cond" truecount="0" falsecount="2"/>
        <line num="263" count="0" type="stmt"/>
        <line num="265" count="0" type="cond" truecount="0" falsecount="2"/>
        <line num="266" count="0" type="stmt"/>
        <line num="267" count="0" type="stmt"/>
        <line num="269" count="0" type="stmt"/>
        <line num="273" count="0" type="stmt"/>
        <line num="274" count="0" type="stmt"/>
        <line num="277" count="0" type="cond" truecount="0" falsecount="2"/>
        <line num="278" count="0" type="stmt"/>
        <line num="279" count="0" type="stmt"/>
        <line num="281" count="0" type="stmt"/>
        <line num="282" count="0" type="stmt"/>
        <line num="288" count="1" type="stmt"/>
        <line num="290" count="1" type="stmt"/>
        <line num="291" count="1" type="stmt"/>
        <line num="293" count="1" type="stmt"/>
        <line num="311" count="1" type="stmt"/>
        <line num="317" count="1" type="stmt"/>
        <line num="324" count="0" type="stmt"/>
        <line num="326" count="0" type="cond" truecount="0" falsecount="2"/>
        <line num="327" count="0" type="stmt"/>
        <line num="329" count="0" type="stmt"/>
        <line num="332" count="0" type="stmt"/>
        <line num="333" count="0" type="stmt"/>
        <line num="334" count="0" type="stmt"/>
        <line num="335" count="0" type="stmt"/>
        <line num="336" count="0" type="stmt"/>
        <line num="337" count="0" type="stmt"/>
        <line num="338" count="0" type="cond" truecount="0" falsecount="2"/>
        <line num="339" count="0" type="stmt"/>
        <line num="341" count="0" type="stmt"/>
        <line num="342" count="0" type="stmt"/>
        <line num="344" count="0" type="stmt"/>
        <line num="350" count="0" type="stmt"/>
        <line num="352" count="0" type="cond" truecount="0" falsecount="2"/>
        <line num="353" count="0" type="stmt"/>
        <line num="355" count="0" type="stmt"/>
        <line num="356" count="0" type="stmt"/>
        <line num="357" count="0" type="cond" truecount="0" falsecount="4"/>
        <line num="359" count="0" type="stmt"/>
        <line num="361" count="0" type="cond" truecount="0" falsecount="2"/>
        <line num="362" count="0" type="stmt"/>
        <line num="364" count="0" type="cond" truecount="0" falsecount="4"/>
        <line num="365" count="0" type="stmt"/>
        <line num="366" count="0" type="stmt"/>
        <line num="367" count="0" type="stmt"/>
        <line num="373" count="0" type="cond" truecount="0" falsecount="2"/>
        <line num="374" count="0" type="stmt"/>
        <line num="377" count="0" type="stmt"/>
        <line num="378" count="0" type="cond" truecount="0" falsecount="2"/>
        <line num="379" count="0" type="stmt"/>
        <line num="384" count="0" type="cond" truecount="0" falsecount="2"/>
        <line num="385" count="0" type="stmt"/>
        <line num="386" count="0" type="stmt"/>
        <line num="389" count="0" type="stmt"/>
        <line num="390" count="0" type="stmt"/>
        <line num="398" count="1" type="stmt"/>
        <line num="399" count="1" type="cond" truecount="1" falsecount="1"/>
        <line num="400" count="1" type="stmt"/>
        <line num="402" count="0" type="stmt"/>
        <line num="406" count="1" type="stmt"/>
        <line num="407" count="1" type="stmt"/>
        <line num="411" count="1" type="stmt"/>
        <line num="412" count="1" type="cond" truecount="1" falsecount="1"/>
        <line num="413" count="0" type="stmt"/>
        <line num="416" count="1" type="stmt"/>
        <line num="417" count="1" type="cond" truecount="1" falsecount="1"/>
        <line num="418" count="0" type="stmt"/>
        <line num="421" count="1" type="cond" truecount="1" falsecount="1"/>
        <line num="422" count="0" type="stmt"/>
        <line num="423" count="0" type="stmt"/>
        <line num="487" count="1" type="stmt"/>
        <line num="488" count="1" type="cond" truecount="1" falsecount="1"/>
        <line num="489" count="0" type="stmt"/>
        <line num="491" count="1" type="cond" truecount="1" falsecount="1"/>
        <line num="492" count="1" type="stmt"/>
        <line num="495" count="1" type="cond" truecount="1" falsecount="1"/>
        <line num="496" count="1" type="cond" truecount="1" falsecount="1"/>
        <line num="499" count="1" type="stmt"/>
        <line num="500" count="1" type="stmt"/>
        <line num="501" count="1" type="stmt"/>
        <line num="507" count="1" type="stmt"/>
        <line num="510" count="1" type="cond" truecount="1" falsecount="1"/>
        <line num="511" count="0" type="stmt"/>
        <line num="512" count="0" type="stmt"/>
        <line num="515" count="1" type="cond" truecount="1" falsecount="1"/>
        <line num="516" count="1" type="stmt"/>
        <line num="518" count="1" type="stmt"/>
        <line num="519" count="23" type="stmt"/>
        <line num="523" count="9" type="cond" truecount="1" falsecount="1"/>
        <line num="536" count="23" type="stmt"/>
        <line num="537" count="23" type="stmt"/>
        <line num="540" count="0" type="stmt"/>
        <line num="542" count="0" type="cond" truecount="0" falsecount="2"/>
        <line num="543" count="0" type="stmt"/>
        <line num="544" count="0" type="stmt"/>
        <line num="567" count="0" type="stmt"/>
      </file>
    </package>
  </project>
</coverage>
