{"/Users/ma3u/projects/dust-mcp-server/src/services/agentService.ts": {"path":"/Users/ma3u/projects/dust-mcp-server/src/services/agentService.ts","statementMap":{"0":{"start":{"line":2,"column":0},"end":{"line":4,"column":3}},"1":{"start":{"line":5,"column":0},"end":{"line":10,"column":3}},"2":{"start":{"line":8,"column":8},"end":{"line":8,"column":28}},"3":{"start":{"line":11,"column":30},"end":{"line":11,"column":85}},"4":{"start":{"line":12,"column":24},"end":{"line":12,"column":54}},"5":{"start":{"line":14,"column":4},"end":{"line":23,"column":5}},"6":{"start":{"line":15,"column":8},"end":{"line":20,"column":11}},"7":{"start":{"line":22,"column":8},"end":{"line":22,"column":25}},"8":{"start":{"line":24,"column":4},"end":{"line":24,"column":15}},"9":{"start":{"line":27,"column":4},"end":{"line":29,"column":6}},"10":{"start":{"line":35,"column":8},"end":{"line":47,"column":9}},"11":{"start":{"line":36,"column":27},"end":{"line":36,"column":65}},"12":{"start":{"line":37,"column":12},"end":{"line":42,"column":15}},"13":{"start":{"line":38,"column":16},"end":{"line":41,"column":19}},"14":{"start":{"line":43,"column":12},"end":{"line":43,"column":77}},"15":{"start":{"line":45,"column":12},"end":{"line":45,"column":78}},"16":{"start":{"line":46,"column":12},"end":{"line":46,"column":24}},"17":{"start":{"line":52,"column":8},"end":{"line":52,"column":48}},"18":{"start":{"line":57,"column":8},"end":{"line":57,"column":40}},"19":{"start":{"line":62,"column":8},"end":{"line":80,"column":9}},"20":{"start":{"line":63,"column":26},"end":{"line":63,"column":54}},"21":{"start":{"line":64,"column":12},"end":{"line":66,"column":13}},"22":{"start":{"line":65,"column":16},"end":{"line":65,"column":70}},"23":{"start":{"line":67,"column":28},"end":{"line":67,"column":85}},"24":{"start":{"line":68,"column":24},"end":{"line":68,"column":48}},"25":{"start":{"line":69,"column":38},"end":{"line":74,"column":13}},"26":{"start":{"line":75,"column":12},"end":{"line":75,"column":61}},"27":{"start":{"line":76,"column":12},"end":{"line":76,"column":37}},"28":{"start":{"line":78,"column":12},"end":{"line":78,"column":90}},"29":{"start":{"line":79,"column":12},"end":{"line":79,"column":24}},"30":{"start":{"line":85,"column":8},"end":{"line":98,"column":9}},"31":{"start":{"line":86,"column":28},"end":{"line":86,"column":56}},"32":{"start":{"line":87,"column":12},"end":{"line":89,"column":13}},"33":{"start":{"line":88,"column":16},"end":{"line":88,"column":74}},"34":{"start":{"line":90,"column":29},"end":{"line":90,"column":93}},"35":{"start":{"line":92,"column":12},"end":{"line":92,"column":60}},"36":{"start":{"line":93,"column":12},"end":{"line":93,"column":28}},"37":{"start":{"line":95,"column":33},"end":{"line":95,"column":89}},"38":{"start":{"line":96,"column":12},"end":{"line":96,"column":101}},"39":{"start":{"line":97,"column":12},"end":{"line":97,"column":24}},"40":{"start":{"line":103,"column":8},"end":{"line":115,"column":9}},"41":{"start":{"line":104,"column":28},"end":{"line":104,"column":56}},"42":{"start":{"line":105,"column":12},"end":{"line":107,"column":13}},"43":{"start":{"line":106,"column":16},"end":{"line":106,"column":74}},"44":{"start":{"line":108,"column":12},"end":{"line":108,"column":60}},"45":{"start":{"line":109,"column":12},"end":{"line":109,"column":37}},"46":{"start":{"line":110,"column":12},"end":{"line":110,"column":44}},"47":{"start":{"line":112,"column":33},"end":{"line":112,"column":89}},"48":{"start":{"line":113,"column":12},"end":{"line":113,"column":89}},"49":{"start":{"line":114,"column":12},"end":{"line":114,"column":24}},"50":{"start":{"line":120,"column":8},"end":{"line":120,"column":44}},"51":{"start":{"line":125,"column":8},"end":{"line":125,"column":86}},"52":{"start":{"line":125,"column":68},"end":{"line":125,"column":84}},"53":{"start":{"line":128,"column":8},"end":{"line":128,"column":57}},"54":{"start":{"line":129,"column":8},"end":{"line":129,"column":52}},"55":{"start":{"line":130,"column":8},"end":{"line":130,"column":54}},"56":{"start":{"line":131,"column":8},"end":{"line":131,"column":45}},"57":{"start":{"line":134,"column":21},"end":{"line":137,"column":3}},"58":{"start":{"line":139,"column":0},"end":{"line":141,"column":3}},"59":{"start":{"line":140,"column":4},"end":{"line":140,"column":81}}},"fnMap":{"0":{"name":"(anonymous_0)","decl":{"start":{"line":7,"column":9},"end":{"line":7,"column":10}},"loc":{"start":{"line":7,"column":20},"end":{"line":9,"column":5}},"line":7},"1":{"name":"_define_property","decl":{"start":{"line":13,"column":9},"end":{"line":13,"column":25}},"loc":{"start":{"line":13,"column":43},"end":{"line":25,"column":1}},"line":13},"2":{"name":"_interop_require_default","decl":{"start":{"line":26,"column":9},"end":{"line":26,"column":33}},"loc":{"start":{"line":26,"column":39},"end":{"line":30,"column":1}},"line":26},"3":{"name":"(anonymous_3)","decl":{"start":{"line":34,"column":6},"end":{"line":34,"column":7}},"loc":{"start":{"line":34,"column":25},"end":{"line":48,"column":5}},"line":34},"4":{"name":"(anonymous_4)","decl":{"start":{"line":37,"column":27},"end":{"line":37,"column":28}},"loc":{"start":{"line":37,"column":36},"end":{"line":42,"column":13}},"line":37},"5":{"name":"(anonymous_5)","decl":{"start":{"line":51,"column":6},"end":{"line":51,"column":7}},"loc":{"start":{"line":51,"column":24},"end":{"line":53,"column":5}},"line":51},"6":{"name":"(anonymous_6)","decl":{"start":{"line":56,"column":6},"end":{"line":56,"column":7}},"loc":{"start":{"line":56,"column":30},"end":{"line":58,"column":5}},"line":56},"7":{"name":"(anonymous_7)","decl":{"start":{"line":61,"column":6},"end":{"line":61,"column":7}},"loc":{"start":{"line":61,"column":49},"end":{"line":81,"column":5}},"line":61},"8":{"name":"(anonymous_8)","decl":{"start":{"line":84,"column":6},"end":{"line":84,"column":7}},"loc":{"start":{"line":84,"column":56},"end":{"line":99,"column":5}},"line":84},"9":{"name":"(anonymous_9)","decl":{"start":{"line":102,"column":6},"end":{"line":102,"column":7}},"loc":{"start":{"line":102,"column":34},"end":{"line":116,"column":5}},"line":102},"10":{"name":"(anonymous_10)","decl":{"start":{"line":119,"column":6},"end":{"line":119,"column":7}},"loc":{"start":{"line":119,"column":34},"end":{"line":121,"column":5}},"line":119},"11":{"name":"(anonymous_11)","decl":{"start":{"line":124,"column":6},"end":{"line":124,"column":7}},"loc":{"start":{"line":124,"column":32},"end":{"line":126,"column":5}},"line":124},"12":{"name":"(anonymous_12)","decl":{"start":{"line":125,"column":57},"end":{"line":125,"column":58}},"loc":{"start":{"line":125,"column":68},"end":{"line":125,"column":84}},"line":125},"13":{"name":"(anonymous_13)","decl":{"start":{"line":127,"column":4},"end":{"line":127,"column":5}},"loc":{"start":{"line":127,"column":31},"end":{"line":132,"column":5}},"line":127},"14":{"name":"(anonymous_14)","decl":{"start":{"line":139,"column":32},"end":{"line":139,"column":33}},"loc":{"start":{"line":139,"column":41},"end":{"line":141,"column":1}},"line":139}},"branchMap":{"0":{"loc":{"start":{"line":14,"column":4},"end":{"line":23,"column":5}},"type":"if","locations":[{"start":{"line":14,"column":4},"end":{"line":23,"column":5}},{"start":{"line":21,"column":11},"end":{"line":23,"column":5}}],"line":14},"1":{"loc":{"start":{"line":27,"column":11},"end":{"line":29,"column":5}},"type":"cond-expr","locations":[{"start":{"line":27,"column":35},"end":{"line":27,"column":38}},{"start":{"line":27,"column":41},"end":{"line":29,"column":5}}],"line":27},"2":{"loc":{"start":{"line":27,"column":11},"end":{"line":27,"column":32}},"type":"binary-expr","locations":[{"start":{"line":27,"column":11},"end":{"line":27,"column":14}},{"start":{"line":27,"column":18},"end":{"line":27,"column":32}}],"line":27},"3":{"loc":{"start":{"line":61,"column":35},"end":{"line":61,"column":47}},"type":"default-arg","locations":[{"start":{"line":61,"column":45},"end":{"line":61,"column":47}}],"line":61},"4":{"loc":{"start":{"line":64,"column":12},"end":{"line":66,"column":13}},"type":"if","locations":[{"start":{"line":64,"column":12},"end":{"line":66,"column":13}},{"start":{},"end":{}}],"line":64},"5":{"loc":{"start":{"line":84,"column":44},"end":{"line":84,"column":54}},"type":"default-arg","locations":[{"start":{"line":84,"column":52},"end":{"line":84,"column":54}}],"line":84},"6":{"loc":{"start":{"line":87,"column":12},"end":{"line":89,"column":13}},"type":"if","locations":[{"start":{"line":87,"column":12},"end":{"line":89,"column":13}},{"start":{},"end":{}}],"line":87},"7":{"loc":{"start":{"line":95,"column":33},"end":{"line":95,"column":89}},"type":"cond-expr","locations":[{"start":{"line":95,"column":58},"end":{"line":95,"column":71}},{"start":{"line":95,"column":74},"end":{"line":95,"column":89}}],"line":95},"8":{"loc":{"start":{"line":105,"column":12},"end":{"line":107,"column":13}},"type":"if","locations":[{"start":{"line":105,"column":12},"end":{"line":107,"column":13}},{"start":{},"end":{}}],"line":105},"9":{"loc":{"start":{"line":112,"column":33},"end":{"line":112,"column":89}},"type":"cond-expr","locations":[{"start":{"line":112,"column":58},"end":{"line":112,"column":71}},{"start":{"line":112,"column":74},"end":{"line":112,"column":89}}],"line":112},"10":{"loc":{"start":{"line":135,"column":12},"end":{"line":135,"column":42}},"type":"binary-expr","locations":[{"start":{"line":135,"column":12},"end":{"line":135,"column":36}},{"start":{"line":135,"column":40},"end":{"line":135,"column":42}}],"line":135},"11":{"loc":{"start":{"line":136,"column":17},"end":{"line":136,"column":52}},"type":"binary-expr","locations":[{"start":{"line":136,"column":17},"end":{"line":136,"column":46}},{"start":{"line":136,"column":50},"end":{"line":136,"column":52}}],"line":136}},"s":{"0":1,"1":1,"2":61,"3":1,"4":1,"5":3,"6":0,"7":3,"8":3,"9":1,"10":1,"11":1,"12":0,"13":0,"14":0,"15":0,"16":0,"17":0,"18":0,"19":0,"20":0,"21":0,"22":0,"23":0,"24":0,"25":0,"26":0,"27":0,"28":0,"29":0,"30":0,"31":0,"32":0,"33":0,"34":0,"35":0,"36":0,"37":0,"38":0,"39":0,"40":0,"41":0,"42":0,"43":0,"44":0,"45":0,"46":0,"47":0,"48":0,"49":0,"50":0,"51":0,"52":0,"53":1,"54":1,"55":1,"56":1,"57":1,"58":1,"59":0},"f":{"0":61,"1":3,"2":1,"3":1,"4":0,"5":0,"6":0,"7":0,"8":0,"9":0,"10":0,"11":0,"12":0,"13":1,"14":0},"b":{"0":[0,3],"1":[1,0],"2":[1,1],"3":[0],"4":[0,0],"5":[0],"6":[0,0],"7":[0,0],"8":[0,0],"9":[0,0],"10":[1,1],"11":[1,1]},"inputSourceMap":{"0":"{","1":"\"","2":"v","3":"e","4":"r","5":"s","6":"i","7":"o","8":"n","9":"\"","10":":","11":"3","12":",","13":"\"","14":"s","15":"o","16":"u","17":"r","18":"c","19":"e","20":"s","21":"\"","22":":","23":"[","24":"\"","25":"/","26":"U","27":"s","28":"e","29":"r","30":"s","31":"/","32":"m","33":"a","34":"3","35":"u","36":"/","37":"p","38":"r","39":"o","40":"j","41":"e","42":"c","43":"t","44":"s","45":"/","46":"d","47":"u","48":"s","49":"t","50":"-","51":"m","52":"c","53":"p","54":"-","55":"s","56":"e","57":"r","58":"v","59":"e","60":"r","61":"/","62":"s","63":"r","64":"c","65":"/","66":"s","67":"e","68":"r","69":"v","70":"i","71":"c","72":"e","73":"s","74":"/","75":"a","76":"g","77":"e","78":"n","79":"t","80":"S","81":"e","82":"r","83":"v","84":"i","85":"c","86":"e","87":".","88":"t","89":"s","90":"\"","91":"]","92":",","93":"\"","94":"s","95":"o","96":"u","97":"r","98":"c","99":"e","100":"s","101":"C","102":"o","103":"n","104":"t","105":"e","106":"n","107":"t","108":"\"","109":":","110":"[","111":"\"","112":"i","113":"m","114":"p","115":"o","116":"r","117":"t","118":" ","119":"l","120":"o","121":"g","122":"g","123":"e","124":"r","125":" ","126":"f","127":"r","128":"o","129":"m","130":" ","131":"'","132":".","133":".","134":"/","135":"u","136":"t","137":"i","138":"l","139":"s","140":"/","141":"l","142":"o","143":"g","144":"g","145":"e","146":"r","147":".","148":"j","149":"s","150":"'","151":";","152":"\\","153":"n","154":"i","155":"m","156":"p","157":"o","158":"r","159":"t","160":" ","161":"{","162":" ","163":"D","164":"u","165":"s","166":"t","167":"A","168":"p","169":"i","170":"S","171":"e","172":"r","173":"v","174":"i","175":"c","176":"e","177":",","178":" ","179":"D","180":"u","181":"s","182":"t","183":"A","184":"g","185":"e","186":"n","187":"t","188":",","189":" ","190":"D","191":"u","192":"s","193":"t","194":"S","195":"e","196":"s","197":"s","198":"i","199":"o","200":"n","201":",","202":" ","203":"D","204":"u","205":"s","206":"t","207":"M","208":"e","209":"s","210":"s","211":"a","212":"g","213":"e","214":"R","215":"e","216":"s","217":"p","218":"o","219":"n","220":"s","221":"e","222":" ","223":"}","224":" ","225":"f","226":"r","227":"o","228":"m","229":" ","230":"'","231":".","232":"/","233":"d","234":"u","235":"s","236":"t","237":"A","238":"p","239":"i","240":"S","241":"e","242":"r","243":"v","244":"i","245":"c","246":"e","247":".","248":"j","249":"s","250":"'","251":";","252":"\\","253":"n","254":"\\","255":"n","256":"/","257":"/","258":" ","259":"T","260":"y","261":"p","262":"e","263":" ","264":"d","265":"e","266":"f","267":"i","268":"n","269":"i","270":"t","271":"i","272":"o","273":"n","274":"s","275":"\\","276":"n","277":"e","278":"x","279":"p","280":"o","281":"r","282":"t","283":" ","284":"i","285":"n","286":"t","287":"e","288":"r","289":"f","290":"a","291":"c","292":"e","293":" ","294":"A","295":"g","296":"e","297":"n","298":"t","299":"D","300":"e","301":"s","302":"c","303":"r","304":"i","305":"p","306":"t","307":"o","308":"r","309":" ","310":"e","311":"x","312":"t","313":"e","314":"n","315":"d","316":"s","317":" ","318":"D","319":"u","320":"s","321":"t","322":"A","323":"g","324":"e","325":"n","326":"t","327":" ","328":"{","329":"\\","330":"n","331":" ","332":" ","333":"/","334":"/","335":" ","336":"A","337":"d","338":"d","339":" ","340":"a","341":"n","342":"y","343":" ","344":"a","345":"d","346":"d","347":"i","348":"t","349":"i","350":"o","351":"n","352":"a","353":"l","354":" ","355":"f","356":"i","357":"e","358":"l","359":"d","360":"s","361":" ","362":"s","363":"p","364":"e","365":"c","366":"i","367":"f","368":"i","369":"c","370":" ","371":"t","372":"o","373":" ","374":"y","375":"o","376":"u","377":"r","378":" ","379":"a","380":"p","381":"p","382":"l","383":"i","384":"c","385":"a","386":"t","387":"i","388":"o","389":"n","390":"\\","391":"n","392":" ","393":" ","394":"i","395":"s","396":"A","397":"c","398":"t","399":"i","400":"v","401":"e","402":"?","403":":","404":" ","405":"b","406":"o","407":"o","408":"l","409":"e","410":"a","411":"n","412":";","413":"\\","414":"n","415":" ","416":" ","417":"l","418":"a","419":"s","420":"t","421":"U","422":"s","423":"e","424":"d","425":"?","426":":","427":" ","428":"s","429":"t","430":"r","431":"i","432":"n","433":"g","434":";","435":"\\","436":"n","437":"}","438":"\\","439":"n","440":"\\","441":"n","442":"e","443":"x","444":"p","445":"o","446":"r","447":"t","448":" ","449":"i","450":"n","451":"t","452":"e","453":"r","454":"f","455":"a","456":"c","457":"e","458":" ","459":"S","460":"e","461":"s","462":"s","463":"i","464":"o","465":"n","466":"D","467":"e","468":"s","469":"c","470":"r","471":"i","472":"p","473":"t","474":"o","475":"r","476":" ","477":"e","478":"x","479":"t","480":"e","481":"n","482":"d","483":"s","484":" ","485":"D","486":"u","487":"s","488":"t","489":"S","490":"e","491":"s","492":"s","493":"i","494":"o","495":"n","496":" ","497":"{","498":"\\","499":"n","500":" ","501":" ","502":"/","503":"/","504":" ","505":"A","506":"d","507":"d","508":" ","509":"a","510":"n","511":"y","512":" ","513":"a","514":"d","515":"d","516":"i","517":"t","518":"i","519":"o","520":"n","521":"a","522":"l","523":" ","524":"f","525":"i","526":"e","527":"l","528":"d","529":"s","530":" ","531":"s","532":"p","533":"e","534":"c","535":"i","536":"f","537":"i","538":"c","539":" ","540":"t","541":"o","542":" ","543":"y","544":"o","545":"u","546":"r","547":" ","548":"a","549":"p","550":"p","551":"l","552":"i","553":"c","554":"a","555":"t","556":"i","557":"o","558":"n","559":"\\","560":"n","561":" ","562":" ","563":"i","564":"s","565":"A","566":"c","567":"t","568":"i","569":"v","570":"e","571":":","572":" ","573":"b","574":"o","575":"o","576":"l","577":"e","578":"a","579":"n","580":";","581":"\\","582":"n","583":" ","584":" ","585":"c","586":"r","587":"e","588":"a","589":"t","590":"e","591":"d","592":"A","593":"t","594":":","595":" ","596":"s","597":"t","598":"r","599":"i","600":"n","601":"g","602":";","603":"\\","604":"n","605":" ","606":" ","607":"l","608":"a","609":"s","610":"t","611":"A","612":"c","613":"t","614":"i","615":"v","616":"i","617":"t","618":"y","619":":","620":" ","621":"s","622":"t","623":"r","624":"i","625":"n","626":"g","627":";","628":"\\","629":"n","630":"}","631":"\\","632":"n","633":"\\","634":"n","635":"c","636":"l","637":"a","638":"s","639":"s","640":" ","641":"A","642":"g","643":"e","644":"n","645":"t","646":"S","647":"e","648":"r","649":"v","650":"i","651":"c","652":"e","653":" ","654":"{","655":"\\","656":"n","657":" ","658":" ","659":"p","660":"r","661":"i","662":"v","663":"a","664":"t","665":"e","666":" ","667":"d","668":"u","669":"s","670":"t","671":"A","672":"p","673":"i","674":"S","675":"e","676":"r","677":"v","678":"i","679":"c","680":"e","681":":","682":" ","683":"D","684":"u","685":"s","686":"t","687":"A","688":"p","689":"i","690":"S","691":"e","692":"r","693":"v","694":"i","695":"c","696":"e","697":";","698":"\\","699":"n","700":" ","701":" ","702":"p","703":"r","704":"i","705":"v","706":"a","707":"t","708":"e","709":" ","710":"a","711":"g","712":"e","713":"n","714":"t","715":"s","716":":","717":" ","718":"M","719":"a","720":"p","721":"<","722":"s","723":"t","724":"r","725":"i","726":"n","727":"g","728":",","729":" ","730":"A","731":"g","732":"e","733":"n","734":"t","735":"D","736":"e","737":"s","738":"c","739":"r","740":"i","741":"p","742":"t","743":"o","744":"r","745":">","746":" ","747":"=","748":" ","749":"n","750":"e","751":"w","752":" ","753":"M","754":"a","755":"p","756":"(","757":")","758":";","759":"\\","760":"n","761":" ","762":" ","763":"p","764":"r","765":"i","766":"v","767":"a","768":"t","769":"e","770":" ","771":"s","772":"e","773":"s","774":"s","775":"i","776":"o","777":"n","778":"s","779":":","780":" ","781":"M","782":"a","783":"p","784":"<","785":"s","786":"t","787":"r","788":"i","789":"n","790":"g","791":",","792":" ","793":"S","794":"e","795":"s","796":"s","797":"i","798":"o","799":"n","800":"D","801":"e","802":"s","803":"c","804":"r","805":"i","806":"p","807":"t","808":"o","809":"r","810":">","811":" ","812":"=","813":" ","814":"n","815":"e","816":"w","817":" ","818":"M","819":"a","820":"p","821":"(","822":")","823":";","824":"\\","825":"n","826":"\\","827":"n","828":" ","829":" ","830":"c","831":"o","832":"n","833":"s","834":"t","835":"r","836":"u","837":"c","838":"t","839":"o","840":"r","841":"(","842":"d","843":"u","844":"s","845":"t","846":"A","847":"p","848":"i","849":"S","850":"e","851":"r","852":"v","853":"i","854":"c","855":"e","856":":","857":" ","858":"D","859":"u","860":"s","861":"t","862":"A","863":"p","864":"i","865":"S","866":"e","867":"r","868":"v","869":"i","870":"c","871":"e","872":")","873":" ","874":"{","875":"\\","876":"n","877":" ","878":" ","879":" ","880":" ","881":"t","882":"h","883":"i","884":"s","885":".","886":"d","887":"u","888":"s","889":"t","890":"A","891":"p","892":"i","893":"S","894":"e","895":"r","896":"v","897":"i","898":"c","899":"e","900":" ","901":"=","902":" ","903":"d","904":"u","905":"s","906":"t","907":"A","908":"p","909":"i","910":"S","911":"e","912":"r","913":"v","914":"i","915":"c","916":"e","917":";","918":"\\","919":"n","920":" ","921":" ","922":"}","923":"\\","924":"n","925":"\\","926":"n","927":" ","928":" ","929":"/","930":"*","931":"*","932":"\\","933":"n","934":" ","935":" ","936":" ","937":"*","938":" ","939":"I","940":"n","941":"i","942":"t","943":"i","944":"a","945":"l","946":"i","947":"z","948":"e","949":" ","950":"t","951":"h","952":"e","953":" ","954":"s","955":"e","956":"r","957":"v","958":"i","959":"c","960":"e","961":" ","962":"b","963":"y","964":" ","965":"l","966":"o","967":"a","968":"d","969":"i","970":"n","971":"g","972":" ","973":"a","974":"v","975":"a","976":"i","977":"l","978":"a","979":"b","980":"l","981":"e","982":" ","983":"a","984":"g","985":"e","986":"n","987":"t","988":"s","989":"\\","990":"n","991":" ","992":" ","993":" ","994":"*","995":"/","996":"\\","997":"n","998":" ","999":" ","1000":"a","1001":"s","1002":"y","1003":"n","1004":"c","1005":" ","1006":"i","1007":"n","1008":"i","1009":"t","1010":"i","1011":"a","1012":"l","1013":"i","1014":"z","1015":"e","1016":"(","1017":")","1018":":","1019":" ","1020":"P","1021":"r","1022":"o","1023":"m","1024":"i","1025":"s","1026":"e","1027":"<","1028":"v","1029":"o","1030":"i","1031":"d","1032":">","1033":" ","1034":"{","1035":"\\","1036":"n","1037":" ","1038":" ","1039":" ","1040":" ","1041":"t","1042":"r","1043":"y","1044":" ","1045":"{","1046":"\\","1047":"n","1048":" ","1049":" ","1050":" ","1051":" ","1052":" ","1053":" ","1054":"c","1055":"o","1056":"n","1057":"s","1058":"t","1059":" ","1060":"a","1061":"g","1062":"e","1063":"n","1064":"t","1065":"s","1066":" ","1067":"=","1068":" ","1069":"a","1070":"w","1071":"a","1072":"i","1073":"t","1074":" ","1075":"t","1076":"h","1077":"i","1078":"s","1079":".","1080":"d","1081":"u","1082":"s","1083":"t","1084":"A","1085":"p","1086":"i","1087":"S","1088":"e","1089":"r","1090":"v","1091":"i","1092":"c","1093":"e","1094":".","1095":"l","1096":"i","1097":"s","1098":"t","1099":"A","1100":"g","1101":"e","1102":"n","1103":"t","1104":"s","1105":"(","1106":")","1107":";","1108":"\\","1109":"n","1110":" ","1111":" ","1112":" ","1113":" ","1114":" ","1115":" ","1116":"a","1117":"g","1118":"e","1119":"n","1120":"t","1121":"s","1122":".","1123":"f","1124":"o","1125":"r","1126":"E","1127":"a","1128":"c","1129":"h","1130":"(","1131":"a","1132":"g","1133":"e","1134":"n","1135":"t","1136":" ","1137":"=","1138":">","1139":" ","1140":"{","1141":"\\","1142":"n","1143":" ","1144":" ","1145":" ","1146":" ","1147":" ","1148":" ","1149":" ","1150":" ","1151":"t","1152":"h","1153":"i","1154":"s","1155":".","1156":"a","1157":"g","1158":"e","1159":"n","1160":"t","1161":"s","1162":".","1163":"s","1164":"e","1165":"t","1166":"(","1167":"a","1168":"g","1169":"e","1170":"n","1171":"t","1172":".","1173":"i","1174":"d","1175":",","1176":" ","1177":"{","1178":"\\","1179":"n","1180":" ","1181":" ","1182":" ","1183":" ","1184":" ","1185":" ","1186":" ","1187":" ","1188":" ","1189":" ","1190":".","1191":".","1192":".","1193":"a","1194":"g","1195":"e","1196":"n","1197":"t","1198":",","1199":"\\","1200":"n","1201":" ","1202":" ","1203":" ","1204":" ","1205":" ","1206":" ","1207":" ","1208":" ","1209":" ","1210":" ","1211":"i","1212":"s","1213":"A","1214":"c","1215":"t","1216":"i","1217":"v","1218":"e","1219":":","1220":" ","1221":"t","1222":"r","1223":"u","1224":"e","1225":"\\","1226":"n","1227":" ","1228":" ","1229":" ","1230":" ","1231":" ","1232":" ","1233":" ","1234":" ","1235":"}","1236":")","1237":";","1238":"\\","1239":"n","1240":" ","1241":" ","1242":" ","1243":" ","1244":" ","1245":" ","1246":"}","1247":")","1248":";","1249":"\\","1250":"n","1251":" ","1252":" ","1253":" ","1254":" ","1255":" ","1256":" ","1257":"l","1258":"o","1259":"g","1260":"g","1261":"e","1262":"r","1263":".","1264":"i","1265":"n","1266":"f","1267":"o","1268":"(","1269":"`","1270":"I","1271":"n","1272":"i","1273":"t","1274":"i","1275":"a","1276":"l","1277":"i","1278":"z","1279":"e","1280":"d","1281":" ","1282":"w","1283":"i","1284":"t","1285":"h","1286":" ","1287":"$","1288":"{","1289":"a","1290":"g","1291":"e","1292":"n","1293":"t","1294":"s","1295":".","1296":"l","1297":"e","1298":"n","1299":"g","1300":"t","1301":"h","1302":"}","1303":" ","1304":"a","1305":"g","1306":"e","1307":"n","1308":"t","1309":"s","1310":"`","1311":")","1312":";","1313":"\\","1314":"n","1315":" ","1316":" ","1317":" ","1318":" ","1319":"}","1320":" ","1321":"c","1322":"a","1323":"t","1324":"c","1325":"h","1326":" ","1327":"(","1328":"e","1329":"r","1330":"r","1331":"o","1332":"r","1333":")","1334":" ","1335":"{","1336":"\\","1337":"n","1338":" ","1339":" ","1340":" ","1341":" ","1342":" ","1343":" ","1344":"l","1345":"o","1346":"g","1347":"g","1348":"e","1349":"r","1350":".","1351":"e","1352":"r","1353":"r","1354":"o","1355":"r","1356":"(","1357":"'","1358":"F","1359":"a","1360":"i","1361":"l","1362":"e","1363":"d","1364":" ","1365":"t","1366":"o","1367":" ","1368":"i","1369":"n","1370":"i","1371":"t","1372":"i","1373":"a","1374":"l","1375":"i","1376":"z","1377":"e","1378":" ","1379":"A","1380":"g","1381":"e","1382":"n","1383":"t","1384":"S","1385":"e","1386":"r","1387":"v","1388":"i","1389":"c","1390":"e","1391":"'","1392":",","1393":" ","1394":"e","1395":"r","1396":"r","1397":"o","1398":"r","1399":")","1400":";","1401":"\\","1402":"n","1403":" ","1404":" ","1405":" ","1406":" ","1407":" ","1408":" ","1409":"t","1410":"h","1411":"r","1412":"o","1413":"w","1414":" ","1415":"e","1416":"r","1417":"r","1418":"o","1419":"r","1420":";","1421":"\\","1422":"n","1423":" ","1424":" ","1425":" ","1426":" ","1427":"}","1428":"\\","1429":"n","1430":" ","1431":" ","1432":"}","1433":"\\","1434":"n","1435":"\\","1436":"n","1437":" ","1438":" ","1439":"/","1440":"*","1441":"*","1442":"\\","1443":"n","1444":" ","1445":" ","1446":" ","1447":"*","1448":" ","1449":"G","1450":"e","1451":"t","1452":" ","1453":"a","1454":"l","1455":"l","1456":" ","1457":"a","1458":"v","1459":"a","1460":"i","1461":"l","1462":"a","1463":"b","1464":"l","1465":"e","1466":" ","1467":"a","1468":"g","1469":"e","1470":"n","1471":"t","1472":"s","1473":"\\","1474":"n","1475":" ","1476":" ","1477":" ","1478":"*","1479":"/","1480":"\\","1481":"n","1482":" ","1483":" ","1484":"a","1485":"s","1486":"y","1487":"n","1488":"c","1489":" ","1490":"g","1491":"e","1492":"t","1493":"A","1494":"g","1495":"e","1496":"n","1497":"t","1498":"s","1499":"(","1500":")","1501":":","1502":" ","1503":"P","1504":"r","1505":"o","1506":"m","1507":"i","1508":"s","1509":"e","1510":"<","1511":"A","1512":"g","1513":"e","1514":"n","1515":"t","1516":"D","1517":"e","1518":"s","1519":"c","1520":"r","1521":"i","1522":"p","1523":"t","1524":"o","1525":"r","1526":"[","1527":"]","1528":">","1529":" ","1530":"{","1531":"\\","1532":"n","1533":" ","1534":" ","1535":" ","1536":" ","1537":"r","1538":"e","1539":"t","1540":"u","1541":"r","1542":"n","1543":" ","1544":"A","1545":"r","1546":"r","1547":"a","1548":"y","1549":".","1550":"f","1551":"r","1552":"o","1553":"m","1554":"(","1555":"t","1556":"h","1557":"i","1558":"s","1559":".","1560":"a","1561":"g","1562":"e","1563":"n","1564":"t","1565":"s","1566":".","1567":"v","1568":"a","1569":"l","1570":"u","1571":"e","1572":"s","1573":"(","1574":")","1575":")","1576":";","1577":"\\","1578":"n","1579":" ","1580":" ","1581":"}","1582":"\\","1583":"n","1584":"\\","1585":"n","1586":" ","1587":" ","1588":"/","1589":"*","1590":"*","1591":"\\","1592":"n","1593":" ","1594":" ","1595":" ","1596":"*","1597":" ","1598":"G","1599":"e","1600":"t","1601":" ","1602":"a","1603":" ","1604":"s","1605":"p","1606":"e","1607":"c","1608":"i","1609":"f","1610":"i","1611":"c","1612":" ","1613":"a","1614":"g","1615":"e","1616":"n","1617":"t","1618":" ","1619":"b","1620":"y","1621":" ","1622":"I","1623":"D","1624":"\\","1625":"n","1626":" ","1627":" ","1628":" ","1629":"*","1630":"/","1631":"\\","1632":"n","1633":" ","1634":" ","1635":"a","1636":"s","1637":"y","1638":"n","1639":"c","1640":" ","1641":"g","1642":"e","1643":"t","1644":"A","1645":"g","1646":"e","1647":"n","1648":"t","1649":"(","1650":"a","1651":"g","1652":"e","1653":"n","1654":"t","1655":"I","1656":"d","1657":":","1658":" ","1659":"s","1660":"t","1661":"r","1662":"i","1663":"n","1664":"g","1665":")","1666":":","1667":" ","1668":"P","1669":"r","1670":"o","1671":"m","1672":"i","1673":"s","1674":"e","1675":"<","1676":"A","1677":"g","1678":"e","1679":"n","1680":"t","1681":"D","1682":"e","1683":"s","1684":"c","1685":"r","1686":"i","1687":"p","1688":"t","1689":"o","1690":"r","1691":" ","1692":"|","1693":" ","1694":"u","1695":"n","1696":"d","1697":"e","1698":"f","1699":"i","1700":"n","1701":"e","1702":"d","1703":">","1704":" ","1705":"{","1706":"\\","1707":"n","1708":" ","1709":" ","1710":" ","1711":" ","1712":"r","1713":"e","1714":"t","1715":"u","1716":"r","1717":"n","1718":" ","1719":"t","1720":"h","1721":"i","1722":"s","1723":".","1724":"a","1725":"g","1726":"e","1727":"n","1728":"t","1729":"s","1730":".","1731":"g","1732":"e","1733":"t","1734":"(","1735":"a","1736":"g","1737":"e","1738":"n","1739":"t","1740":"I","1741":"d","1742":")","1743":";","1744":"\\","1745":"n","1746":" ","1747":" ","1748":"}","1749":"\\","1750":"n","1751":"\\","1752":"n","1753":" ","1754":" ","1755":"/","1756":"*","1757":"*","1758":"\\","1759":"n","1760":" ","1761":" ","1762":" ","1763":"*","1764":" ","1765":"C","1766":"r","1767":"e","1768":"a","1769":"t","1770":"e","1771":" ","1772":"a","1773":" ","1774":"n","1775":"e","1776":"w","1777":" ","1778":"s","1779":"e","1780":"s","1781":"s","1782":"i","1783":"o","1784":"n","1785":" ","1786":"w","1787":"i","1788":"t","1789":"h","1790":" ","1791":"a","1792":"n","1793":" ","1794":"a","1795":"g","1796":"e","1797":"n","1798":"t","1799":"\\","1800":"n","1801":" ","1802":" ","1803":" ","1804":"*","1805":"/","1806":"\\","1807":"n","1808":" ","1809":" ","1810":"a","1811":"s","1812":"y","1813":"n","1814":"c","1815":" ","1816":"c","1817":"r","1818":"e","1819":"a","1820":"t","1821":"e","1822":"S","1823":"e","1824":"s","1825":"s","1826":"i","1827":"o","1828":"n","1829":"(","1830":"a","1831":"g","1832":"e","1833":"n","1834":"t","1835":"I","1836":"d","1837":":","1838":" ","1839":"s","1840":"t","1841":"r","1842":"i","1843":"n","1844":"g","1845":",","1846":" ","1847":"c","1848":"o","1849":"n","1850":"t","1851":"e","1852":"x","1853":"t","1854":":","1855":" ","1856":"R","1857":"e","1858":"c","1859":"o","1860":"r","1861":"d","1862":"<","1863":"s","1864":"t","1865":"r","1866":"i","1867":"n","1868":"g","1869":",","1870":" ","1871":"a","1872":"n","1873":"y","1874":">","1875":" ","1876":"=","1877":" ","1878":"{","1879":"}","1880":")","1881":":","1882":" ","1883":"P","1884":"r","1885":"o","1886":"m","1887":"i","1888":"s","1889":"e","1890":"<","1891":"S","1892":"e","1893":"s","1894":"s","1895":"i","1896":"o","1897":"n","1898":"D","1899":"e","1900":"s","1901":"c","1902":"r","1903":"i","1904":"p","1905":"t","1906":"o","1907":"r","1908":">","1909":" ","1910":"{","1911":"\\","1912":"n","1913":" ","1914":" ","1915":" ","1916":" ","1917":"t","1918":"r","1919":"y","1920":" ","1921":"{","1922":"\\","1923":"n","1924":" ","1925":" ","1926":" ","1927":" ","1928":" ","1929":" ","1930":"c","1931":"o","1932":"n","1933":"s","1934":"t","1935":" ","1936":"a","1937":"g","1938":"e","1939":"n","1940":"t","1941":" ","1942":"=","1943":" ","1944":"a","1945":"w","1946":"a","1947":"i","1948":"t","1949":" ","1950":"t","1951":"h","1952":"i","1953":"s","1954":".","1955":"g","1956":"e","1957":"t","1958":"A","1959":"g","1960":"e","1961":"n","1962":"t","1963":"(","1964":"a","1965":"g","1966":"e","1967":"n","1968":"t","1969":"I","1970":"d","1971":")","1972":";","1973":"\\","1974":"n","1975":" ","1976":" ","1977":" ","1978":" ","1979":" ","1980":" ","1981":"i","1982":"f","1983":" ","1984":"(","1985":"!","1986":"a","1987":"g","1988":"e","1989":"n","1990":"t","1991":")","1992":" ","1993":"{","1994":"\\","1995":"n","1996":" ","1997":" ","1998":" ","1999":" ","2000":" ","2001":" ","2002":" ","2003":" ","2004":"t","2005":"h","2006":"r","2007":"o","2008":"w","2009":" ","2010":"n","2011":"e","2012":"w","2013":" ","2014":"E","2015":"r","2016":"r","2017":"o","2018":"r","2019":"(","2020":"`","2021":"A","2022":"g","2023":"e","2024":"n","2025":"t","2026":" ","2027":"w","2028":"i","2029":"t","2030":"h","2031":" ","2032":"I","2033":"D","2034":" ","2035":"$","2036":"{","2037":"a","2038":"g","2039":"e","2040":"n","2041":"t","2042":"I","2043":"d","2044":"}","2045":" ","2046":"n","2047":"o","2048":"t","2049":" ","2050":"f","2051":"o","2052":"u","2053":"n","2054":"d","2055":"`","2056":")","2057":";","2058":"\\","2059":"n","2060":" ","2061":" ","2062":" ","2063":" ","2064":" ","2065":" ","2066":"}","2067":"\\","2068":"n","2069":"\\","2070":"n","2071":" ","2072":" ","2073":" ","2074":" ","2075":" ","2076":" ","2077":"c","2078":"o","2079":"n","2080":"s","2081":"t","2082":" ","2083":"s","2084":"e","2085":"s","2086":"s","2087":"i","2088":"o","2089":"n","2090":" ","2091":"=","2092":" ","2093":"a","2094":"w","2095":"a","2096":"i","2097":"t","2098":" ","2099":"t","2100":"h","2101":"i","2102":"s","2103":".","2104":"d","2105":"u","2106":"s","2107":"t","2108":"A","2109":"p","2110":"i","2111":"S","2112":"e","2113":"r","2114":"v","2115":"i","2116":"c","2117":"e","2118":".","2119":"c","2120":"r","2121":"e","2122":"a","2123":"t","2124":"e","2125":"S","2126":"e","2127":"s","2128":"s","2129":"i","2130":"o","2131":"n","2132":"(","2133":"a","2134":"g","2135":"e","2136":"n","2137":"t","2138":"I","2139":"d","2140":",","2141":" ","2142":"c","2143":"o","2144":"n","2145":"t","2146":"e","2147":"x","2148":"t","2149":")","2150":";","2151":"\\","2152":"n","2153":" ","2154":" ","2155":" ","2156":" ","2157":" ","2158":" ","2159":"c","2160":"o","2161":"n","2162":"s","2163":"t","2164":" ","2165":"n","2166":"o","2167":"w","2168":" ","2169":"=","2170":" ","2171":"n","2172":"e","2173":"w","2174":" ","2175":"D","2176":"a","2177":"t","2178":"e","2179":"(","2180":")","2181":".","2182":"t","2183":"o","2184":"I","2185":"S","2186":"O","2187":"S","2188":"t","2189":"r","2190":"i","2191":"n","2192":"g","2193":"(","2194":")","2195":";","2196":"\\","2197":"n","2198":" ","2199":" ","2200":" ","2201":" ","2202":" ","2203":" ","2204":"c","2205":"o","2206":"n","2207":"s","2208":"t","2209":" ","2210":"s","2211":"e","2212":"s","2213":"s","2214":"i","2215":"o","2216":"n","2217":"D","2218":"e","2219":"s","2220":"c","2221":"r","2222":"i","2223":"p","2224":"t","2225":"o","2226":"r","2227":":","2228":" ","2229":"S","2230":"e","2231":"s","2232":"s","2233":"i","2234":"o","2235":"n","2236":"D","2237":"e","2238":"s","2239":"c","2240":"r","2241":"i","2242":"p","2243":"t","2244":"o","2245":"r","2246":" ","2247":"=","2248":" ","2249":"{","2250":"\\","2251":"n","2252":" ","2253":" ","2254":" ","2255":" ","2256":" ","2257":" ","2258":" ","2259":" ","2260":".","2261":".","2262":".","2263":"s","2264":"e","2265":"s","2266":"s","2267":"i","2268":"o","2269":"n","2270":",","2271":"\\","2272":"n","2273":" ","2274":" ","2275":" ","2276":" ","2277":" ","2278":" ","2279":" ","2280":" ","2281":"i","2282":"s","2283":"A","2284":"c","2285":"t","2286":"i","2287":"v","2288":"e","2289":":","2290":" ","2291":"t","2292":"r","2293":"u","2294":"e","2295":",","2296":"\\","2297":"n","2298":" ","2299":" ","2300":" ","2301":" ","2302":" ","2303":" ","2304":" ","2305":" ","2306":"c","2307":"r","2308":"e","2309":"a","2310":"t","2311":"e","2312":"d","2313":"A","2314":"t","2315":":","2316":" ","2317":"n","2318":"o","2319":"w","2320":",","2321":"\\","2322":"n","2323":" ","2324":" ","2325":" ","2326":" ","2327":" ","2328":" ","2329":" ","2330":" ","2331":"l","2332":"a","2333":"s","2334":"t","2335":"A","2336":"c","2337":"t","2338":"i","2339":"v","2340":"i","2341":"t","2342":"y","2343":":","2344":" ","2345":"n","2346":"o","2347":"w","2348":"\\","2349":"n","2350":" ","2351":" ","2352":" ","2353":" ","2354":" ","2355":" ","2356":"}","2357":";","2358":"\\","2359":"n","2360":"\\","2361":"n","2362":" ","2363":" ","2364":" ","2365":" ","2366":" ","2367":" ","2368":"t","2369":"h","2370":"i","2371":"s","2372":".","2373":"s","2374":"e","2375":"s","2376":"s","2377":"i","2378":"o","2379":"n","2380":"s","2381":".","2382":"s","2383":"e","2384":"t","2385":"(","2386":"s","2387":"e","2388":"s","2389":"s","2390":"i","2391":"o","2392":"n","2393":".","2394":"i","2395":"d","2396":",","2397":" ","2398":"s","2399":"e","2400":"s","2401":"s","2402":"i","2403":"o","2404":"n","2405":"D","2406":"e","2407":"s","2408":"c","2409":"r","2410":"i","2411":"p","2412":"t","2413":"o","2414":"r","2415":")","2416":";","2417":"\\","2418":"n","2419":" ","2420":" ","2421":" ","2422":" ","2423":" ","2424":" ","2425":"r","2426":"e","2427":"t","2428":"u","2429":"r","2430":"n","2431":" ","2432":"s","2433":"e","2434":"s","2435":"s","2436":"i","2437":"o","2438":"n","2439":"D","2440":"e","2441":"s","2442":"c","2443":"r","2444":"i","2445":"p","2446":"t","2447":"o","2448":"r","2449":";","2450":"\\","2451":"n","2452":" ","2453":" ","2454":" ","2455":" ","2456":"}","2457":" ","2458":"c","2459":"a","2460":"t","2461":"c","2462":"h","2463":" ","2464":"(","2465":"e","2466":"r","2467":"r","2468":"o","2469":"r","2470":")","2471":" ","2472":"{","2473":"\\","2474":"n","2475":" ","2476":" ","2477":" ","2478":" ","2479":" ","2480":" ","2481":"l","2482":"o","2483":"g","2484":"g","2485":"e","2486":"r","2487":".","2488":"e","2489":"r","2490":"r","2491":"o","2492":"r","2493":"(","2494":"`","2495":"F","2496":"a","2497":"i","2498":"l","2499":"e","2500":"d","2501":" ","2502":"t","2503":"o","2504":" ","2505":"c","2506":"r","2507":"e","2508":"a","2509":"t","2510":"e","2511":" ","2512":"s","2513":"e","2514":"s","2515":"s","2516":"i","2517":"o","2518":"n","2519":" ","2520":"f","2521":"o","2522":"r","2523":" ","2524":"a","2525":"g","2526":"e","2527":"n","2528":"t","2529":" ","2530":"$","2531":"{","2532":"a","2533":"g","2534":"e","2535":"n","2536":"t","2537":"I","2538":"d","2539":"}","2540":"`","2541":",","2542":" ","2543":"e","2544":"r","2545":"r","2546":"o","2547":"r","2548":")","2549":";","2550":"\\","2551":"n","2552":" ","2553":" ","2554":" ","2555":" ","2556":" ","2557":" ","2558":"t","2559":"h","2560":"r","2561":"o","2562":"w","2563":" ","2564":"e","2565":"r","2566":"r","2567":"o","2568":"r","2569":";","2570":"\\","2571":"n","2572":" ","2573":" ","2574":" ","2575":" ","2576":"}","2577":"\\","2578":"n","2579":" ","2580":" ","2581":"}","2582":"\\","2583":"n","2584":"\\","2585":"n","2586":" ","2587":" ","2588":"/","2589":"*","2590":"*","2591":"\\","2592":"n","2593":" ","2594":" ","2595":" ","2596":"*","2597":" ","2598":"S","2599":"e","2600":"n","2601":"d","2602":" ","2603":"a","2604":" ","2605":"m","2606":"e","2607":"s","2608":"s","2609":"a","2610":"g","2611":"e","2612":" ","2613":"t","2614":"o","2615":" ","2616":"a","2617":"n","2618":" ","2619":"a","2620":"g","2621":"e","2622":"n","2623":"t","2624":" ","2625":"i","2626":"n","2627":" ","2628":"a","2629":" ","2630":"s","2631":"e","2632":"s","2633":"s","2634":"i","2635":"o","2636":"n","2637":"\\","2638":"n","2639":" ","2640":" ","2641":" ","2642":"*","2643":"/","2644":"\\","2645":"n","2646":" ","2647":" ","2648":"a","2649":"s","2650":"y","2651":"n","2652":"c","2653":" ","2654":"s","2655":"e","2656":"n","2657":"d","2658":"M","2659":"e","2660":"s","2661":"s","2662":"a","2663":"g","2664":"e","2665":"(","2666":"\\","2667":"n","2668":" ","2669":" ","2670":" ","2671":" ","2672":"s","2673":"e","2674":"s","2675":"s","2676":"i","2677":"o","2678":"n","2679":"I","2680":"d","2681":":","2682":" ","2683":"s","2684":"t","2685":"r","2686":"i","2687":"n","2688":"g","2689":",","2690":"\\","2691":"n","2692":" ","2693":" ","2694":" ","2695":" ","2696":"m","2697":"e","2698":"s","2699":"s","2700":"a","2701":"g","2702":"e","2703":":","2704":" ","2705":"s","2706":"t","2707":"r","2708":"i","2709":"n","2710":"g","2711":",","2712":"\\","2713":"n","2714":" ","2715":" ","2716":" ","2717":" ","2718":"f","2719":"i","2720":"l","2721":"e","2722":"s","2723":":","2724":" ","2725":"A","2726":"r","2727":"r","2728":"a","2729":"y","2730":"<","2731":"{","2732":" ","2733":"n","2734":"a","2735":"m","2736":"e","2737":":","2738":" ","2739":"s","2740":"t","2741":"r","2742":"i","2743":"n","2744":"g","2745":";","2746":" ","2747":"c","2748":"o","2749":"n","2750":"t","2751":"e","2752":"n","2753":"t","2754":":","2755":" ","2756":"s","2757":"t","2758":"r","2759":"i","2760":"n","2761":"g","2762":" ","2763":"}","2764":">","2765":" ","2766":"=","2767":" ","2768":"[","2769":"]","2770":"\\","2771":"n","2772":" ","2773":" ","2774":")","2775":":","2776":" ","2777":"P","2778":"r","2779":"o","2780":"m","2781":"i","2782":"s","2783":"e","2784":"<","2785":"D","2786":"u","2787":"s","2788":"t","2789":"M","2790":"e","2791":"s","2792":"s","2793":"a","2794":"g","2795":"e","2796":"R","2797":"e","2798":"s","2799":"p","2800":"o","2801":"n","2802":"s","2803":"e","2804":">","2805":" ","2806":"{","2807":"\\","2808":"n","2809":" ","2810":" ","2811":" ","2812":" ","2813":"t","2814":"r","2815":"y","2816":" ","2817":"{","2818":"\\","2819":"n","2820":" ","2821":" ","2822":" ","2823":" ","2824":" ","2825":" ","2826":"c","2827":"o","2828":"n","2829":"s","2830":"t","2831":" ","2832":"s","2833":"e","2834":"s","2835":"s","2836":"i","2837":"o","2838":"n","2839":" ","2840":"=","2841":" ","2842":"t","2843":"h","2844":"i","2845":"s","2846":".","2847":"s","2848":"e","2849":"s","2850":"s","2851":"i","2852":"o","2853":"n","2854":"s","2855":".","2856":"g","2857":"e","2858":"t","2859":"(","2860":"s","2861":"e","2862":"s","2863":"s","2864":"i","2865":"o","2866":"n","2867":"I","2868":"d","2869":")","2870":";","2871":"\\","2872":"n","2873":" ","2874":" ","2875":" ","2876":" ","2877":" ","2878":" ","2879":"i","2880":"f","2881":" ","2882":"(","2883":"!","2884":"s","2885":"e","2886":"s","2887":"s","2888":"i","2889":"o","2890":"n","2891":")","2892":" ","2893":"{","2894":"\\","2895":"n","2896":" ","2897":" ","2898":" ","2899":" ","2900":" ","2901":" ","2902":" ","2903":" ","2904":"t","2905":"h","2906":"r","2907":"o","2908":"w","2909":" ","2910":"n","2911":"e","2912":"w","2913":" ","2914":"E","2915":"r","2916":"r","2917":"o","2918":"r","2919":"(","2920":"`","2921":"S","2922":"e","2923":"s","2924":"s","2925":"i","2926":"o","2927":"n","2928":" ","2929":"w","2930":"i","2931":"t","2932":"h","2933":" ","2934":"I","2935":"D","2936":" ","2937":"$","2938":"{","2939":"s","2940":"e","2941":"s","2942":"s","2943":"i","2944":"o","2945":"n","2946":"I","2947":"d","2948":"}","2949":" ","2950":"n","2951":"o","2952":"t","2953":" ","2954":"f","2955":"o","2956":"u","2957":"n","2958":"d","2959":"`","2960":")","2961":";","2962":"\\","2963":"n","2964":" ","2965":" ","2966":" ","2967":" ","2968":" ","2969":" ","2970":"}","2971":"\\","2972":"n","2973":" ","2974":" ","2975":" ","2976":" ","2977":" ","2978":" ","2979":"\\","2980":"n","2981":" ","2982":" ","2983":" ","2984":" ","2985":" ","2986":" ","2987":"c","2988":"o","2989":"n","2990":"s","2991":"t","2992":" ","2993":"r","2994":"e","2995":"s","2996":"p","2997":"o","2998":"n","2999":"s","3000":"e","3001":" ","3002":"=","3003":" ","3004":"a","3005":"w","3006":"a","3007":"i","3008":"t","3009":" ","3010":"t","3011":"h","3012":"i","3013":"s","3014":".","3015":"d","3016":"u","3017":"s","3018":"t","3019":"A","3020":"p","3021":"i","3022":"S","3023":"e","3024":"r","3025":"v","3026":"i","3027":"c","3028":"e","3029":".","3030":"s","3031":"e","3032":"n","3033":"d","3034":"M","3035":"e","3036":"s","3037":"s","3038":"a","3039":"g","3040":"e","3041":"(","3042":"s","3043":"e","3044":"s","3045":"s","3046":"i","3047":"o","3048":"n","3049":"I","3050":"d","3051":",","3052":" ","3053":"m","3054":"e","3055":"s","3056":"s","3057":"a","3058":"g","3059":"e","3060":",","3061":" ","3062":"f","3063":"i","3064":"l","3065":"e","3066":"s","3067":")","3068":";","3069":"\\","3070":"n","3071":" ","3072":" ","3073":" ","3074":" ","3075":" ","3076":" ","3077":"\\","3078":"n","3079":" ","3080":" ","3081":" ","3082":" ","3083":" ","3084":" ","3085":"/","3086":"/","3087":" ","3088":"U","3089":"p","3090":"d","3091":"a","3092":"t","3093":"e","3094":" ","3095":"l","3096":"a","3097":"s","3098":"t","3099":" ","3100":"a","3101":"c","3102":"t","3103":"i","3104":"v","3105":"i","3106":"t","3107":"y","3108":"\\","3109":"n","3110":" ","3111":" ","3112":" ","3113":" ","3114":" ","3115":" ","3116":"s","3117":"e","3118":"s","3119":"s","3120":"i","3121":"o","3122":"n","3123":".","3124":"l","3125":"a","3126":"s","3127":"t","3128":"A","3129":"c","3130":"t","3131":"i","3132":"v","3133":"i","3134":"t","3135":"y","3136":" ","3137":"=","3138":" ","3139":"n","3140":"e","3141":"w","3142":" ","3143":"D","3144":"a","3145":"t","3146":"e","3147":"(","3148":")","3149":".","3150":"t","3151":"o","3152":"I","3153":"S","3154":"O","3155":"S","3156":"t","3157":"r","3158":"i","3159":"n","3160":"g","3161":"(","3162":")","3163":";","3164":"\\","3165":"n","3166":" ","3167":" ","3168":" ","3169":" ","3170":" ","3171":" ","3172":"\\","3173":"n","3174":" ","3175":" ","3176":" ","3177":" ","3178":" ","3179":" ","3180":"r","3181":"e","3182":"t","3183":"u","3184":"r","3185":"n","3186":" ","3187":"r","3188":"e","3189":"s","3190":"p","3191":"o","3192":"n","3193":"s","3194":"e","3195":";","3196":"\\","3197":"n","3198":" ","3199":" ","3200":" ","3201":" ","3202":"}","3203":" ","3204":"c","3205":"a","3206":"t","3207":"c","3208":"h","3209":" ","3210":"(","3211":"e","3212":"r","3213":"r","3214":"o","3215":"r","3216":")","3217":" ","3218":"{","3219":"\\","3220":"n","3221":" ","3222":" ","3223":" ","3224":" ","3225":" ","3226":" ","3227":"c","3228":"o","3229":"n","3230":"s","3231":"t","3232":" ","3233":"e","3234":"r","3235":"r","3236":"o","3237":"r","3238":"M","3239":"e","3240":"s","3241":"s","3242":"a","3243":"g","3244":"e","3245":" ","3246":"=","3247":" ","3248":"e","3249":"r","3250":"r","3251":"o","3252":"r","3253":" ","3254":"i","3255":"n","3256":"s","3257":"t","3258":"a","3259":"n","3260":"c","3261":"e","3262":"o","3263":"f","3264":" ","3265":"E","3266":"r","3267":"r","3268":"o","3269":"r","3270":" ","3271":"?","3272":" ","3273":"e","3274":"r","3275":"r","3276":"o","3277":"r","3278":".","3279":"m","3280":"e","3281":"s","3282":"s","3283":"a","3284":"g","3285":"e","3286":" ","3287":":","3288":" ","3289":"'","3290":"U","3291":"n","3292":"k","3293":"n","3294":"o","3295":"w","3296":"n","3297":" ","3298":"e","3299":"r","3300":"r","3301":"o","3302":"r","3303":"'","3304":";","3305":"\\","3306":"n","3307":" ","3308":" ","3309":" ","3310":" ","3311":" ","3312":" ","3313":"l","3314":"o","3315":"g","3316":"g","3317":"e","3318":"r","3319":".","3320":"e","3321":"r","3322":"r","3323":"o","3324":"r","3325":"(","3326":"`","3327":"F","3328":"a","3329":"i","3330":"l","3331":"e","3332":"d","3333":" ","3334":"t","3335":"o","3336":" ","3337":"s","3338":"e","3339":"n","3340":"d","3341":" ","3342":"m","3343":"e","3344":"s","3345":"s","3346":"a","3347":"g","3348":"e","3349":" ","3350":"i","3351":"n","3352":" ","3353":"s","3354":"e","3355":"s","3356":"s","3357":"i","3358":"o","3359":"n","3360":" ","3361":"$","3362":"{","3363":"s","3364":"e","3365":"s","3366":"s","3367":"i","3368":"o","3369":"n","3370":"I","3371":"d","3372":"}","3373":":","3374":" ","3375":"$","3376":"{","3377":"e","3378":"r","3379":"r","3380":"o","3381":"r","3382":"M","3383":"e","3384":"s","3385":"s","3386":"a","3387":"g","3388":"e","3389":"}","3390":"`","3391":")","3392":";","3393":"\\","3394":"n","3395":" ","3396":" ","3397":" ","3398":" ","3399":" ","3400":" ","3401":"t","3402":"h","3403":"r","3404":"o","3405":"w","3406":" ","3407":"e","3408":"r","3409":"r","3410":"o","3411":"r","3412":";","3413":"\\","3414":"n","3415":" ","3416":" ","3417":" ","3418":" ","3419":"}","3420":"\\","3421":"n","3422":" ","3423":" ","3424":"}","3425":"\\","3426":"n","3427":"\\","3428":"n","3429":" ","3430":" ","3431":"/","3432":"*","3433":"*","3434":"\\","3435":"n","3436":" ","3437":" ","3438":" ","3439":"*","3440":" ","3441":"E","3442":"n","3443":"d","3444":" ","3445":"a","3446":"n","3447":" ","3448":"a","3449":"c","3450":"t","3451":"i","3452":"v","3453":"e","3454":" ","3455":"s","3456":"e","3457":"s","3458":"s","3459":"i","3460":"o","3461":"n","3462":"\\","3463":"n","3464":" ","3465":" ","3466":" ","3467":"*","3468":"/","3469":"\\","3470":"n","3471":" ","3472":" ","3473":"a","3474":"s","3475":"y","3476":"n","3477":"c","3478":" ","3479":"e","3480":"n","3481":"d","3482":"S","3483":"e","3484":"s","3485":"s","3486":"i","3487":"o","3488":"n","3489":"(","3490":"s","3491":"e","3492":"s","3493":"s","3494":"i","3495":"o","3496":"n","3497":"I","3498":"d","3499":":","3500":" ","3501":"s","3502":"t","3503":"r","3504":"i","3505":"n","3506":"g","3507":")","3508":":","3509":" ","3510":"P","3511":"r","3512":"o","3513":"m","3514":"i","3515":"s","3516":"e","3517":"<","3518":"v","3519":"o","3520":"i","3521":"d","3522":">","3523":" ","3524":"{","3525":"\\","3526":"n","3527":" ","3528":" ","3529":" ","3530":" ","3531":"t","3532":"r","3533":"y","3534":" ","3535":"{","3536":"\\","3537":"n","3538":" ","3539":" ","3540":" ","3541":" ","3542":" ","3543":" ","3544":"c","3545":"o","3546":"n","3547":"s","3548":"t","3549":" ","3550":"s","3551":"e","3552":"s","3553":"s","3554":"i","3555":"o","3556":"n","3557":" ","3558":"=","3559":" ","3560":"t","3561":"h","3562":"i","3563":"s","3564":".","3565":"s","3566":"e","3567":"s","3568":"s","3569":"i","3570":"o","3571":"n","3572":"s","3573":".","3574":"g","3575":"e","3576":"t","3577":"(","3578":"s","3579":"e","3580":"s","3581":"s","3582":"i","3583":"o","3584":"n","3585":"I","3586":"d","3587":")","3588":";","3589":"\\","3590":"n","3591":" ","3592":" ","3593":" ","3594":" ","3595":" ","3596":" ","3597":"i","3598":"f","3599":" ","3600":"(","3601":"!","3602":"s","3603":"e","3604":"s","3605":"s","3606":"i","3607":"o","3608":"n","3609":")","3610":" ","3611":"{","3612":"\\","3613":"n","3614":" ","3615":" ","3616":" ","3617":" ","3618":" ","3619":" ","3620":" ","3621":" ","3622":"t","3623":"h","3624":"r","3625":"o","3626":"w","3627":" ","3628":"n","3629":"e","3630":"w","3631":" ","3632":"E","3633":"r","3634":"r","3635":"o","3636":"r","3637":"(","3638":"`","3639":"S","3640":"e","3641":"s","3642":"s","3643":"i","3644":"o","3645":"n","3646":" ","3647":"w","3648":"i","3649":"t","3650":"h","3651":" ","3652":"I","3653":"D","3654":" ","3655":"$","3656":"{","3657":"s","3658":"e","3659":"s","3660":"s","3661":"i","3662":"o","3663":"n","3664":"I","3665":"d","3666":"}","3667":" ","3668":"n","3669":"o","3670":"t","3671":" ","3672":"f","3673":"o","3674":"u","3675":"n","3676":"d","3677":"`","3678":")","3679":";","3680":"\\","3681":"n","3682":" ","3683":" ","3684":" ","3685":" ","3686":" ","3687":" ","3688":"}","3689":"\\","3690":"n","3691":"\\","3692":"n","3693":" ","3694":" ","3695":" ","3696":" ","3697":" ","3698":" ","3699":"a","3700":"w","3701":"a","3702":"i","3703":"t","3704":" ","3705":"t","3706":"h","3707":"i","3708":"s","3709":".","3710":"d","3711":"u","3712":"s","3713":"t","3714":"A","3715":"p","3716":"i","3717":"S","3718":"e","3719":"r","3720":"v","3721":"i","3722":"c","3723":"e","3724":".","3725":"e","3726":"n","3727":"d","3728":"S","3729":"e","3730":"s","3731":"s","3732":"i","3733":"o","3734":"n","3735":"(","3736":"s","3737":"e","3738":"s","3739":"s","3740":"i","3741":"o","3742":"n","3743":"I","3744":"d","3745":")","3746":";","3747":"\\","3748":"n","3749":" ","3750":" ","3751":" ","3752":" ","3753":" ","3754":" ","3755":"s","3756":"e","3757":"s","3758":"s","3759":"i","3760":"o","3761":"n","3762":".","3763":"i","3764":"s","3765":"A","3766":"c","3767":"t","3768":"i","3769":"v","3770":"e","3771":" ","3772":"=","3773":" ","3774":"f","3775":"a","3776":"l","3777":"s","3778":"e","3779":";","3780":"\\","3781":"n","3782":" ","3783":" ","3784":" ","3785":" ","3786":" ","3787":" ","3788":"t","3789":"h","3790":"i","3791":"s","3792":".","3793":"s","3794":"e","3795":"s","3796":"s","3797":"i","3798":"o","3799":"n","3800":"s","3801":".","3802":"d","3803":"e","3804":"l","3805":"e","3806":"t","3807":"e","3808":"(","3809":"s","3810":"e","3811":"s","3812":"s","3813":"i","3814":"o","3815":"n","3816":"I","3817":"d","3818":")","3819":";","3820":"\\","3821":"n","3822":" ","3823":" ","3824":" ","3825":" ","3826":"}","3827":" ","3828":"c","3829":"a","3830":"t","3831":"c","3832":"h","3833":" ","3834":"(","3835":"e","3836":"r","3837":"r","3838":"o","3839":"r","3840":")","3841":" ","3842":"{","3843":"\\","3844":"n","3845":" ","3846":" ","3847":" ","3848":" ","3849":" ","3850":" ","3851":"c","3852":"o","3853":"n","3854":"s","3855":"t","3856":" ","3857":"e","3858":"r","3859":"r","3860":"o","3861":"r","3862":"M","3863":"e","3864":"s","3865":"s","3866":"a","3867":"g","3868":"e","3869":" ","3870":"=","3871":" ","3872":"e","3873":"r","3874":"r","3875":"o","3876":"r","3877":" ","3878":"i","3879":"n","3880":"s","3881":"t","3882":"a","3883":"n","3884":"c","3885":"e","3886":"o","3887":"f","3888":" ","3889":"E","3890":"r","3891":"r","3892":"o","3893":"r","3894":" ","3895":"?","3896":" ","3897":"e","3898":"r","3899":"r","3900":"o","3901":"r","3902":".","3903":"m","3904":"e","3905":"s","3906":"s","3907":"a","3908":"g","3909":"e","3910":" ","3911":":","3912":" ","3913":"'","3914":"U","3915":"n","3916":"k","3917":"n","3918":"o","3919":"w","3920":"n","3921":" ","3922":"e","3923":"r","3924":"r","3925":"o","3926":"r","3927":"'","3928":";","3929":"\\","3930":"n","3931":" ","3932":" ","3933":" ","3934":" ","3935":" ","3936":" ","3937":"l","3938":"o","3939":"g","3940":"g","3941":"e","3942":"r","3943":".","3944":"e","3945":"r","3946":"r","3947":"o","3948":"r","3949":"(","3950":"`","3951":"F","3952":"a","3953":"i","3954":"l","3955":"e","3956":"d","3957":" ","3958":"t","3959":"o","3960":" ","3961":"e","3962":"n","3963":"d","3964":" ","3965":"s","3966":"e","3967":"s","3968":"s","3969":"i","3970":"o","3971":"n","3972":" ","3973":"$","3974":"{","3975":"s","3976":"e","3977":"s","3978":"s","3979":"i","3980":"o","3981":"n","3982":"I","3983":"d","3984":"}","3985":":","3986":" ","3987":"$","3988":"{","3989":"e","3990":"r","3991":"r","3992":"o","3993":"r","3994":"M","3995":"e","3996":"s","3997":"s","3998":"a","3999":"g","4000":"e","4001":"}","4002":"`","4003":")","4004":";","4005":"\\","4006":"n","4007":" ","4008":" ","4009":" ","4010":" ","4011":" ","4012":" ","4013":"t","4014":"h","4015":"r","4016":"o","4017":"w","4018":" ","4019":"e","4020":"r","4021":"r","4022":"o","4023":"r","4024":";","4025":"\\","4026":"n","4027":" ","4028":" ","4029":" ","4030":" ","4031":"}","4032":"\\","4033":"n","4034":" ","4035":" ","4036":"}","4037":"\\","4038":"n","4039":"\\","4040":"n","4041":" ","4042":" ","4043":"/","4044":"*","4045":"*","4046":"\\","4047":"n","4048":" ","4049":" ","4050":" ","4051":"*","4052":" ","4053":"G","4054":"e","4055":"t","4056":" ","4057":"a","4058":"n","4059":" ","4060":"a","4061":"c","4062":"t","4063":"i","4064":"v","4065":"e","4066":" ","4067":"s","4068":"e","4069":"s","4070":"s","4071":"i","4072":"o","4073":"n","4074":" ","4075":"b","4076":"y","4077":" ","4078":"I","4079":"D","4080":"\\","4081":"n","4082":" ","4083":" ","4084":" ","4085":"*","4086":"/","4087":"\\","4088":"n","4089":" ","4090":" ","4091":"a","4092":"s","4093":"y","4094":"n","4095":"c","4096":" ","4097":"g","4098":"e","4099":"t","4100":"S","4101":"e","4102":"s","4103":"s","4104":"i","4105":"o","4106":"n","4107":"(","4108":"s","4109":"e","4110":"s","4111":"s","4112":"i","4113":"o","4114":"n","4115":"I","4116":"d","4117":":","4118":" ","4119":"s","4120":"t","4121":"r","4122":"i","4123":"n","4124":"g","4125":")","4126":":","4127":" ","4128":"P","4129":"r","4130":"o","4131":"m","4132":"i","4133":"s","4134":"e","4135":"<","4136":"S","4137":"e","4138":"s","4139":"s","4140":"i","4141":"o","4142":"n","4143":"D","4144":"e","4145":"s","4146":"c","4147":"r","4148":"i","4149":"p","4150":"t","4151":"o","4152":"r","4153":" ","4154":"|","4155":" ","4156":"u","4157":"n","4158":"d","4159":"e","4160":"f","4161":"i","4162":"n","4163":"e","4164":"d","4165":">","4166":" ","4167":"{","4168":"\\","4169":"n","4170":" ","4171":" ","4172":" ","4173":" ","4174":"r","4175":"e","4176":"t","4177":"u","4178":"r","4179":"n","4180":" ","4181":"t","4182":"h","4183":"i","4184":"s","4185":".","4186":"s","4187":"e","4188":"s","4189":"s","4190":"i","4191":"o","4192":"n","4193":"s","4194":".","4195":"g","4196":"e","4197":"t","4198":"(","4199":"s","4200":"e","4201":"s","4202":"s","4203":"i","4204":"o","4205":"n","4206":"I","4207":"d","4208":")","4209":";","4210":"\\","4211":"n","4212":" ","4213":" ","4214":"}","4215":"\\","4216":"n","4217":"\\","4218":"n","4219":" ","4220":" ","4221":"/","4222":"*","4223":"*","4224":"\\","4225":"n","4226":" ","4227":" ","4228":" ","4229":"*","4230":" ","4231":"G","4232":"e","4233":"t","4234":" ","4235":"a","4236":"l","4237":"l","4238":" ","4239":"a","4240":"c","4241":"t","4242":"i","4243":"v","4244":"e","4245":" ","4246":"s","4247":"e","4248":"s","4249":"s","4250":"i","4251":"o","4252":"n","4253":"s","4254":"\\","4255":"n","4256":" ","4257":" ","4258":" ","4259":"*","4260":"/","4261":"\\","4262":"n","4263":" ","4264":" ","4265":"a","4266":"s","4267":"y","4268":"n","4269":"c","4270":" ","4271":"g","4272":"e","4273":"t","4274":"A","4275":"c","4276":"t","4277":"i","4278":"v","4279":"e","4280":"S","4281":"e","4282":"s","4283":"s","4284":"i","4285":"o","4286":"n","4287":"s","4288":"(","4289":")","4290":":","4291":" ","4292":"P","4293":"r","4294":"o","4295":"m","4296":"i","4297":"s","4298":"e","4299":"<","4300":"S","4301":"e","4302":"s","4303":"s","4304":"i","4305":"o","4306":"n","4307":"D","4308":"e","4309":"s","4310":"c","4311":"r","4312":"i","4313":"p","4314":"t","4315":"o","4316":"r","4317":"[","4318":"]","4319":">","4320":" ","4321":"{","4322":"\\","4323":"n","4324":" ","4325":" ","4326":" ","4327":" ","4328":"r","4329":"e","4330":"t","4331":"u","4332":"r","4333":"n","4334":" ","4335":"A","4336":"r","4337":"r","4338":"a","4339":"y","4340":".","4341":"f","4342":"r","4343":"o","4344":"m","4345":"(","4346":"t","4347":"h","4348":"i","4349":"s","4350":".","4351":"s","4352":"e","4353":"s","4354":"s","4355":"i","4356":"o","4357":"n","4358":"s","4359":".","4360":"v","4361":"a","4362":"l","4363":"u","4364":"e","4365":"s","4366":"(","4367":")","4368":")","4369":".","4370":"f","4371":"i","4372":"l","4373":"t","4374":"e","4375":"r","4376":"(","4377":"s","4378":"e","4379":"s","4380":"s","4381":"i","4382":"o","4383":"n","4384":" ","4385":"=","4386":">","4387":" ","4388":"s","4389":"e","4390":"s","4391":"s","4392":"i","4393":"o","4394":"n","4395":".","4396":"i","4397":"s","4398":"A","4399":"c","4400":"t","4401":"i","4402":"v","4403":"e","4404":")","4405":";","4406":"\\","4407":"n","4408":" ","4409":" ","4410":"}","4411":"\\","4412":"n","4413":"}","4414":"\\","4415":"n","4416":"\\","4417":"n","4418":"/","4419":"/","4420":" ","4421":"C","4422":"r","4423":"e","4424":"a","4425":"t","4426":"e","4427":" ","4428":"a","4429":" ","4430":"s","4431":"i","4432":"n","4433":"g","4434":"l","4435":"e","4436":"t","4437":"o","4438":"n","4439":" ","4440":"i","4441":"n","4442":"s","4443":"t","4444":"a","4445":"n","4446":"c","4447":"e","4448":"\\","4449":"n","4450":"e","4451":"x","4452":"p","4453":"o","4454":"r","4455":"t","4456":" ","4457":"c","4458":"o","4459":"n","4460":"s","4461":"t","4462":" ","4463":"a","4464":"g","4465":"e","4466":"n","4467":"t","4468":"S","4469":"e","4470":"r","4471":"v","4472":"i","4473":"c","4474":"e","4475":" ","4476":"=","4477":" ","4478":"n","4479":"e","4480":"w","4481":" ","4482":"A","4483":"g","4484":"e","4485":"n","4486":"t","4487":"S","4488":"e","4489":"r","4490":"v","4491":"i","4492":"c","4493":"e","4494":"(","4495":"n","4496":"e","4497":"w","4498":" ","4499":"D","4500":"u","4501":"s","4502":"t","4503":"A","4504":"p","4505":"i","4506":"S","4507":"e","4508":"r","4509":"v","4510":"i","4511":"c","4512":"e","4513":"(","4514":"{","4515":"\\","4516":"n","4517":" ","4518":" ","4519":"a","4520":"p","4521":"i","4522":"K","4523":"e","4524":"y","4525":":","4526":" ","4527":"p","4528":"r","4529":"o","4530":"c","4531":"e","4532":"s","4533":"s","4534":".","4535":"e","4536":"n","4537":"v","4538":".","4539":"D","4540":"U","4541":"S","4542":"T","4543":"_","4544":"A","4545":"P","4546":"I","4547":"_","4548":"K","4549":"E","4550":"Y","4551":" ","4552":"|","4553":"|","4554":" ","4555":"'","4556":"'","4557":",","4558":"\\","4559":"n","4560":" ","4561":" ","4562":"w","4563":"o","4564":"r","4565":"k","4566":"s","4567":"p","4568":"a","4569":"c","4570":"e","4571":"I","4572":"d","4573":":","4574":" ","4575":"p","4576":"r","4577":"o","4578":"c","4579":"e","4580":"s","4581":"s","4582":".","4583":"e","4584":"n","4585":"v","4586":".","4587":"D","4588":"U","4589":"S","4590":"T","4591":"_","4592":"W","4593":"O","4594":"R","4595":"K","4596":"S","4597":"P","4598":"A","4599":"C","4600":"E","4601":"_","4602":"I","4603":"D","4604":" ","4605":"|","4606":"|","4607":" ","4608":"'","4609":"'","4610":"\\","4611":"n","4612":"}","4613":")","4614":")","4615":";","4616":"\\","4617":"n","4618":"\\","4619":"n","4620":"/","4621":"/","4622":" ","4623":"I","4624":"n","4625":"i","4626":"t","4627":"i","4628":"a","4629":"l","4630":"i","4631":"z","4632":"e","4633":" ","4634":"t","4635":"h","4636":"e","4637":" ","4638":"s","4639":"e","4640":"r","4641":"v","4642":"i","4643":"c","4644":"e","4645":" ","4646":"w","4647":"h","4648":"e","4649":"n","4650":" ","4651":"t","4652":"h","4653":"i","4654":"s","4655":" ","4656":"m","4657":"o","4658":"d","4659":"u","4660":"l","4661":"e","4662":" ","4663":"i","4664":"s","4665":" ","4666":"l","4667":"o","4668":"a","4669":"d","4670":"e","4671":"d","4672":"\\","4673":"n","4674":"a","4675":"g","4676":"e","4677":"n","4678":"t","4679":"S","4680":"e","4681":"r","4682":"v","4683":"i","4684":"c","4685":"e","4686":".","4687":"i","4688":"n","4689":"i","4690":"t","4691":"i","4692":"a","4693":"l","4694":"i","4695":"z","4696":"e","4697":"(","4698":")","4699":".","4700":"c","4701":"a","4702":"t","4703":"c","4704":"h","4705":"(","4706":"(","4707":"e","4708":"r","4709":"r","4710":"o","4711":"r","4712":":","4713":" ","4714":"E","4715":"r","4716":"r","4717":"o","4718":"r","4719":")","4720":" ","4721":"=","4722":">","4723":" ","4724":"{","4725":"\\","4726":"n","4727":" ","4728":" ","4729":"l","4730":"o","4731":"g","4732":"g","4733":"e","4734":"r","4735":".","4736":"e","4737":"r","4738":"r","4739":"o","4740":"r","4741":"(","4742":"`","4743":"F","4744":"a","4745":"i","4746":"l","4747":"e","4748":"d","4749":" ","4750":"t","4751":"o","4752":" ","4753":"i","4754":"n","4755":"i","4756":"t","4757":"i","4758":"a","4759":"l","4760":"i","4761":"z","4762":"e","4763":" ","4764":"A","4765":"g","4766":"e","4767":"n","4768":"t","4769":"S","4770":"e","4771":"r","4772":"v","4773":"i","4774":"c","4775":"e","4776":":","4777":" ","4778":"$","4779":"{","4780":"e","4781":"r","4782":"r","4783":"o","4784":"r","4785":".","4786":"m","4787":"e","4788":"s","4789":"s","4790":"a","4791":"g","4792":"e","4793":"}","4794":"`","4795":")","4796":";","4797":"\\","4798":"n","4799":"}","4800":")","4801":";","4802":"\\","4803":"n","4804":"\"","4805":"]","4806":",","4807":"\"","4808":"n","4809":"a","4810":"m","4811":"e","4812":"s","4813":"\"","4814":":","4815":"[","4816":"\"","4817":"a","4818":"g","4819":"e","4820":"n","4821":"t","4822":"S","4823":"e","4824":"r","4825":"v","4826":"i","4827":"c","4828":"e","4829":"\"","4830":",","4831":"\"","4832":"A","4833":"g","4834":"e","4835":"n","4836":"t","4837":"S","4838":"e","4839":"r","4840":"v","4841":"i","4842":"c","4843":"e","4844":"\"","4845":",","4846":"\"","4847":"i","4848":"n","4849":"i","4850":"t","4851":"i","4852":"a","4853":"l","4854":"i","4855":"z","4856":"e","4857":"\"","4858":",","4859":"\"","4860":"a","4861":"g","4862":"e","4863":"n","4864":"t","4865":"s","4866":"\"","4867":",","4868":"\"","4869":"d","4870":"u","4871":"s","4872":"t","4873":"A","4874":"p","4875":"i","4876":"S","4877":"e","4878":"r","4879":"v","4880":"i","4881":"c","4882":"e","4883":"\"","4884":",","4885":"\"","4886":"l","4887":"i","4888":"s","4889":"t","4890":"A","4891":"g","4892":"e","4893":"n","4894":"t","4895":"s","4896":"\"","4897":",","4898":"\"","4899":"f","4900":"o","4901":"r","4902":"E","4903":"a","4904":"c","4905":"h","4906":"\"","4907":",","4908":"\"","4909":"a","4910":"g","4911":"e","4912":"n","4913":"t","4914":"\"","4915":",","4916":"\"","4917":"s","4918":"e","4919":"t","4920":"\"","4921":",","4922":"\"","4923":"i","4924":"d","4925":"\"","4926":",","4927":"\"","4928":"i","4929":"s","4930":"A","4931":"c","4932":"t","4933":"i","4934":"v","4935":"e","4936":"\"","4937":",","4938":"\"","4939":"l","4940":"o","4941":"g","4942":"g","4943":"e","4944":"r","4945":"\"","4946":",","4947":"\"","4948":"i","4949":"n","4950":"f","4951":"o","4952":"\"","4953":",","4954":"\"","4955":"l","4956":"e","4957":"n","4958":"g","4959":"t","4960":"h","4961":"\"","4962":",","4963":"\"","4964":"e","4965":"r","4966":"r","4967":"o","4968":"r","4969":"\"","4970":",","4971":"\"","4972":"g","4973":"e","4974":"t","4975":"A","4976":"g","4977":"e","4978":"n","4979":"t","4980":"s","4981":"\"","4982":",","4983":"\"","4984":"A","4985":"r","4986":"r","4987":"a","4988":"y","4989":"\"","4990":",","4991":"\"","4992":"f","4993":"r","4994":"o","4995":"m","4996":"\"","4997":",","4998":"\"","4999":"v","5000":"a","5001":"l","5002":"u","5003":"e","5004":"s","5005":"\"","5006":",","5007":"\"","5008":"g","5009":"e","5010":"t","5011":"A","5012":"g","5013":"e","5014":"n","5015":"t","5016":"\"","5017":",","5018":"\"","5019":"a","5020":"g","5021":"e","5022":"n","5023":"t","5024":"I","5025":"d","5026":"\"","5027":",","5028":"\"","5029":"g","5030":"e","5031":"t","5032":"\"","5033":",","5034":"\"","5035":"c","5036":"r","5037":"e","5038":"a","5039":"t","5040":"e","5041":"S","5042":"e","5043":"s","5044":"s","5045":"i","5046":"o","5047":"n","5048":"\"","5049":",","5050":"\"","5051":"c","5052":"o","5053":"n","5054":"t","5055":"e","5056":"x","5057":"t","5058":"\"","5059":",","5060":"\"","5061":"E","5062":"r","5063":"r","5064":"o","5065":"r","5066":"\"","5067":",","5068":"\"","5069":"s","5070":"e","5071":"s","5072":"s","5073":"i","5074":"o","5075":"n","5076":"\"","5077":",","5078":"\"","5079":"n","5080":"o","5081":"w","5082":"\"","5083":",","5084":"\"","5085":"D","5086":"a","5087":"t","5088":"e","5089":"\"","5090":",","5091":"\"","5092":"t","5093":"o","5094":"I","5095":"S","5096":"O","5097":"S","5098":"t","5099":"r","5100":"i","5101":"n","5102":"g","5103":"\"","5104":",","5105":"\"","5106":"s","5107":"e","5108":"s","5109":"s","5110":"i","5111":"o","5112":"n","5113":"D","5114":"e","5115":"s","5116":"c","5117":"r","5118":"i","5119":"p","5120":"t","5121":"o","5122":"r","5123":"\"","5124":",","5125":"\"","5126":"c","5127":"r","5128":"e","5129":"a","5130":"t","5131":"e","5132":"d","5133":"A","5134":"t","5135":"\"","5136":",","5137":"\"","5138":"l","5139":"a","5140":"s","5141":"t","5142":"A","5143":"c","5144":"t","5145":"i","5146":"v","5147":"i","5148":"t","5149":"y","5150":"\"","5151":",","5152":"\"","5153":"s","5154":"e","5155":"s","5156":"s","5157":"i","5158":"o","5159":"n","5160":"s","5161":"\"","5162":",","5163":"\"","5164":"s","5165":"e","5166":"n","5167":"d","5168":"M","5169":"e","5170":"s","5171":"s","5172":"a","5173":"g","5174":"e","5175":"\"","5176":",","5177":"\"","5178":"s","5179":"e","5180":"s","5181":"s","5182":"i","5183":"o","5184":"n","5185":"I","5186":"d","5187":"\"","5188":",","5189":"\"","5190":"m","5191":"e","5192":"s","5193":"s","5194":"a","5195":"g","5196":"e","5197":"\"","5198":",","5199":"\"","5200":"f","5201":"i","5202":"l","5203":"e","5204":"s","5205":"\"","5206":",","5207":"\"","5208":"r","5209":"e","5210":"s","5211":"p","5212":"o","5213":"n","5214":"s","5215":"e","5216":"\"","5217":",","5218":"\"","5219":"e","5220":"r","5221":"r","5222":"o","5223":"r","5224":"M","5225":"e","5226":"s","5227":"s","5228":"a","5229":"g","5230":"e","5231":"\"","5232":",","5233":"\"","5234":"e","5235":"n","5236":"d","5237":"S","5238":"e","5239":"s","5240":"s","5241":"i","5242":"o","5243":"n","5244":"\"","5245":",","5246":"\"","5247":"d","5248":"e","5249":"l","5250":"e","5251":"t","5252":"e","5253":"\"","5254":",","5255":"\"","5256":"g","5257":"e","5258":"t","5259":"S","5260":"e","5261":"s","5262":"s","5263":"i","5264":"o","5265":"n","5266":"\"","5267":",","5268":"\"","5269":"g","5270":"e","5271":"t","5272":"A","5273":"c","5274":"t","5275":"i","5276":"v","5277":"e","5278":"S","5279":"e","5280":"s","5281":"s","5282":"i","5283":"o","5284":"n","5285":"s","5286":"\"","5287":",","5288":"\"","5289":"f","5290":"i","5291":"l","5292":"t","5293":"e","5294":"r","5295":"\"","5296":",","5297":"\"","5298":"c","5299":"o","5300":"n","5301":"s","5302":"t","5303":"r","5304":"u","5305":"c","5306":"t","5307":"o","5308":"r","5309":"\"","5310":",","5311":"\"","5312":"M","5313":"a","5314":"p","5315":"\"","5316":",","5317":"\"","5318":"D","5319":"u","5320":"s","5321":"t","5322":"A","5323":"p","5324":"i","5325":"S","5326":"e","5327":"r","5328":"v","5329":"i","5330":"c","5331":"e","5332":"\"","5333":",","5334":"\"","5335":"a","5336":"p","5337":"i","5338":"K","5339":"e","5340":"y","5341":"\"","5342":",","5343":"\"","5344":"p","5345":"r","5346":"o","5347":"c","5348":"e","5349":"s","5350":"s","5351":"\"","5352":",","5353":"\"","5354":"e","5355":"n","5356":"v","5357":"\"","5358":",","5359":"\"","5360":"D","5361":"U","5362":"S","5363":"T","5364":"_","5365":"A","5366":"P","5367":"I","5368":"_","5369":"K","5370":"E","5371":"Y","5372":"\"","5373":",","5374":"\"","5375":"w","5376":"o","5377":"r","5378":"k","5379":"s","5380":"p","5381":"a","5382":"c","5383":"e","5384":"I","5385":"d","5386":"\"","5387":",","5388":"\"","5389":"D","5390":"U","5391":"S","5392":"T","5393":"_","5394":"W","5395":"O","5396":"R","5397":"K","5398":"S","5399":"P","5400":"A","5401":"C","5402":"E","5403":"_","5404":"I","5405":"D","5406":"\"","5407":",","5408":"\"","5409":"c","5410":"a","5411":"t","5412":"c","5413":"h","5414":"\"","5415":"]","5416":",","5417":"\"","5418":"m","5419":"a","5420":"p","5421":"p","5422":"i","5423":"n","5424":"g","5425":"s","5426":"\"","5427":":","5428":"\"","5429":";","5430":";","5431":";","5432":";","5433":"+","5434":"B","5435":"A","5436":"q","5437":"J","5438":"a","5439":"A","5440":";","5441":";","5442":";","5443":"e","5444":"A","5445":"A","5446":"A","5447":"A","5448":";","5449":";","5450":";","5451":"+","5452":"D","5453":"A","5454":"r","5455":"J","5456":"M","5457":";","5458":"g","5459":"C","5460":"A","5461":"C","5462":"y","5463":"D","5464":";","5465":";","5466":";","5467":";","5468":";","5469":";","5470":";","5471":";","5472":";","5473":";","5474":";","5475":";","5476":";","5477":";","5478":";","5479":";","5480":";","5481":";","5482":";","5483":"A","5484":"A","5485":"g","5486":"B","5487":"5","5488":"E","5489":",","5490":"M","5491":"A","5492":"A","5493":"M","5494":"C","5495":";","5496":"I","5497":"A","5498":"S","5499":"J","5500":";","5501":";","5502":"G","5503":"A","5504":"E","5505":"C","5506":",","5507":"G","5508":"A","5509":"C","5510":"D","5511":",","5512":"M","5513":"A","5514":"A","5515":"M","5516":"C","5517":",","5518":"a","5519":"A","5520":"A","5521":"4","5522":"B","5523":";","5524":"Q","5525":"A","5526":"C","5527":"h","5528":"C","5529":",","5530":"I","5531":"A","5532":"A","5533":"I","5534":";","5535":"Y","5536":"A","5537":"C","5538":"F","5539":",","5540":"M","5541":"A","5542":"A","5543":"M","5544":"C","5545":",","5546":"S","5547":"A","5548":"A","5549":"S","5550":",","5551":"M","5552":"A","5553":"A","5554":"M","5555":",","5556":"I","5557":"A","5558":"A","5559":"I","5560":",","5561":"C","5562":"A","5563":"A","5564":"C","5565":"C","5566":",","5567":"c","5568":"A","5569":"A","5570":"c","5571":",","5572":"C","5573":"A","5574":"A","5575":"C","5576":"C","5577":",","5578":"U","5579":"A","5580":"A","5581":"U","5582":";","5583":"Y","5584":"A","5585":"C","5586":"n","5587":"D","5588":"F","5589":",","5590":"O","5591":"A","5592":"A","5593":"O","5594":"G","5595":",","5596":"O","5597":"A","5598":"A","5599":"O","5600":",","5601":"C","5602":"A","5603":"A","5604":"C","5605":"C","5606":",","5607":"C","5608":"A","5609":"A","5610":"A","5611":"A","5612":";","5613":"g","5614":"B","5615":"A","5616":"C","5617":"b","5618":",","5619":"I","5620":"A","5621":"A","5622":"I","5623":",","5624":"C","5625":"A","5626":"A","5627":"C","5628":"J","5629":",","5630":"M","5631":"A","5632":"A","5633":"M","5634":",","5635":"C","5636":"A","5637":"A","5638":"C","5639":"K","5640":",","5641":"G","5642":"A","5643":"A","5644":"G","5645":",","5646":"C","5647":"A","5648":"A","5649":"C","5650":"D","5651":",","5652":"M","5653":"A","5654":"A","5655":"M","5656":"E","5657":",","5658":"E","5659":"A","5660":"A","5661":"E","5662":",","5663":"E","5664":"A","5665":"A","5666":"E","5667":";","5668":"o","5669":"B","5670":"A","5671":"C","5672":"x","5673":"B","5674":",","5675":"G","5676":"A","5677":"A","5678":"G","5679":"F","5680":",","5681":"K","5682":"A","5683":"A","5684":"K","5685":";","5686":"o","5687":"B","5688":"A","5689":"C","5690":"R","5691":"G","5692":",","5693":"U","5694":"A","5695":"A","5696":"U","5697":";","5698":"g","5699":"B","5700":"A","5701":"C","5702":"Z","5703":";","5704":"Y","5705":"A","5706":"C","5707":"F","5708":";","5709":"Y","5710":"A","5711":"C","5712":"A","5713":"C","5714":",","5715":"e","5716":"A","5717":"A","5718":"M","5719":",","5720":"C","5721":"A","5722":"A","5723":"C","5724":"C","5725":",","5726":"I","5727":"A","5728":"A","5729":"I","5730":",","5731":"C","5732":"A","5733":"A","5734":"C","5735":",","5736":"C","5737":"A","5738":"A","5739":"C","5740":",","5741":"i","5742":"B","5743":"A","5744":"A","5745":"i","5746":"B","5747":",","5748":"E","5749":"A","5750":"A","5751":"E","5752":"T","5753":",","5754":"O","5755":"A","5756":"A","5757":"O","5758":"U","5759":",","5760":"M","5761":"A","5762":"A","5763":"M","5764":",","5765":"C","5766":"A","5767":"A","5768":"C","5769":",","5770":"O","5771":"A","5772":"A","5773":"O","5774":",","5775":"C","5776":"A","5777":"A","5778":"C","5779":";","5780":"Q","5781":"A","5782":"C","5783":"x","5784":"D","5785":",","5786":"E","5787":"A","5788":"A","5789":"E","5790":",","5791":"O","5792":"A","5793":"A","5794":"O","5795":"C","5796":",","5797":"O","5798":"A","5799":"A","5800":"O","5801":";","5802":"Y","5803":"A","5804":"C","5805":"d","5806":"H","5807":",","5808":"e","5809":"A","5810":"A","5811":"M","5812":",","5813":"C","5814":"A","5815":"A","5816":"C","5817":"G","5818":",","5819":"K","5820":"A","5821":"A","5822":"K","5823":",","5824":"C","5825":"A","5826":"A","5827":"C","5828":",","5829":"q","5830":"C","5831":"A","5832":"A","5833":"q","5834":"C","5835":"A","5836":";","5837":"Y","5838":"A","5839":"C","5840":"l","5841":"D","5842":",","5843":"M","5844":"A","5845":"A","5846":"M","5847":"A","5848":";","5849":"Q","5850":"A","5851":"C","5852":"R","5853":";","5854":"I","5855":"A","5856":"C","5857":"F","5858":";","5859":"I","5860":"A","5861":"E","5862":"A","5863":";","5864":";","5865":"G","5866":"A","5867":"E","5868":"C","5869":",","5870":"G","5871":"A","5872":"C","5873":"D","5874":",","5875":"M","5876":"A","5877":"A","5878":"M","5879":"C","5880":",","5881":"Y","5882":"A","5883":"A","5884":"w","5885":"C","5886":";","5887":"Q","5888":"A","5889":"C","5890":"5","5891":"C","5892":",","5893":"O","5894":"A","5895":"A","5896":"O","5897":"C","5898":",","5899":"M","5900":"A","5901":"A","5902":"M","5903":"C","5904":",","5905":"I","5906":"A","5907":"A","5908":"I","5909":",","5910":"C","5911":"A","5912":"A","5913":"C","5914":",","5915":"I","5916":"A","5917":"A","5918":"I","5919":",","5920":"C","5921":"A","5922":"A","5923":"C","5924":"d","5925":",","5926":"M","5927":"A","5928":"A","5929":"M","5930":",","5931":"C","5932":"A","5933":"A","5934":"C","5935":"e","5936":",","5937":"M","5938":"A","5939":"A","5940":"M","5941":";","5942":"I","5943":"A","5944":"C","5945":"t","5946":"C","5947":";","5948":"I","5949":"A","5950":"E","5951":"A","5952":";","5953":";","5954":"G","5955":"A","5956":"E","5957":"C","5958":",","5959":"G","5960":"A","5961":"C","5962":"D","5963":",","5964":"M","5965":"A","5966":"A","5967":"M","5968":"C","5969":",","5970":"S","5971":"A","5972":"A","5973":"S","5974":"C","5975":",","5976":"O","5977":"A","5978":"A","5979":"e","5980":",","5981":"E","5982":"A","5983":"A","5984":"w","5985":"C","5986":";","5987":"Q","5988":"A","5989":"C","5990":"p","5991":"E","5992":",","5993":"O","5994":"A","5995":"A","5996":"O","5997":",","5998":"I","5999":"A","6000":"A","6001":"I","6002":",","6003":"C","6004":"A","6005":"A","6006":"C","6007":"j","6008":"B","6009":",","6010":"M","6011":"A","6012":"A","6013":"M","6014":",","6015":"C","6016":"A","6017":"A","6018":"C","6019":"k","6020":"B","6021":",","6022":"G","6023":"A","6024":"A","6025":"G","6026":",","6027":"C","6028":"A","6029":"A","6030":"C","6031":"D","6032":";","6033":"I","6034":"A","6035":"C","6036":"z","6037":"B","6038":";","6039":"I","6040":"A","6041":"E","6042":"A","6043":";","6044":";","6045":"G","6046":"A","6047":"E","6048":"C","6049":",","6050":"G","6051":"A","6052":"C","6053":"D","6054":",","6055":"M","6056":"A","6057":"A","6058":"M","6059":"E","6060":",","6061":"c","6062":"A","6063":"A","6064":"c","6065":"F","6066":",","6067":"O","6068":"A","6069":"A","6070":"e","6071":",","6072":"E","6073":"A","6074":"A","6075":"E","6076":"G","6077":",","6078":"U","6079":"A","6080":"A","6081":"+","6082":"B","6083":",","6084":"C","6085":"A","6086":"A","6087":"C","6088":",","6089":"C","6090":"A","6091":"A","6092":"C","6093":",","6094":"E","6095":"A","6096":"A","6097":"8","6098":"B","6099":";","6100":"Q","6101":"A","6102":"C","6103":"l","6104":"G","6105":",","6106":"I","6107":"A","6108":"A","6109":"I","6110":";","6111":"Y","6112":"A","6113":"C","6114":"F","6115":",","6116":"M","6117":"A","6118":"A","6119":"M","6120":"h","6121":"B","6122":",","6123":"Q","6124":"A","6125":"A","6126":"Q","6127":",","6128":"M","6129":"A","6130":"A","6131":"M","6132":",","6133":"I","6134":"A","6135":"A","6136":"I","6137":",","6138":"C","6139":"A","6140":"A","6141":"C","6142":"Y","6143":",","6144":"Q","6145":"A","6146":"A","6147":"Q","6148":",","6149":"C","6150":"A","6151":"A","6152":"C","6153":"C","6154":";","6155":"Y","6156":"A","6157":"C","6158":"l","6159":"C","6160":",","6161":"I","6162":"A","6163":"A","6164":"I","6165":",","6166":"C","6167":"A","6168":"A","6169":"C","6170":"b","6171":",","6172":"O","6173":"A","6174":"A","6175":"O","6176":";","6177":"g","6178":"B","6179":"A","6180":"C","6181":"V","6182":",","6183":"M","6184":"A","6185":"A","6186":"M","6187":",","6188":"I","6189":"A","6190":"A","6191":"I","6192":"i","6193":"B","6194":",","6195":"M","6196":"A","6197":"A","6198":"M","6199":",","6200":"C","6201":"A","6202":"A","6203":"C","6204":",","6205":"c","6206":"A","6207":"A","6208":"c","6209":",","6210":"E","6211":"A","6212":"A","6213":"E","6214":"J","6215":",","6216":"Q","6217":"A","6218":"A","6219":"Q","6220":",","6221":"U","6222":"A","6223":"A","6224":"U","6225":",","6226":"C","6227":"A","6228":"A","6229":"C","6230":";","6231":"Y","6232":"A","6233":"C","6234":"t","6235":"D","6236":";","6237":"Y","6238":"A","6239":"E","6240":"A","6241":",","6242":"M","6243":"A","6244":"A","6245":"M","6246":"K","6247":",","6248":"U","6249":"A","6250":"A","6251":"U","6252":",","6253":"M","6254":"A","6255":"A","6256":"M","6257":",","6258":"I","6259":"A","6260":"A","6261":"I","6262":",","6263":"C","6264":"A","6265":"A","6266":"C","6267":"r","6268":"B","6269":",","6270":"c","6271":"A","6272":"A","6273":"c","6274":",","6275":"C","6276":"A","6277":"A","6278":"C","6279":"k","6280":"B","6281":",","6282":"a","6283":"A","6284":"A","6285":"a","6286":",","6287":"C","6288":"A","6289":"A","6290":"C","6291":"F","6292":",","6293":"S","6294":"A","6295":"A","6296":"S","6297":"G","6298":";","6299":"Y","6300":"A","6301":"C","6302":"j","6303":"E","6304":",","6305":"M","6306":"A","6307":"A","6308":"M","6309":"G","6310":",","6311":"M","6312":"A","6313":"A","6314":"M","6315":",","6316":"I","6317":"A","6318":"A","6319":"I","6320":"C","6321":",","6322":"O","6323":"A","6324":"A","6325":"O","6326":"C","6327":",","6328":"W","6329":"A","6330":"A","6331":"W","6332":";","6333":"Y","6334":"A","6335":"C","6336":"l","6337":"C","6338":",","6339":"M","6340":"A","6341":"A","6342":"M","6343":"C","6344":",","6345":"o","6346":"B","6347":"A","6348":"A","6349":"u","6350":"C","6351":";","6352":"g","6353":"B","6354":"A","6355":"C","6356":"3","6357":"C","6358":",","6359":"G","6360":"A","6361":"A","6362":"G","6363":"J","6364":",","6365":"O","6366":"A","6367":"A","6368":"O","6369":";","6370":"g","6371":"B","6372":"A","6373":"C","6374":"V","6375":"f","6376":",","6377":"U","6378":"A","6379":"A","6380":"U","6381":";","6382":"g","6383":"B","6384":"A","6385":"C","6386":"V","6387":"o","6388":"B","6389":",","6390":"W","6391":"A","6392":"A","6393":"W","6394":"J","6395":";","6396":"g","6397":"B","6398":"A","6399":"C","6400":"X","6401":"
[...]
"20939":",","20940":"E","20941":"A","20942":"A","20943":"E","20944":"C","20945":",","20946":"I","20947":"A","20948":"A","20949":"8","20950":"B","20951":",","20952":"E","20953":"A","20954":"A","20955":"Q","20956":";","20957":"Q","20958":"A","20959":"C","20960":"l","20961":"E","20962":",","20963":"I","20964":"A","20965":"A","20966":"I","20967":",","20968":"C","20969":"A","20970":"A","20971":"C","20972":"U","20973":",","20974":"Q","20975":"A","20976":"A","20977":"Q","20978":",","20979":"I","20980":"A","20981":"A","20982":"i","20983":"B","20984":"X","20985":",","20986":"S","20987":"A","20988":"A","20989":"S","20990":"C","20991":";","20992":"I","20993":"A","20994":"C","20995":"z","20996":"C","20997":";","20998":"I","20999":"A","21000":"E","21001":"A","21002":";","21003":";","21004":"G","21005":"A","21006":"E","21007":"C","21008":",","21009":"G","21010":"A","21011":"C","21012":"D","21013":",","21014":"A","21015":"A","21016":"A","21017":"O","21018":"w","21019":"B","21020":",","21021":"M","21022":"A","21023":"A","21024":"M","21025":"z","21026":"B","21027":",","21028":"O","21029":"A","21030":"A","21031":"e","21032":",","21033":"E","21034":"A","21035":"A","21036":"E","21037":"C","21038":",","21039":"I","21040":"A","21041":"A","21042":"8","21043":"B","21044":",","21045":"E","21046":"A","21047":"A","21048":"Q","21049":";","21050":"Q","21051":"A","21052":"C","21053":"l","21054":"E","21055":",","21056":"I","21057":"A","21058":"A","21059":"I","21060":",","21061":"C","21062":"A","21063":"A","21064":"C","21065":"U","21066":",","21067":"Q","21068":"A","21069":"A","21070":"Q","21071":",","21072":"I","21073":"A","21074":"A","21075":"i","21076":"B","21077":"X","21078":",","21079":"S","21080":"A","21081":"A","21082":"S","21083":"C","21084":";","21085":"I","21086":"A","21087":"C","21088":"z","21089":"C","21090":";","21091":"I","21092":"A","21093":"E","21094":"A","21095":",","21096":"w","21097":"B","21098":"A","21099":"A","21100":"w","21101":"B","21102":";","21103":"I","21104":"A","21105":"C","21106":"j","21107":"B","21108":"y","21109":"B","21110":",","21111":"S","21112":"A","21113":"A","21114":"S","21115":"r","21116":"F","21117":",","21118":"K","21119":"A","21120":"A","21121":"e","21122":",","21123":"E","21124":"A","21125":"A","21126":"E","21127":";","21128":"Q","21129":"A","21130":"C","21131":"/","21132":"B","21133":",","21134":"I","21135":"A","21136":"A","21137":"I","21138":",","21139":"C","21140":"A","21141":"A","21142":"C","21143":"s","21144":"B","21145":",","21146":"M","21147":"A","21148":"A","21149":"M","21150":",","21151":"C","21152":"A","21153":"A","21154":"C","21155":"t","21156":"B","21157":",","21158":"K","21159":"A","21160":"A","21161":"K","21162":",","21163":"G","21164":"A","21165":"A","21166":"G","21167":"A","21168":";","21169":"I","21170":"A","21171":"C","21172":"t","21173":"B","21174":";","21175":"I","21176":"A","21177":"E","21178":"O","21179":"s","21180":"F","21181":",","21182":"W","21183":"A","21184":"A","21185":"q","21186":"B","21187":";","21188":"Q","21189":"A","21190":"C","21191":"1","21192":"B","21193":",","21194":"O","21195":"A","21196":"A","21197":"O","21198":",","21199":"I","21200":"A","21201":"A","21202":"I","21203":",","21204":"C","21205":"A","21206":"A","21207":"C","21208":"h","21209":"E","21210":",","21211":"M","21212":"A","21213":"A","21214":"M","21215":",","21216":"C","21217":"A","21218":"A","21219":"C","21220":"t","21221":"B","21222":",","21223":"K","21224":"A","21225":"A","21226":"K","21227":";","21228":"I","21229":"A","21230":"C","21231":"1","21232":"B","21233":";","21234":"I","21235":"A","21236":"E","21237":"A","21238":",","21239":"q","21240":"B","21241":"A","21242":"A","21243":"q","21244":"B","21245":";","21246":"I","21247":"A","21248":"C","21249":"d","21250":"u","21251":"F","21252":",","21253":"Q","21254":"A","21255":"A","21256":"Q","21257":";","21258":"Q","21259":"A","21260":"C","21261":"b","21262":",","21263":"I","21264":"A","21265":"A","21266":"I","21267":",","21268":"I","21269":"A","21270":"A","21271":"I","21272":",","21273":"C","21274":"A","21275":"A","21276":"C","21277":"5","21278":"D","21279":",","21280":"W","21281":"A","21282":"A","21283":"W","21284":",","21285":"E","21286":"A","21287":"A","21288":"E","21289":";","21290":"Y","21291":"A","21292":"C","21293":"p","21294":"B","21295":",","21296":"I","21297":"A","21298":"A","21299":"I","21300":",","21301":"C","21302":"A","21303":"A","21304":"C","21305":"A","21306":",","21307":"W","21308":"A","21309":"A","21310":"W","21311":",","21312":"C","21313":"A","21314":"A","21315":"C","21316":"C","21317":",","21318":"G","21319":"A","21320":"A","21321":"G","21322":";","21323":"Y","21324":"A","21325":"C","21326":"p","21327":"B","21328":",","21329":"I","21330":"A","21331":"A","21332":"I","21333":",","21334":"C","21335":"A","21336":"A","21337":"C","21338":"D","21339":",","21340":"W","21341":"A","21342":"A","21343":"W","21344":",","21345":"G","21346":"A","21347":"A","21348":"G","21349":";","21350":"Q","21351":"A","21352":"C","21353":"r","21354":"B","21355":";","21356":"I","21357":"A","21358":"C","21359":"F","21360":";","21361":"I","21362":"A","21363":"5","21364":"R","21365":"A","21366":";","21367":";","21368":";","21369":"G","21370":"A","21371":"G","21372":"C","21373":",","21374":"G","21375":"A","21376":"C","21377":"D","21378":"6","21379":"D","21380":",","21381":"Y","21382":"A","21383":"A","21384":"Y","21385":"l","21386":"E","21387":",","21388":"S","21389":"A","21390":"A","21391":"g","21392":"C","21393":",","21394":"C","21395":"A","21396":"A","21397":"C","21398":",","21399":"C","21400":"A","21401":"A","21402":"C","21403":",","21404":"C","21405":"A","21406":"A","21407":"E","21408":";","21409":"Q","21410":"A","21411":"X","21412":"h","21413":"D","21414":",","21415":"u","21416":"B","21417":"A","21418":"A","21419":"Q","21420":"A","21421":",","21422":"U","21423":"A","21424":"A","21425":"R","21426":",","21427":"K","21428":"A","21429":"A","21430":"A","21431":";","21432":"Q","21433":"A","21434":"C","21435":"A","21436":",","21437":"u","21438":"B","21439":"A","21440":"A","21441":"Q","21442":"G","21443":",","21444":"k","21445":"B","21446":"A","21447":"A","21448":"R","21449":",","21450":"K","21451":"A","21452":"A","21453":"A","21454":";","21455":"Q","21456":"A","21457":"C","21458":"A","21459":",","21460":"u","21461":"B","21462":"A","21463":"A","21464":"Q","21465":"E","21466":",","21467":"e","21468":"A","21469":"A","21470":"q","21471":"C","21472":";","21473":"Q","21474":"A","21475":"C","21476":"7","21477":"C","21478":",","21479":"u","21480":"B","21481":"A","21482":"A","21483":"Q","21484":"f","21485":",","21486":"g","21487":"B","21488":"A","21489":"A","21490":"w","21491":"B","21492":";","21493":"Q","21494":"A","21495":"C","21496":"h","21497":"C","21498":",","21499":"u","21500":"B","21501":"A","21502":"A","21503":"Q","21504":"C","21505":",","21506":"e","21507":"A","21508":"A","21509":"o","21510":"C","21511":";","21512":"Q","21513":"A","21514":"C","21515":"5","21516":"C","21517":",","21518":"u","21519":"B","21520":"A","21521":"A","21522":"Q","21523":"K","21524":",","21525":"a","21526":"A","21527":"A","21528":"2","21529":"B","21530":";","21531":"Q","21532":"A","21533":"O","21534":"j","21535":"C","21536":",","21537":"I","21538":"A","21539":"A","21540":"I","21541":",","21542":"C","21543":"A","21544":"A","21545":"C","21546":"I","21547":",","21548":"M","21549":"A","21550":"A","21551":"M","21552":",","21553":"G","21554":"A","21555":"A","21556":"G","21557":";","21558":"Y","21559":"A","21560":"A","21561":"E","21562":",","21563":"G","21564":"A","21565":"A","21566":"G","21567":"v","21568":"B","21569":",","21570":"c","21571":"A","21572":"A","21573":"c","21574":";","21575":"Y","21576":"A","21577":"A","21578":"E","21579":",","21580":"G","21581":"A","21582":"A","21583":"G","21584":"u","21585":"B","21586":",","21587":"M","21588":"A","21589":"A","21590":"M","21591":";","21592":"Q","21593":"A","21594":"A","21595":"C","21596":";","21597":"Q","21598":"A","21599":"E","21600":"7","21601":"C","21602":",","21603":"y","21604":"D","21605":"A","21606":"A","21607":"y","21608":"D","21609":";","21610":"Q","21611":"A","21612":"C","21613":"z","21614":"D","21615":",","21616":"I","21617":"A","21618":"A","21619":"I","21620":",","21621":"I","21622":"A","21623":"A","21624":"I","21625":",","21626":"C","21627":"A","21628":"A","21629":"C","21630":"A","21631":",","21632":"M","21633":"A","21634":"A","21635":"M","21636":",","21637":"C","21638":"A","21639":"A","21640":"C","21641":"l","21642":"B","21643":",","21644":"S","21645":"A","21646":"A","21647":"S","21648":",","21649":"E","21650":"A","21651":"A","21652":"E","21653":";","21654":"Y","21655":"A","21656":"C","21657":"z","21658":"B","21659":",","21660":"I","21661":"A","21662":"A","21663":"I","21664":";","21665":"g","21666":"B","21667":"A","21668":"C","21669":"F","21670":"j","21671":"B","21672":",","21673":"e","21674":"A","21675":"A","21676":"E","21677":",","21678":"C","21679":"A","21680":"A","21681":"C","21682":"C","21683":",","21684":"S","21685":"A","21686":"A","21687":"S","21688":",","21689":"C","21690":"A","21691":"A","21692":"C","21693":",","21694":"I","21695":"A","21696":"A","21697":"I","21698":",","21699":"C","21700":"A","21701":"A","21702":"C","21703":"k","21704":"C","21705":",","21706":"M","21707":"A","21708":"A","21709":"M","21710":",","21711":"C","21712":"A","21713":"A","21714":"C","21715":"p","21716":"C","21717":",","21718":"M","21719":"A","21720":"A","21721":"M","21722":",","21723":"E","21724":"A","21725":"A","21726":"E","21727":";","21728":"o","21729":"B","21730":"A","21731":"A","21732":"E","21733":"G","21734":",","21735":"W","21736":"A","21737":"A","21738":"W","21739":";","21740":"g","21741":"B","21742":"A","21743":"A","21744":"K","21745":";","21746":"Y","21747":"A","21748":"C","21749":"r","21750":"D","21751":",","21752":"E","21753":"A","21754":"A","21755":"E","21756":",","21757":"O","21758":"A","21759":"A","21760":"O","21761":"C","21762":",","21763":"O","21764":"A","21765":"A","21766":"O","21767":";","21768":"g","21769":"B","21770":"A","21771":"C","21772":"d","21773":",","21774":"6","21775":"D","21776":"A","21777":"A","21778":"6","21779":"D","21780":";","21781":"g","21782":"B","21783":"A","21784":"C","21785":"7","21786":"D","21787":"I","21788":",","21789":"Q","21790":"A","21791":"A","21792":"Q","21793":"J","21794":",","21795":"K","21796":"A","21797":"A","21798":"K","21799":",","21800":"C","21801":"A","21802":"A","21803":"C","21804":",","21805":"C","21806":"A","21807":"A","21808":"C","21809":",","21810":"k","21811":"C","21812":"A","21813":"A","21814":"k","21815":"C","21816":",","21817":"E","21818":"A","21819":"A","21820":"E","21821":",","21822":"I","21823":"A","21824":"A","21825":"I","21826":",","21827":"C","21828":"A","21829":"A","21830":"C","21831":"g","21832":"C","21833":",","21834":"M","21835":"A","21836":"A","21837":"M","21838":",","21839":"C","21840":"A","21841":"A","21842":"C","21843":"p","21844":"C","21845":",","21846":"M","21847":"A","21848":"A","21849":"M","21850":",","21851":"C","21852":"A","21853":"A","21854":"C","21855":",","21856":"w","21857":"B","21858":"A","21859":"A","21860":"w","21861":"B","21862":",","21863":"C","21864":"A","21865":"A","21866":"C","21867":",","21868":"E","21869":"A","21870":"A","21871":"E","21872":"I","21873":";","21874":"g","21875":"B","21876":"A","21877":"C","21878":"j","21879":"G","21880":",","21881":"I","21882":"A","21883":"A","21884":"I","21885":",","21886":"C","21887":"A","21888":"A","21889":"C","21890":"g","21891":"C","21892":",","21893":"M","21894":"A","21895":"A","21896":"M","21897":",","21898":"C","21899":"A","21900":"A","21901":"C","21902":"l","21903":"B","21904":",","21905":"S","21906":"A","21907":"A","21908":"S","21909":",","21910":"G","21911":"A","21912":"A","21913":"G","21914":";","21915":"Y","21916":"A","21917":"C","21918":"1","21919":"B","21920":";","21921":"Q","21922":"A","21923":"C","21924":"F","21925":";","21926":"Q","21927":"A","21928":"E","21929":"A","21930":",","21931":"I","21932":"A","21933":"A","21934":"I","21935":",","21936":"C","21937":"A","21938":"A","21939":"C","21940":"q","21941":"B","21942":",","21943":"c","21944":"A","21945":"A","21946":"c","21947":",","21948":"G","21949":"A","21950":"A","21951":"G","21952":",","21953":"I","21954":"A","21955":"A","21956":"I","21957":",","21958":"C","21959":"A","21960":"A","21961":"C","21962":"C","21963":",","21964":"c","21965":"A","21966":"A","21967":"c","21968":";","21969":"Q","21970":"A","21971":"E","21972":"z","21973":"C","21974":",","21975":"w","21976":"C","21977":"A","21978":"A","21979":"w","21980":"C","21981":";","21982":"Q","21983":"A","21984":"C","21985":"x","21986":"C","21987":",","21988":"I","21989":"A","21990":"A","21991":"I","21992":",","21993":"C","21994":"A","21995":"A","21996":"C","21997":"R","21998":",","21999":"S","22000":"A","22001":"A","22002":"S","22003":",","22004":"G","22005":"A","22006":"A","22007":"G","22008":",","22009":"I","22010":"A","22011":"A","22012":"I","22013":",","22014":"C","22015":"A","22016":"A","22017":"C","22018":"I","22019":",","22020":"M","22021":"A","22022":"A","22023":"M","22024":",","22025":"C","22026":"A","22027":"A","22028":"C","22029":"Z","22030":",","22031":"g","22032":"B","22033":"A","22034":"A","22035":"g","22036":"B","22037":",","22038":"G","22039":"A","22040":"A","22041":"G","22042":"+","22043":"E","22044":",","22045":"I","22046":"A","22047":"A","22048":"A","22049":"A","22050":",","22051":"Q","22052":"A","22053":"A","22054":"M","22055":",","22056":"M","22057":"A","22058":"A","22059":"K","22060":";","22061":"Q","22062":"A","22063":"E","22064":"3","22065":"D","22066":",","22067":"q","22068":"B","22069":"A","22070":"A","22071":"q","22072":"B","22073":";","22074":"Q","22075":"A","22076":"C","22077":"r","22078":"B","22079":",","22080":"I","22081":"A","22082":"A","22083":"I","22084":",","22085":"I","22086":"A","22087":"A","22088":"I","22089":",","22090":"C","22091":"A","22092":"A","22093":"C","22094":"n","22095":"E","22096":",","22097":"M","22098":"A","22099":"A","22100":"M","22101":",","22102":"C","22103":"A","22104":"A","22105":"C","22106":"l","22107":"B","22108":",","22109":"S","22110":"A","22111":"A","22112":"S","22113":",","22114":"E","22115":"A","22116":"A","22117":"E","22118":";","22119":"Y","22120":"A","22121":"C","22122":"z","22123":"B","22124":",","22125":"I","22126":"A","22127":"A","22128":"I","22129":",","22130":"C","22131":"A","22132":"A","22133":"C","22134":"W","22135":",","22136":"g","22137":"B","22138":"A","22139":"A","22140":"g","22141":"B","22142":",","22143":"G","22144":"A","22145":"A","22146":"G","22147":"k","22148":"E","22149":",","22150":"K","22151":"A","22152":"A","22153":"K","22154":",","22155":"C","22156":"A","22157":"A","22158":"C","22159":"j","22160":"D","22161":",","22162":"C","22163":"A","22164":"A","22165":"A","22166":"A","22167":";","22168":"g","22169":"B","22170":"A","22171":"C","22172":"5","22173":"B","22174":",","22175":"0","22176":"E","22177":"A","22178":"A","22179":"0","22180":"E","22181":";","22182":"g","22183":"B","22184":"A","22185":"C","22186":"1","22187":"E","22188":"/","22189":"B","22190":",","22191":"Q","22192":"A","22193":"A","22194":"Q","22195":"0","22196":"E","22197":",","22198":"M","22199":"A","22200":"A","22201":"M","22202":",","22203":"C","22204":"A","22205":"A","22206":"C","22207":"D","22208":",","22209":"K","22210":"A","22211":"A","22212":"K","22213":",","22214":"C","22215":"A","22216":"A","22217":"C","22218":",","22219":"C","22220":"A","22221":"A","22222":"C","22223":",","22224":"6","22225":"B","22226":"A","22227":"A","22228":"6","22229":"B","22230":",","22231":"E","22232":"A","22233":"A","22234":"E","22235":"1","22236":"C","22237":",","22238":"I","22239":"A","22240":"A","22241":"I","22242":"2","22243":"B","22244":",","22245":"O","22246":"A","22247":"A","22248":"O","22249":",","22250":"C","22251":"A","22252":"A","22253":"C","22254":",","22255":"E","22256":"A","22257":"A","22258":"E","22259":",","22260":"C","22261":"A","22262":"A","22263":"C","22264":";","22265":"Y","22266":"A","22267":"C","22268":"t","22269":"E","22270":";","22271":"Q","22272":"A","22273":"C","22274":"F","22275":";","22276":"I","22277":"A","22278":"C","22279":"F","22280":";","22281":"A","22282":"A","22283":"+","22284":"P","22285":"F","22286":";","22287":"A","22288":"A","22289":"E","22290":"A","22291":",","22292":"8","22293":"D","22294":"A","22295":"A","22296":"8","22297":"D","22298":";","22299":"A","22300":"A","22301":"C","22302":"9","22303":"D","22304":",","22305":"I","22306":"A","22307":"A","22308":"I","22309":"+","22310":"B","22311":",","22312":"i","22313":"B","22314":"A","22315":"A","22316":"g","22317":"C","22318":";","22319":"A","22320":"A","22321":"G","22322":"7","22323":"B","22324":",","22325":"S","22326":"A","22327":"A","22328":"S","22329":"j","22330":"H","22331":",","22332":"U","22333":"A","22334":"A","22335":"U","22336":"6","22337":"C","22338":",","22339":"S","22340":"A","22341":"A","22342":"g","22343":"C","22344":",","22345":"C","22346":"A","22347":"A","22348":"C","22349":",","22350":"C","22351":"A","22352":"A","22353":"C","22354":";","22355":"I","22356":"A","22357":"C","22358":"1","22359":"D","22360":",","22361":"I","22362":"A","22363":"A","22364":"I","22365":",","22366":"C","22367":"A","22368":"A","22369":"C","22370":"o","22371":"E","22372":",","22373":"g","22374":"B","22375":"A","22376":"A","22377":"g","22378":"B","22379":";","22380":"Q","22381":"A","22382":"C","22383":"n","22384":"B","22385":"A","22386":",","22387":"i","22388":"B","22389":"A","22390":"A","22391":"i","22392":"B","22393":",","22394":"I","22395":"A","22396":"A","22397":"I","22398":"l","22399":"H","22400":",","22401":"O","22402":"A","22403":"A","22404":"O","22405":"8","22406":"C","22407":";","22408":"I","22409":"A","22410":"C","22411":"9","22412":"B","22413":",","22414":"O","22415":"A","22416":"A","22417":"O","22418":",","22419":"I","22420":"A","22421":"A","22422":"I","22423":"0","22424":"C","22425":",","22426":"O","22427":"A","22428":"A","22429":"O","22430":"C","22431":",","22432":"I","22433":"A","22434":"A","22435":"I","22436":",","22437":"C","22438":"A","22439":"A","22440":"C","22441":"3","22442":"C","22443":",","22444":"Q","22445":"A","22446":"A","22447":"Q","22448":"g","22449":"C","22450":",","22451":"M","22452":"A","22453":"A","22454":"M","22455":",","22456":"G","22457":"A","22458":"A","22459":"G","22460":",","22461":"G","22462":"A","22463":"A","22464":"G","22465":";","22466":"Q","22467":"A","22468":"C","22469":"z","22470":"C","22471":",","22472":"i","22473":"E","22474":"A","22475":"A","22476":"i","22477":"E","22478":";","22479":"Q","22480":"A","22481":"C","22482":"j","22483":"E","22484":"U","22485":",","22486":"O","22487":"A","22488":"A","22489":"O","22490":"2","22491":"B","22492":",","22493":"M","22494":"A","22495":"A","22496":"M","22497":",","22498":"C","22499":"A","22500":"A","22501":"C","22502":"D","22503":",","22504":"c","22505":"A","22506":"A","22507":"c","22508":",","22509":"C","22510":"A","22511":"A","22512":"C","22513":",","22514":"S","22515":"A","22516":"A","22517":"S","22518":",","22519":"E","22520":"A","22521":"A","22522":"E","22523":"p","22524":"E","22525":";","22526":"I","22527":"A","22528":"C","22529":"1","22530":"C","22531":";","22532":"I","22533":"A","22534":"C","22535":"A","22536":",","22537":"O","22538":"A","22539":"A","22540":"O","22541":"o","22542":"E","22543":";","22544":"A","22545":"A","22546":"C","22547":"T","22548":";","22549":"A","22550":"A","22551":"K","22552":"A","22553":",","22554":"4","22555":"C","22556":"A","22557":"A","22558":"4","22559":"C","22560":";","22561":"A","22562":"A","22563":"C","22564":"5","22565":"C","22566":",","22567":"M","22568":"A","22569":"A","22570":"M","22571":"E","22572":",","22573":"g","22574":"B","22575":"A","22576":"A","22577":"g","22578":"B","22579":"n","22580":"H","22581":";","22582":"M","22583":"A","22584":"C","22585":"t","22586":"B","22587":",","22588":"W","22589":"A","22590":"A","22591":"e","22592":"m","22593":"H","22594":"\"","22595":"}"},"_coverageSchema":"1a1c01bbd47fc00a2c39e90264f33305004495a9","hash":"3831f277059ba62be4d2ea8206c7d5f260e77630"}
}
