{"/Users/ma3u/projects/dust-mcp-server/src/dust.ts": {"path":"/Users/ma3u/projects/dust-mcp-server/src/dust.ts","statementMap":{"0":{"start":{"line":2,"column":0},"end":{"line":4,"column":3}},"1":{"start":{"line":5,"column":0},"end":{"line":10,"column":3}},"2":{"start":{"line":8,"column":8},"end":{"line":8,"column":24}},"3":{"start":{"line":11,"column":13},"end":{"line":11,"column":27}},"4":{"start":{"line":12,"column":30},"end":{"line":12,"column":73}},"5":{"start":{"line":13,"column":26},"end":{"line":13,"column":65}},"6":{"start":{"line":14,"column":28},"end":{"line":14,"column":69}},"7":{"start":{"line":15,"column":21},"end":{"line":15,"column":57}},"8":{"start":{"line":17,"column":4},"end":{"line":19,"column":6}},"9":{"start":{"line":22,"column":0},"end":{"line":22,"column":25}},"10":{"start":{"line":24,"column":16},"end":{"line":24,"column":57}},"11":{"start":{"line":25,"column":0},"end":{"line":29,"column":1}},"12":{"start":{"line":26,"column":4},"end":{"line":28,"column":7}},"13":{"start":{"line":32,"column":22},"end":{"line":32,"column":46}},"14":{"start":{"line":33,"column":23},"end":{"line":33,"column":102}},"15":{"start":{"line":35,"column":4},"end":{"line":35,"column":132}},"16":{"start":{"line":37,"column":4},"end":{"line":39,"column":5}},"17":{"start":{"line":38,"column":8},"end":{"line":38,"column":48}},"18":{"start":{"line":41,"column":17},"end":{"line":230,"column":1}},"19":{"start":{"line":43,"column":4},"end":{"line":91,"column":7}},"20":{"start":{"line":52,"column":8},"end":{"line":56,"column":11}},"21":{"start":{"line":57,"column":8},"end":{"line":90,"column":9}},"22":{"start":{"line":59,"column":27},"end":{"line":59,"column":122}},"23":{"start":{"line":60,"column":12},"end":{"line":64,"column":15}},"24":{"start":{"line":66,"column":12},"end":{"line":78,"column":14}},"25":{"start":{"line":80,"column":12},"end":{"line":80,"column":64}},"26":{"start":{"line":81,"column":12},"end":{"line":89,"column":14}},"27":{"start":{"line":93,"column":4},"end":{"line":151,"column":7}},"28":{"start":{"line":100,"column":8},"end":{"line":103,"column":11}},"29":{"start":{"line":104,"column":8},"end":{"line":150,"column":9}},"30":{"start":{"line":106,"column":27},"end":{"line":106,"column":78}},"31":{"start":{"line":107,"column":12},"end":{"line":107,"column":79}},"32":{"start":{"line":109,"column":29},"end":{"line":109,"column":58}},"33":{"start":{"line":110,"column":12},"end":{"line":110,"column":81}},"34":{"start":{"line":111,"column":12},"end":{"line":111,"column":52}},"35":{"start":{"line":112,"column":12},"end":{"line":115,"column":15}},"36":{"start":{"line":113,"column":37},"end":{"line":113,"column":66}},"37":{"start":{"line":114,"column":16},"end":{"line":114,"column":133}},"38":{"start":{"line":117,"column":30},"end":{"line":130,"column":29}},"39":{"start":{"line":117,"column":66},"end":{"line":130,"column":17}},"40":{"start":{"line":131,"column":12},"end":{"line":138,"column":14}},"41":{"start":{"line":140,"column":12},"end":{"line":140,"column":64}},"42":{"start":{"line":141,"column":12},"end":{"line":149,"column":14}},"43":{"start":{"line":153,"column":4},"end":{"line":229,"column":7}},"44":{"start":{"line":159,"column":8},"end":{"line":161,"column":11}},"45":{"start":{"line":162,"column":8},"end":{"line":228,"column":9}},"46":{"start":{"line":164,"column":27},"end":{"line":164,"column":75}},"47":{"start":{"line":165,"column":12},"end":{"line":167,"column":13}},"48":{"start":{"line":166,"column":16},"end":{"line":166,"column":71}},"49":{"start":{"line":168,"column":12},"end":{"line":168,"column":89}},"50":{"start":{"line":169,"column":32},"end":{"line":182,"column":13}},"51":{"start":{"line":184,"column":29},"end":{"line":184,"column":72}},"52":{"start":{"line":185,"column":12},"end":{"line":185,"column":53}},"53":{"start":{"line":186,"column":12},"end":{"line":186,"column":71}},"54":{"start":{"line":187,"column":12},"end":{"line":187,"column":68}},"55":{"start":{"line":188,"column":12},"end":{"line":188,"column":74}},"56":{"start":{"line":189,"column":12},"end":{"line":189,"column":114}},"57":{"start":{"line":190,"column":12},"end":{"line":190,"column":72}},"58":{"start":{"line":191,"column":12},"end":{"line":191,"column":48}},"59":{"start":{"line":192,"column":12},"end":{"line":198,"column":13}},"60":{"start":{"line":193,"column":16},"end":{"line":195,"column":19}},"61":{"start":{"line":194,"column":20},"end":{"line":194,"column":54}},"62":{"start":{"line":197,"column":16},"end":{"line":197,"column":59}},"63":{"start":{"line":199,"column":12},"end":{"line":199,"column":62}},"64":{"start":{"line":200,"column":12},"end":{"line":206,"column":13}},"65":{"start":{"line":201,"column":16},"end":{"line":203,"column":19}},"66":{"start":{"line":202,"column":20},"end":{"line":202,"column":50}},"67":{"start":{"line":205,"column":16},"end":{"line":205,"column":61}},"68":{"start":{"line":208,"column":12},"end":{"line":208,"column":92}},"69":{"start":{"line":209,"column":12},"end":{"line":216,"column":14}},"70":{"start":{"line":218,"column":12},"end":{"line":218,"column":69}},"71":{"start":{"line":219,"column":12},"end":{"line":227,"column":14}}},"fnMap":{"0":{"name":"(anonymous_0)","decl":{"start":{"line":7,"column":9},"end":{"line":7,"column":10}},"loc":{"start":{"line":7,"column":20},"end":{"line":9,"column":5}},"line":7},"1":{"name":"_interop_require_default","decl":{"start":{"line":16,"column":9},"end":{"line":16,"column":33}},"loc":{"start":{"line":16,"column":39},"end":{"line":20,"column":1}},"line":16},"2":{"name":"logger","decl":{"start":{"line":31,"column":9},"end":{"line":31,"column":15}},"loc":{"start":{"line":31,"column":38},"end":{"line":40,"column":1}},"line":31},"3":{"name":"(anonymous_3)","decl":{"start":{"line":41,"column":17},"end":{"line":41,"column":18}},"loc":{"start":{"line":41,"column":27},"end":{"line":230,"column":1}},"line":41},"4":{"name":"(anonymous_4)","decl":{"start":{"line":51,"column":7},"end":{"line":51,"column":8}},"loc":{"start":{"line":51,"column":62},"end":{"line":91,"column":5}},"line":51},"5":{"name":"(anonymous_5)","decl":{"start":{"line":99,"column":7},"end":{"line":99,"column":8}},"loc":{"start":{"line":99,"column":32},"end":{"line":151,"column":5}},"line":99},"6":{"name":"(anonymous_6)","decl":{"start":{"line":112,"column":27},"end":{"line":112,"column":28}},"loc":{"start":{"line":112,"column":36},"end":{"line":115,"column":13}},"line":112},"7":{"name":"(anonymous_7)","decl":{"start":{"line":117,"column":56},"end":{"line":117,"column":57}},"loc":{"start":{"line":117,"column":66},"end":{"line":130,"column":17}},"line":117},"8":{"name":"(anonymous_8)","decl":{"start":{"line":158,"column":7},"end":{"line":158,"column":8}},"loc":{"start":{"line":158,"column":29},"end":{"line":229,"column":5}},"line":158},"9":{"name":"(anonymous_9)","decl":{"start":{"line":193,"column":44},"end":{"line":193,"column":45}},"loc":{"start":{"line":193,"column":58},"end":{"line":195,"column":17}},"line":193},"10":{"name":"(anonymous_10)","decl":{"start":{"line":201,"column":54},"end":{"line":201,"column":55}},"loc":{"start":{"line":201,"column":64},"end":{"line":203,"column":17}},"line":201}},"branchMap":{"0":{"loc":{"start":{"line":17,"column":11},"end":{"line":19,"column":5}},"type":"cond-expr","locations":[{"start":{"line":17,"column":35},"end":{"line":17,"column":38}},{"start":{"line":17,"column":41},"end":{"line":19,"column":5}}],"line":17},"1":{"loc":{"start":{"line":17,"column":11},"end":{"line":17,"column":32}},"type":"binary-expr","locations":[{"start":{"line":17,"column":11},"end":{"line":17,"column":14}},{"start":{"line":17,"column":18},"end":{"line":17,"column":32}}],"line":17},"2":{"loc":{"start":{"line":25,"column":0},"end":{"line":29,"column":1}},"type":"if","locations":[{"start":{"line":25,"column":0},"end":{"line":29,"column":1}},{"start":{},"end":{}}],"line":25},"3":{"loc":{"start":{"line":33,"column":62},"end":{"line":33,"column":100}},"type":"cond-expr","locations":[{"start":{"line":33,"column":69},"end":{"line":33,"column":95}},{"start":{"line":33,"column":98},"end":{"line":33,"column":100}}],"line":33},"4":{"loc":{"start":{"line":37,"column":4},"end":{"line":39,"column":5}},"type":"if","locations":[{"start":{"line":37,"column":4},"end":{"line":39,"column":5}},{"start":{},"end":{}}],"line":37},"5":{"loc":{"start":{"line":59,"column":66},"end":{"line":59,"column":82}},"type":"binary-expr","locations":[{"start":{"line":59,"column":66},"end":{"line":59,"column":74}},{"start":{"line":59,"column":78},"end":{"line":59,"column":82}}],"line":59},"6":{"loc":{"start":{"line":59,"column":91},"end":{"line":59,"column":104}},"type":"binary-expr","locations":[{"start":{"line":59,"column":91},"end":{"line":59,"column":98}},{"start":{"line":59,"column":102},"end":{"line":59,"column":104}}],"line":59},"7":{"loc":{"start":{"line":114,"column":88},"end":{"line":114,"column":108}},"type":"binary-expr","locations":[{"start":{"line":114,"column":88},"end":{"line":114,"column":99}},{"start":{"line":114,"column":103},"end":{"line":114,"column":108}}],"line":114},"8":{"loc":{"start":{"line":165,"column":12},"end":{"line":167,"column":13}},"type":"if","locations":[{"start":{"line":165,"column":12},"end":{"line":167,"column":13}},{"start":{},"end":{}}],"line":165},"9":{"loc":{"start":{"line":179,"column":40},"end":{"line":179,"column":75}},"type":"binary-expr","locations":[{"start":{"line":179,"column":40},"end":{"line":179,"column":69}},{"start":{"line":179,"column":73},"end":{"line":179,"column":75}}],"line":179},"10":{"loc":{"start":{"line":180,"column":22},"end":{"line":180,"column":39}},"type":"binary-expr","locations":[{"start":{"line":180,"column":22},"end":{"line":180,"column":33}},{"start":{"line":180,"column":37},"end":{"line":180,"column":39}}],"line":180},"11":{"loc":{"start":{"line":187,"column":42},"end":{"line":187,"column":63}},"type":"binary-expr","locations":[{"start":{"line":187,"column":42},"end":{"line":187,"column":54}},{"start":{"line":187,"column":58},"end":{"line":187,"column":63}}],"line":187},"12":{"loc":{"start":{"line":188,"column":45},"end":{"line":188,"column":69}},"type":"binary-expr","locations":[{"start":{"line":188,"column":45},"end":{"line":188,"column":60}},{"start":{"line":188,"column":64},"end":{"line":188,"column":69}}],"line":188},"13":{"loc":{"start":{"line":189,"column":48},"end":{"line":189,"column":109}},"type":"cond-expr","locations":[{"start":{"line":189,"column":83},"end":{"line":189,"column":101}},{"start":{"line":189,"column":104},"end":{"line":189,"column":109}}],"line":189},"14":{"loc":{"start":{"line":190,"column":43},"end":{"line":190,"column":65}},"type":"binary-expr","locations":[{"start":{"line":190,"column":43},"end":{"line":190,"column":56}},{"start":{"line":190,"column":60},"end":{"line":190,"column":65}}],"line":190},"15":{"loc":{"start":{"line":192,"column":12},"end":{"line":198,"column":13}},"type":"if","locations":[{"start":{"line":192,"column":12},"end":{"line":198,"column":13}},{"start":{"line":196,"column":19},"end":{"line":198,"column":13}}],"line":192},"16":{"loc":{"start":{"line":200,"column":12},"end":{"line":206,"column":13}},"type":"if","locations":[{"start":{"line":200,"column":12},"end":{"line":206,"column":13}},{"start":{"line":204,"column":19},"end":{"line":206,"column":13}}],"line":200},"17":{"loc":{"start":{"line":200,"column":16},"end":{"line":200,"column":89}},"type":"binary-expr","locations":[{"start":{"line":200,"column":16},"end":{"line":200,"column":45}},{"start":{"line":200,"column":49},"end":{"line":200,"column":89}}],"line":200}},"s":{"0":1,"1":1,"2":8,"3":1,"4":1,"5":1,"6":1,"7":1,"8":3,"9":1,"10":1,"11":1,"12":0,"13":6,"14":6,"15":6,"16":6,"17":2,"18":1,"19":4,"20":1,"21":1,"22":1,"23":0,"24":0,"25":1,"26":1,"27":4,"28":1,"29":1,"30":1,"31":1,"32":1,"33":1,"34":1,"35":1,"36":23,"37":23,"38":1,"39":23,"40":1,"41":0,"42":0,"43":4,"44":1,"45":1,"46":1,"47":1,"48":1,"49":0,"50":0,"51":0,"52":0,"53":0,"54":0,"55":0,"56":0,"57":0,"58":0,"59":0,"60":0,"61":0,"62":0,"63":0,"64":0,"65":0,"66":0,"67":0,"68":0,"69":0,"70":1,"71":1},"f":{"0":8,"1":3,"2":6,"3":4,"4":1,"5":1,"6":23,"7":23,"8":1,"9":0,"10":0},"b":{"0":[0,3],"1":[3,3],"2":[0,1],"3":[5,1],"4":[2,4],"5":[1,0],"6":[1,0],"7":[23,0],"8":[1,0],"9":[0,0],"10":[0,0],"11":[0,0],"12":[0,0],"13":[0,0],"14":[0,0],"15":[0,0],"16":[0,0],"17":[0,0]},"inputSourceMap":{"0":"{","1":"\"","2":"v","3":"e","4":"r","5":"s","6":"i","7":"o","8":"n","9":"\"","10":":","11":"3","12":",","13":"\"","14":"s","15":"o","16":"u","17":"r","18":"c","19":"e","20":"s","21":"\"","22":":","23":"[","24":"\"","25":"/","26":"U","27":"s","28":"e","29":"r","30":"s","31":"/","32":"m","33":"a","34":"3","35":"u","36":"/","37":"p","38":"r","39":"o","40":"j","41":"e","42":"c","43":"t","44":"s","45":"/","46":"d","47":"u","48":"s","49":"t","50":"-","51":"m","52":"c","53":"p","54":"-","55":"s","56":"e","57":"r","58":"v","59":"e","60":"r","61":"/","62":"s","63":"r","64":"c","65":"/","66":"d","67":"u","68":"s","69":"t","70":".","71":"t","72":"s","73":"\"","74":"]","75":",","76":"\"","77":"s","78":"o","79":"u","80":"r","81":"c","82":"e","83":"s","84":"C","85":"o","86":"n","87":"t","88":"e","89":"n","90":"t","91":"\"","92":":","93":"[","94":"\"","95":"i","96":"m","97":"p","98":"o","99":"r","100":"t","101":" ","102":"{","103":" ","104":"z","105":" ","106":"}","107":" ","108":"f","109":"r","110":"o","111":"m","112":" ","113":"\\","114":"\"","115":"z","116":"o","117":"d","118":"\\","119":"\"","120":";","121":"\\","122":"n","123":"i","124":"m","125":"p","126":"o","127":"r","128":"t","129":" ","130":"{","131":" ","132":"M","133":"c","134":"p","135":"S","136":"e","137":"r","138":"v","139":"e","140":"r","141":" ","142":"}","143":" ","144":"f","145":"r","146":"o","147":"m","148":" ","149":"\\","150":"\"","151":"@","152":"m","153":"o","154":"d","155":"e","156":"l","157":"c","158":"o","159":"n","160":"t","161":"e","162":"x","163":"t","164":"p","165":"r","166":"o","167":"t","168":"o","169":"c","170":"o","171":"l","172":"/","173":"s","174":"d","175":"k","176":"/","177":"s","178":"e","179":"r","180":"v","181":"e","182":"r","183":"/","184":"m","185":"c","186":"p","187":".","188":"j","189":"s","190":"\\","191":"\"","192":";","193":"\\","194":"n","195":"i","196":"m","197":"p","198":"o","199":"r","200":"t","201":" ","202":"d","203":"o","204":"t","205":"e","206":"n","207":"v","208":" ","209":"f","210":"r","211":"o","212":"m","213":" ","214":"\\","215":"\"","216":"d","217":"o","218":"t","219":"e","220":"n","221":"v","222":"\\","223":"\"","224":";","225":"\\","226":"n","227":"i","228":"m","229":"p","230":"o","231":"r","232":"t","233":" ","234":"f","235":"s","236":" ","237":"f","238":"r","239":"o","240":"m","241":" ","242":"\\","243":"\"","244":"f","245":"s","246":"\\","247":"\"","248":";","249":"\\","250":"n","251":"i","252":"m","253":"p","254":"o","255":"r","256":"t","257":" ","258":"p","259":"a","260":"t","261":"h","262":" ","263":"f","264":"r","265":"o","266":"m","267":" ","268":"\\","269":"\"","270":"p","271":"a","272":"t","273":"h","274":"\\","275":"\"","276":";","277":"\\","278":"n","279":"i","280":"m","281":"p","282":"o","283":"r","284":"t","285":" ","286":"{","287":" ","288":"q","289":"u","290":"e","291":"r","292":"y","293":"D","294":"u","295":"s","296":"t","297":"A","298":"g","299":"e","300":"n","301":"t","302":",","303":" ","304":"g","305":"e","306":"t","307":"A","308":"g","309":"e","310":"n","311":"t","312":"C","313":"o","314":"n","315":"f","316":"i","317":"g","318":",","319":" ","320":"l","321":"i","322":"s","323":"t","324":"D","325":"u","326":"s","327":"t","328":"A","329":"g","330":"e","331":"n","332":"t","333":"s","334":",","335":" ","336":"A","337":"g","338":"e","339":"n","340":"t","341":"C","342":"o","343":"n","344":"f","345":"i","346":"g","347":" ","348":"}","349":" ","350":"f","351":"r","352":"o","353":"m","354":" ","355":"\\","356":"\"","357":".","358":"/","359":"s","360":"e","361":"r","362":"v","363":"i","364":"c","365":"e","366":"s","367":"/","368":"d","369":"u","370":"s","371":"t","372":"S","373":"e","374":"r","375":"v","376":"i","377":"c","378":"e","379":".","380":"j","381":"s","382":"\\","383":"\"","384":";","385":"\\","386":"n","387":"\\","388":"n","389":"/","390":"/","391":" ","392":"L","393":"o","394":"a","395":"d","396":" ","397":"e","398":"n","399":"v","400":"i","401":"r","402":"o","403":"n","404":"m","405":"e","406":"n","407":"t","408":" ","409":"v","410":"a","411":"r","412":"i","413":"a","414":"b","415":"l","416":"e","417":"s","418":"\\","419":"n","420":"d","421":"o","422":"t","423":"e","424":"n","425":"v","426":".","427":"c","428":"o","429":"n","430":"f","431":"i","432":"g","433":"(","434":")","435":";","436":"\\","437":"n","438":"\\","439":"n","440":"/","441":"/","442":" ","443":"S","444":"e","445":"t","446":"u","447":"p","448":" ","449":"l","450":"o","451":"g","452":"g","453":"i","454":"n","455":"g","456":" ","457":"d","458":"i","459":"r","460":"e","461":"c","462":"t","463":"o","464":"r","465":"y","466":"\\","467":"n","468":"c","469":"o","470":"n","471":"s","472":"t","473":" ","474":"L","475":"O","476":"G","477":"_","478":"D","479":"I","480":"R","481":" ","482":"=","483":" ","484":"p","485":"a","486":"t","487":"h","488":".","489":"j","490":"o","491":"i","492":"n","493":"(","494":"p","495":"r","496":"o","497":"c","498":"e","499":"s","500":"s","501":".","502":"c","503":"w","504":"d","505":"(","506":")","507":",","508":" ","509":"'","510":"l","511":"o","512":"g","513":"s","514":"'","515":")","516":";","517":"\\","518":"n","519":"i","520":"f","521":" ","522":"(","523":"!","524":"f","525":"s","526":".","527":"e","528":"x","529":"i","530":"s","531":"t","532":"s","533":"S","534":"y","535":"n","536":"c","537":"(","538":"L","539":"O","540":"G","541":"_","542":"D","543":"I","544":"R","545":")","546":")","547":" ","548":"{","549":"\\","550":"n","551":" ","552":" ","553":"f","554":"s","555":".","556":"m","557":"k","558":"d","559":"i","560":"r","561":"S","562":"y","563":"n","564":"c","565":"(","566":"L","567":"O","568":"G","569":"_","570":"D","571":"I","572":"R","573":",","574":" ","575":"{","576":" ","577":"r","578":"e","579":"c","580":"u","581":"r","582":"s","583":"i","584":"v","585":"e","586":":","587":" ","588":"t","589":"r","590":"u","591":"e","592":" ","593":"}","594":")","595":";","596":"\\","597":"n","598":"}","599":"\\","600":"n","601":"\\","602":"n","603":"/","604":"/","605":" ","606":"L","607":"o","608":"g","609":"g","610":"e","611":"r","612":" ","613":"f","614":"u","615":"n","616":"c","617":"t","618":"i","619":"o","620":"n","621":" ","622":"t","623":"h","624":"a","625":"t","626":" ","627":"d","628":"o","629":"e","630":"s","631":"n","632":"'","633":"t","634":" ","635":"i","636":"n","637":"t","638":"e","639":"r","640":"f","641":"e","642":"r","643":"e","644":" ","645":"w","646":"i","647":"t","648":"h","649":" ","650":"S","651":"T","652":"D","653":"I","654":"O","655":"\\","656":"n","657":"f","658":"u","659":"n","660":"c","661":"t","662":"i","663":"o","664":"n","665":" ","666":"l","667":"o","668":"g","669":"g","670":"e","671":"r","672":"(","673":"l","674":"e","675":"v","676":"e","677":"l","678":":","679":" ","680":"s","681":"t","682":"r","683":"i","684":"n","685":"g","686":",","687":" ","688":"m","689":"e","690":"s","691":"s","692":"a","693":"g","694":"e","695":":","696":" ","697":"s","698":"t","699":"r","700":"i","701":"n","702":"g","703":",","704":" ","705":"d","706":"a","707":"t","708":"a","709":"?","710":":","711":" ","712":"a","713":"n","714":"y","715":")","716":":","717":" ","718":"v","719":"o","720":"i","721":"d","722":" ","723":"{","724":"\\","725":"n","726":" ","727":" ","728":"c","729":"o","730":"n","731":"s","732":"t","733":" ","734":"t","735":"i","736":"m","737":"e","738":"s","739":"t","740":"a","741":"m","742":"p","743":" ","744":"=","745":" ","746":"n","747":"e","748":"w","749":" ","750":"D","751":"a","752":"t","753":"e","754":"(","755":")","756":".","757":"t","758":"o","759":"I","760":"S","761":"O","762":"S","763":"t","764":"r","765":"i","766":"n","767":"g","768":"(","769":")","770":";","771":"\\","772":"n","773":" ","774":" ","775":"c","776":"o","777":"n","778":"s","779":"t","780":" ","781":"l","782":"o","783":"g","784":"M","785":"e","786":"s","787":"s","788":"a","789":"g","790":"e","791":" ","792":"=","793":" ","794":"`","795":"[","796":"$","797":"{","798":"t","799":"i","800":"m","801":"e","802":"s","803":"t","804":"a","805":"m","806":"p","807":"}","808":"]","809":" ","810":"[","811":"$","812":"{","813":"l","814":"e","815":"v","816":"e","817":"l","818":"}","819":"]","820":" ","821":"$","822":"{","823":"m","824":"e","825":"s","826":"s","827":"a","828":"g","829":"e","830":"}","831":"$","832":"{","833":"d","834":"a","835":"t","836":"a","837":" ","838":"?","839":" ","840":"'","841":" ","842":"'","843":" ","844":"+","845":" ","846":"J","847":"S","848":"O","849":"N","850":".","851":"s","852":"t","853":"r","854":"i","855":"n","856":"g","857":"i","858":"f","859":"y","860":"(","861":"d","862":"a","863":"t","864":"a","865":")","866":" ","867":":","868":" ","869":"'","870":"'","871":"}","872":"`","873":";","874":"\\","875":"n","876":" ","877":" ","878":"\\","879":"n","880":" ","881":" ","882":"/","883":"/","884":" ","885":"W","886":"r","887":"i","888":"t","889":"e","890":" ","891":"t","892":"o","893":" ","894":"l","895":"o","896":"g","897":" ","898":"f","899":"i","900":"l","901":"e","902":"\\","903":"n","904":" ","905":" ","906":"f","907":"s","908":".","909":"a","910":"p","911":"p","912":"e","913":"n","914":"d","915":"F","916":"i","917":"l","918":"e","919":"S","920":"y","921":"n","922":"c","923":"(","924":"p","925":"a","926":"t","927":"h","928":".","929":"j","930":"o","931":"i","932":"n","933":"(","934":"L","935":"O","936":"G","937":"_","938":"D","939":"I","940":"R","941":",","942":" ","943":"`","944":"m","945":"c","946":"p","947":"-","948":"$","949":"{","950":"n","951":"e","952":"w","953":" ","954":"D","955":"a","956":"t","957":"e","958":"(","959":")","960":".","961":"t","962":"o","963":"I","964":"S","965":"O","966":"S","967":"t","968":"r","969":"i","970":"n","971":"g","972":"(","973":")","974":".","975":"s","976":"p","977":"l","978":"i","979":"t","980":"(","981":"'","982":"T","983":"'","984":")","985":"[","986":"0","987":"]","988":"}","989":".","990":"l","991":"o","992":"g","993":"`","994":")","995":",","996":" ","997":"l","998":"o","999":"g","1000":"M","1001":"e","1002":"s","1003":"s","1004":"a","1005":"g","1006":"e","1007":" ","1008":"+","1009":" ","1010":"'","1011":"\\","1012":"\\","1013":"n","1014":"'","1015":")","1016":";","1017":"\\","1018":"n","1019":" ","1020":" ","1021":"\\","1022":"n","1023":" ","1024":" ","1025":"/","1026":"/","1027":" ","1028":"A","1029":"l","1030":"s","1031":"o","1032":" ","1033":"o","1034":"u","1035":"t","1036":"p","1037":"u","1038":"t","1039":" ","1040":"t","1041":"o","1042":" ","1043":"s","1044":"t","1045":"d","1046":"e","1047":"r","1048":"r","1049":" ","1050":"f","1051":"o","1052":"r","1053":" ","1054":"d","1055":"e","1056":"b","1057":"u","1058":"g","1059":"g","1060":"i","1061":"n","1062":"g","1063":" ","1064":"(","1065":"d","1066":"o","1067":"e","1068":"s","1069":"n","1070":"'","1071":"t","1072":" ","1073":"i","1074":"n","1075":"t","1076":"e","1077":"r","1078":"f","1079":"e","1080":"r","1081":"e","1082":" ","1083":"w","1084":"i","1085":"t","1086":"h","1087":" ","1088":"S","1089":"T","1090":"D","1091":"I","1092":"O","1093":" ","1094":"t","1095":"r","1096":"a","1097":"n","1098":"s","1099":"p","1100":"o","1101":"r","1102":"t","1103":")","1104":"\\","1105":"n","1106":" ","1107":" ","1108":"i","1109":"f","1110":" ","1111":"(","1112":"l","1113":"e","1114":"v","1115":"e","1116":"l","1117":" ","1118":"=","1119":"=","1120":"=","1121":" ","1122":"'","1123":"E","1124":"R","1125":"R","1126":"O","1127":"R","1128":"'","1129":")","1130":" ","1131":"{","1132":"\\","1133":"n","1134":" ","1135":" ","1136":" ","1137":" ","1138":"p","1139":"r","1140":"o","1141":"c","1142":"e","1143":"s","1144":"s","1145":".","1146":"s","1147":"t","1148":"d","1149":"e","1150":"r","1151":"r","1152":".","1153":"w","1154":"r","1155":"i","1156":"t","1157":"e","1158":"(","1159":"l","1160":"o","1161":"g","1162":"M","1163":"e","1164":"s","1165":"s","1166":"a","1167":"g","1168":"e","1169":" ","1170":"+","1171":" ","1172":"'","1173":"\\","1174":"\\","1175":"n","1176":"'","1177":")","1178":";","1179":"\\","1180":"n","1181":" ","1182":" ","1183":"}","1184":"\\","1185":"n","1186":"}","1187":"\\","1188":"n","1189":"\\","1190":"n","1191":"e","1192":"x","1193":"p","1194":"o","1195":"r","1196":"t","1197":" ","1198":"d","1199":"e","1200":"f","1201":"a","1202":"u","1203":"l","1204":"t","1205":" ","1206":"(","1207":"s","1208":"e","1209":"r","1210":"v","1211":"e","1212":"r","1213":":","1214":" ","1215":"M","1216":"c","1217":"p","1218":"S","1219":"e","1220":"r","1221":"v","1222":"e","1223":"r","1224":")","1225":" ","1226":"=","1227":">","1228":" ","1229":"{","1230":"\\","1231":"n","1232":" ","1233":" ","1234":"/","1235":"/","1236":" ","1237":"R","1238":"e","1239":"g","1240":"i","1241":"s","1242":"t","1243":"e","1244":"r","1245":" ","1246":"t","1247":"h","1248":"e","1249":" ","1250":"s","1251":"i","1252":"n","1253":"g","1254":"l","1255":"e","1256":" ","1257":"a","1258":"g","1259":"e","1260":"n","1261":"t","1262":" ","1263":"q","1264":"u","1265":"e","1266":"r","1267":"y","1268":" ","1269":"t","1270":"o","1271":"o","1272":"l","1273":"\\","1274":"n","1275":" ","1276":" ","1277":"s","1278":"e","1279":"r","1280":"v","1281":"e","1282":"r","1283":".","1284":"t","1285":"o","1286":"o","1287":"l","1288":"(","1289":"\\","1290":"n","1291":" ","1292":" ","1293":" ","1294":" ","1295":"\\","1296":"\"","1297":"d","1298":"u","1299":"s","1300":"t","1301":"_","1302":"a","1303":"g","1304":"e","1305":"n","1306":"t","1307":"_","1308":"q","1309":"u","1310":"e","1311":"r","1312":"y","1313":"\\","1314":"\"","1315":",","1316":"\\","1317":"n","1318":" ","1319":" ","1320":" ","1321":" ","1322":"{","1323":"\\","1324":"n","1325":" ","1326":" ","1327":" ","1328":" ","1329":" ","1330":" ","1331":"d","1332":"e","1333":"s","1334":"c","1335":"r","1336":"i","1337":"p","1338":"t","1339":"i","1340":"o","1341":"n","1342":":","1343":" ","1344":"\\","1345":"\"","1346":"Q","1347":"u","1348":"e","1349":"r","1350":"y","1351":" ","1352":"a","1353":" ","1354":"D","1355":"u","1356":"s","1357":"t","1358":" ","1359":"a","1360":"g","1361":"e","1362":"n","1363":"t","1364":" ","1365":"w","1366":"i","1367":"t","1368":"h","1369":" ","1370":"a","1371":" ","1372":"m","1373":"e","1374":"s","1375":"s","1376":"a","1377":"g","1378":"e","1379":"\\","1380":"\"","1381":",","1382":"\\","1383":"n","1384":" ","1385":" ","1386":" ","1387":" ","1388":" ","1389":" ","1390":"p","1391":"a","1392":"r","1393":"a","1394":"m","1395":"e","1396":"t","1397":"e","1398":"r","1399":"s","1400":":","1401":" ","1402":"z","1403":".","1404":"o","1405":"b","1406":"j","1407":"e","1408":"c","1409":"t","1410":"(","1411":"{","1412":"\\","1413":"n","1414":" ","1415":" ","1416":" ","1417":" ","1418":" ","1419":" ","1420":" ","1421":" ","1422":"a","1423":"g","1424":"e","1425":"n","1426":"t","1427":"_","1428":"i","1429":"d","1430":":","1431":" ","1432":"z","1433":".","1434":"s","1435":"t","1436":"r","1437":"i","1438":"n","1439":"g","1440":"(","1441":")","1442":".","1443":"o","1444":"p","1445":"t","1446":"i","1447":"o","1448":"n","1449":"a","1450":"l","1451":"(","1452":")","1453":".","1454":"d","1455":"e","1456":"s","1457":"c","1458":"r","1459":"i","1460":"b","1461":"e","1462":"(","1463":"\\","1464":"\"","1465":"I","1466":"D","1467":" ","1468":"o","1469":"f","1470":" ","1471":"t","1472":"h","1473":"e","1474":" ","1475":"a","1476":"g","1477":"e","1478":"n","1479":"t","1480":" ","1481":"t","1482":"o","1483":" ","1484":"q","1485":"u","1486":"e","1487":"r","1488":"y","1489":" ","1490":"(","1491":"o","1492":"p","1493":"t","1494":"i","1495":"o","1496":"n","1497":"a","1498":"l","1499":",","1500":" ","1501":"w","1502":"i","1503":"l","1504":"l","1505":" ","1506":"u","1507":"s","1508":"e","1509":" ","1510":"d","1511":"e","1512":"f","1513":"a","1514":"u","1515":"l","1516":"t","1517":" ","1518":"i","1519":"f","1520":" ","1521":"n","1522":"o","1523":"t","1524":" ","1525":"p","1526":"r","1527":"o","1528":"v","1529":"i","1530":"d","1531":"e","1532":"d","1533":")","1534":"\\","1535":"\"","1536":")","1537":",","1538":"\\","1539":"n","1540":" ","1541":" ","1542":" ","1543":" ","1544":" ","1545":" ","1546":" ","1547":" ","1548":"q","1549":"u","1550":"e","1551":"r","1552":"y","1553":":","1554":" ","1555":"z","1556":".","1557":"s","1558":"t","1559":"r","1560":"i","1561":"n","1562":"g","1563":"(","1564":")","1565":".","1566":"d","1567":"e","1568":"s","1569":"c","1570":"r","1571":"i","1572":"b","1573":"e","1574":"(","1575":"\\","1576":"\"","1577":"M","1578":"e","1579":"s","1580":"s","1581":"a","1582":"g","1583":"e","1584":" ","1585":"t","1586":"o","1587":" ","1588":"s","1589":"e","1590":"n","1591":"d","1592":" ","1593":"t","1594":"o","1595":" ","1596":"t","1597":"h","1598":"e","1599":" ","1600":"a","1601":"g","1602":"e","1603":"n","1604":"t","1605":"\\","1606":"\"","1607":")","1608":",","1609":"\\","1610":"n","1611":" ","1612":" ","1613":" ","1614":" ","1615":" ","1616":" ","1617":" ","1618":" ","1619":"c","1620":"o","1621":"n","1622":"v","1623":"e","1624":"r","1625":"s","1626":"a","1627":"t","1628":"i","1629":"o","1630":"n","1631":"_","1632":"i","1633":"d","1634":":","1635":" ","1636":"z","1637":".","1638":"s","1639":"t","1640":"r","1641":"i","1642":"n","1643":"g","1644":"(","1645":")","1646":".","1647":"o","1648":"p","1649":"t","1650":"i","1651":"o","1652":"n","1653":"a","1654":"l","1655":"(","1656":")","1657":".","1658":"d","1659":"e","1660":"s","1661":"c","1662":"r","1663":"i","1664":"b","1665":"e","1666":"(","1667":"\\","1668":"\"","1669":"O","1670":"p","1671":"t","1672":"i","1673":"o","1674":"n","1675":"a","1676":"l","1677":" ","1678":"c","1679":"o","1680":"n","1681":"v","1682":"e","1683":"r","1684":"s","1685":"a","1686":"t","1687":"i","1688":"o","1689":"n","1690":" ","1691":"I","1692":"D","1693":" ","1694":"t","1695":"o","1696":" ","1697":"c","1698":"o","1699":"n","1700":"t","1701":"i","1702":"n","1703":"u","1704":"e","1705":" ","1706":"a","1707":"n","1708":" ","1709":"e","1710":"x","1711":"i","1712":"s","1713":"t","1714":"i","1715":"n","1716":"g","1717":" ","1718":"c","1719":"o","1720":"n","1721":"v","1722":"e","1723":"r","1724":"s","1725":"a","1726":"t","1727":"i","1728":"o","1729":"n","1730":"\\","1731":"\"","1732":")","1733":",","1734":"\\","1735":"n","1736":" ","1737":" ","1738":" ","1739":" ","1740":" ","1741":" ","1742":" ","1743":" ","1744":"c","1745":"o","1746":"n","1747":"t","1748":"e","1749":"x","1750":"t","1751":":","1752":" ","1753":"z","1754":".","1755":"r","1756":"e","1757":"c","1758":"o","1759":"r","1760":"d","1761":"(","1762":"z","1763":".","1764":"a","1765":"n","1766":"y","1767":"(","1768":")","1769":")","1770":".","1771":"o","1772":"p","1773":"t","1774":"i","1775":"o","1776":"n","1777":"a","1778":"l","1779":"(","1780":")","1781":".","1782":"d","1783":"e","1784":"s","1785":"c","1786":"r","1787":"i","1788":"b","1789":"e","1790":"(","1791":"\\","1792":"\"","1793":"O","1794":"p","1795":"t","1796":"i","1797":"o","1798":"n","1799":"a","1800":"l","1801":" ","1802":"c","1803":"o","1804":"n","1805":"t","1806":"e","1807":"x","1808":"t","1809":" ","1810":"f","1811":"o","1812":"r","1813":" ","1814":"t","1815":"h","1816":"e","1817":" ","1818":"a","1819":"g","1820":"e","1821":"n","1822":"t","1823":"\\","1824":"\"","1825":")","1826":"\\","1827":"n","1828":" ","1829":" ","1830":" ","1831":" ","1832":" ","1833":" ","1834":"}","1835":")","1836":"\\","1837":"n","1838":" ","1839":" ","1840":" ","1841":" ","1842":"}","1843":",","1844":"\\","1845":"n","1846":" ","1847":" ","1848":" ","1849":" ","1850":"a","1851":"s","1852":"y","1853":"n","1854":"c","1855":" ","1856":"(","1857":"{","1858":" ","1859":"a","1860":"g","1861":"e","1862":"n","1863":"t","1864":"_","1865":"i","1866":"d","1867":",","1868":" ","1869":"q","1870":"u","1871":"e","1872":"r","1873":"y","1874":",","1875":" ","1876":"c","1877":"o","1878":"n","1879":"v","1880":"e","1881":"r","1882":"s","1883":"a","1884":"t","1885":"i","1886":"o","1887":"n","1888":"_","1889":"i","1890":"d","1891":",","1892":" ","1893":"c","1894":"o","1895":"n","1896":"t","1897":"e","1898":"x","1899":"t","1900":" ","1901":"}","1902":")","1903":" ","1904":"=","1905":">","1906":" ","1907":"{","1908":"\\","1909":"n","1910":" ","1911":" ","1912":" ","1913":" ","1914":" ","1915":" ","1916":"l","1917":"o","1918":"g","1919":"g","1920":"e","1921":"r","1922":"(","1923":"'","1924":"I","1925":"N","1926":"F","1927":"O","1928":"'","1929":",","1930":" ","1931":"'","1932":"R","1933":"e","1934":"c","1935":"e","1936":"i","1937":"v","1938":"e","1939":"d","1940":" ","1941":"d","1942":"u","1943":"s","1944":"t","1945":"_","1946":"a","1947":"g","1948":"e","1949":"n","1950":"t","1951":"_","1952":"q","1953":"u","1954":"e","1955":"r","1956":"y","1957":" ","1958":"r","1959":"e","1960":"q","1961":"u","1962":"e","1963":"s","1964":"t","1965":"'","1966":",","1967":" ","1968":"{","1969":" ","1970":"a","1971":"g","1972":"e","1973":"n","1974":"t","1975":"_","1976":"i","1977":"d","1978":",","1979":" ","1980":"q","1981":"u","1982":"e","1983":"r","1984":"y","1985":"_","1986":"l","1987":"e","1988":"n","1989":"g","1990":"t","1991":"h","1992":":","1993":" ","1994":"q","1995":"u","1996":"e","1997":"r","1998":"y","1999":".","2000":"l","2001":"e","2002":"n","2003":"g","2004":"t","2005":"h","2006":",","2007":" ","2008":"c","2009":"o","2010":"n","2011":"v","2012":"e","2013":"r","2014":"s","2015":"a","2016":"t","2017":"i","2018":"o","2019":"n","2020":"_","2021":"i","2022":"d","2023":" ","2024":"}","2025":")","2026":";","2027":"\\","2028":"n","2029":" ","2030":" ","2031":" ","2032":" ","2033":" ","2034":" ","2035":"\\","2036":"n","2037":" ","2038":" ","2039":" ","2040":" ","2041":" ","2042":" ","2043":"t","2044":"r","2045":"y","2046":" ","2047":"{","2048":"\\","2049":"n","2050":" ","2051":" ","2052":" ","2053":" ","2054":" ","2055":" ","2056":" ","2057":" ","2058":"/","2059":"/","2060":" ","2061":"U","2062":"s","2063":"e","2064":" ","2065":"t","2066":"h","2067":"e","2068":" ","2069":"i","2070":"m","2071":"p","2072":"o","2073":"r","2074":"t","2075":"e","2076":"d","2077":" ","2078":"q","2079":"u","2080":"e","2081":"r","2082":"y","2083":"D","2084":"u","2085":"s","2086":"t","2087":"A","2088":"g","2089":"e","2090":"n","2091":"t","2092":" ","2093":"f","2094":"u","2095":"n","2096":"c","2097":"t","2098":"i","2099":"o","2100":"n","2101":" ","2102":"f","2103":"r","2104":"o","2105":"m","2106":" ","2107":"t","2108":"h","2109":"e","2110":" ","2111":"s","2112":"e","2113":"r","2114":"v","2115":"i","2116":"c","2117":"e","2118":"\\","2119":"n","2120":" ","2121":" ","2122":" ","2123":" ","2124":" ","2125":" ","2126":" ","2127":" ","2128":"c","2129":"o","2130":"n","2131":"s","2132":"t","2133":" ","2134":"r","2135":"e","2136":"s","2137":"u","2138":"l","2139":"t","2140":" ","2141":"=","2142":" ","2143":"a","2144":"w","2145":"a","2146":"i","2147":"t","2148":" ","2149":"q","2150":"u","2151":"e","2152":"r","2153":"y","2154":"D","2155":"u","2156":"s","2157":"t","2158":"A","2159":"g","2160":"e","2161":"n","2162":"t","2163":"(","2164":"\\","2165":"n","2166":" ","2167":" ","2168":" ","2169":" ","2170":" ","2171":" ","2172":" ","2173":" ","2174":" ","2175":" ","2176":"a","2177":"g","2178":"e","2179":"n","2180":"t","2181":"_","2182":"i","2183":"d","2184":" ","2185":"|","2186":"|","2187":" ","2188":"n","2189":"u","2190":"l","2191":"l","2192":",","2193":"\\","2194":"n","2195":" ","2196":" ","2197":" ","2198":" ","2199":" ","2200":" ","2201":" ","2202":" ","2203":" ","2204":" ","2205":"q","2206":"u","2207":"e","2208":"r","2209":"y","2210":",","2211":"\\","2212":"n","2213":" ","2214":" ","2215":" ","2216":" ","2217":" ","2218":" ","2219":" ","2220":" ","2221":" ","2222":" ","2223":"c","2224":"o","2225":"n","2226":"t","2227":"e","2228":"x","2229":"t","2230":" ","2231":"|","2232":"|","2233":" ","2234":"{","2235":"}","2236":",","2237":"\\","2238":"n","2239":" ","2240":" ","2241":" ","2242":" ","2243":" ","2244":" ","2245":" ","2246":" ","2247":" ","2248":" ","2249":"c","2250":"o","2251":"n","2252":"v","2253":"e","2254":"r","2255":"s","2256":"a","2257":"t","2258":"i","2259":"o","2260":"n","2261":"_","2262":"i","2263":"d","2264":"\\","2265":"n","2266":" ","2267":" ","2268":" ","2269":" ","2270":" ","2271":" ","2272":" ","2273":" ","2274":")","2275":";","2276":"\\","2277":"n","2278":" ","2279":" ","2280":" ","2281":" ","2282":" ","2283":" ","2284":" ","2285":" ","2286":"\\","2287":"n","2288":" ","2289":" ","2290":" ","2291":" ","2292":" ","2293":" ","2294":" ","2295":" ","2296":"l","2297":"o","2298":"g","2299":"g","2300":"e","2301":"r","2302":"(","2303":"'","2304":"I","2305":"N","2306":"F","2307":"O","2308":"'","2309":",","2310":" ","2311":"'","2312":"S","2313":"u","2314":"c","2315":"c","2316":"e","2317":"s","2318":"s","2319":"f","2320":"u","2321":"l","2322":"l","2323":"y","2324":" ","2325":"q","2326":"u","2327":"e","2328":"r","2329":"i","2330":"e","2331":"d","2332":" ","2333":"D","2334":"u","2335":"s","2336":"t","2337":" ","2338":"a","2339":"g","2340":"e","2341":"n","2342":"t","2343":"'","2344":",","2345":" ","2346":"{","2347":" ","2348":"\\","2349":"n","2350":" ","2351":" ","2352":" ","2353":" ","2354":" ","2355":" ","2356":" ","2357":" ","2358":" ","2359":" ","2360":"a","2361":"g","2362":"e","2363":"n","2364":"t","2365":"_","2366":"i","2367":"d","2368":":","2369":" ","2370":"r","2371":"e","2372":"s","2373":"u","2374":"l","2375":"t","2376":".","2377":"a","2378":"g","2379":"e","2380":"n","2381":"t","2382":"I","2383":"d","2384":",","2385":"\\","2386":"n","2387":" ","2388":" ","2389":" ","2390":" ","2391":" ","2392":" ","2393":" ","2394":" ","2395":" ","2396":" ","2397":"c","2398":"o","2399":"n","2400":"v","2401":"e","2402":"r","2403":"s","2404":"a","2405":"t","2406":"i","2407":"o","2408":"n","2409":"_","2410":"i","2411":"d","2412":":","2413":" ","2414":"r","2415":"e","2416":"s","2417":"u","2418":"l","2419":"t","2420":".","2421":"c","2422":"o","2423":"n","2424":"v","2425":"e","2426":"r","2427":"s","2428":"a","2429":"t","2430":"i","2431":"o","2432":"n","2433":"I","2434":"d","2435":",","2436":"\\","2437":"n","2438":" ","2439":" ","2440":" ","2441":" ","2442":" ","2443":" ","2444":" ","2445":" ","2446":" ","2447":" ","2448":"m","2449":"e","2450":"s","2451":"s","2452":"a","2453":"g","2454":"e","2455":"_","2456":"i","2457":"d","2458":":","2459":" ","2460":"r","2461":"e","2462":"s","2463":"u","2464":"l","2465":"t","2466":".","2467":"m","2468":"e","2469":"s","2470":"s","2471":"a","2472":"g","2473":"e","2474":"I","2475":"d","2476":"\\","2477":"n","2478":" ","2479":" ","2480":" ","2481":" ","2482":" ","2483":" ","2484":" ","2485":" ","2486":"}","2487":")","2488":";","2489":"\\","2490":"n","2491":" ","2492":" ","2493":" ","2494":" ","2495":" ","2496":" ","2497":" ","2498":" ","2499":"\\","2500":"n","2501":" ","2502":" ","2503":" ","2504":" ","2505":" ","2506":" ","2507":" ","2508":" ","2509":"/","2510":"/","2511":" ","2512":"F","2513":"o","2514":"r","2515":"m","2516":"a","2517":"t","2518":" ","2519":"r","2520":"e","2521":"s","2522":"p","2523":"o","2524":"n","2525":"s","2526":"e","2527":" ","2528":"a","2529":"c","2530":"c","2531":"o","2532":"r","2533":"d","2534":"i","2535":"n","2536":"g","2537":" ","2538":"t","2539":"o","2540":" ","2541":"M","2542":"C","2543":"P","2544":" ","2545":"S","2546":"D","2547":"K","2548":" ","2549":"r","2550":"e","2551":"q","2552":"u","2553":"i","2554":"r","2555":"e","2556":"m","2557":"e","2558":"n","2559":"t","2560":"s","2561":"\\","2562":"n","2563":" ","2564":" ","2565":" ","2566":" ","2567":" ","2568":" ","2569":" ","2570":" ","2571":"r","2572":"e","2573":"t","2574":"u","2575":"r","2576":"n","2577":" ","2578":"{","2579":"\\","2580":"n","2581":" ","2582":" ","2583":" ","2584":" ","2585":" ","2586":" ","2587":" ","2588":" ","2589":" ","2590":" ","2591":"c","2592":"o","2593":"n","2594":"t","2595":"e","2596":"n","2597":"t","2598":":","2599":" ","2600":"[","2601":"\\","2602":"n","2603":" ","2604":" ","2605":" ","2606":" ","2607":" ","2608":" ","2609":" ","2610":" ","2611":" ","2612":" ","2613":" ","2614":" ","2615":"{","2616":"\\","2617":"n","2618":" ","2619":" ","2620":" ","2621":" ","2622":" ","2623":" ","2624":" ","2625":" ","2626":" ","2627":" ","2628":" ","2629":" ","2630":" ","2631":" ","2632":"t","2633":"y","2634":"p","2635":"e","2636":":","2637":" ","2638":"\\","2639":"\"","2640":"t","2641":"e","2642":"x","2643":"t","2644":"\\","2645":"\"","2646":",","2647":"\\","2648":"n","2649":" ","2650":" ","2651":" ","2652":" ","2653":" ","2654":" ","2655":" ","2656":" ","2657":" ","2658":" ","2659":" ","2660":" ","2661":" ","2662":" ","2663":"t","2664":"e","2665":"x","2666":"t","2667":":","2668":" ","2669":"r","2670":"e","2671":"s","2672":"u","2673":"l","2674":"t","2675":".","2676":"r","2677":"e","2678":"s","2679":"u","2680":"l","2681":"t","2682":"\\","2683":"n","2684":" ","2685":" ","2686":" ","2687":" ","2688":" ","2689":" ","2690":" ","2691":" ","2692":" ","2693":" ","2694":" ","2695":" ","2696":"}","2697":"\\","2698":"n","2699":" ","2700":" ","2701":" ","2702":" ","2703":" ","2704":" ","2705":" ","2706":" ","2707":" ","2708":" ","2709":"]","2710":",","2711":"\\","2712":"n","2713":" ","2714":" ","2715":" ","2716":" ","2717":" ","2718":" ","2719":" ","2720":" ","2721":" ","2722":" ","2723":"/","2724":"/","2725":" ","2726":"I","2727":"n","2728":"c","2729":"l","2730":"u","2731":"d","2732":"e","2733":" ","2734":"m","2735":"e","2736":"t","2737":"a","2738":"d","2739":"a","2740":"t","2741":"a","2742":" ","2743":"i","2744":"n","2745":" ","2746":"t","2747":"h","2748":"e","2749":" ","2750":"r","2751":"e","2752":"s","2753":"p","2754":"o","2755":"n","2756":"s","2757":"e","2758":"\\","2759":"n","2760":" ","2761":" ","2762":" ","2763":" ","2764":" ","2765":" ","2766":" ","2767":" ","2768":" ","2769":" ","2770":"c","2771":"o","2772":"n","2773":"v","2774":"e","2775":"r","2776":"s","2777":"a","2778":"t","2779":"i","2780":"o","2781":"n","2782":"_","2783":"i","2784":"d","2785":":","2786":" ","2787":"r","2788":"e","2789":"s","2790":"u","2791":"l","2792":"t","2793":".","2794":"c","2795":"o","2796":"n","2797":"v","2798":"e","2799":"r","2800":"s","2801":"a","2802":"t","2803":"i","2804":"o","2805":"n","2806":"I","2807":"d","2808":",","2809":"\\","2810":"n","2811":" ","2812":" ","2813":" ","2814":" ","2815":" ","2816":" ","2817":" ","2818":" ","2819":" ","2820":" ","2821":"m","2822":"e","2823":"s","2824":"s","2825":"a","2826":"g","2827":"e","2828":"_","2829":"i","2830":"d","2831":":","2832":" ","2833":"r","2834":"e","2835":"s","2836":"u","2837":"l","2838":"t","2839":".","2840":"m","2841":"e","2842":"s","2843":"s","2844":"a","2845":"g","2846":"e","2847":"I","2848":"d","2849":",","2850":"\\","2851":"n","2852":" ","2853":" ","2854":" ","2855":" ","2856":" ","2857":" ","2858":" ","2859":" ","2860":" ","2861":" ","2862":"a","2863":"g","2864":"e","2865":"n","2866":"t","2867":"_","2868":"i","2869":"d","2870":":","2871":" ","2872":"r","2873":"e","2874":"s","2875":"u","2876":"l","2877":"t","2878":".","2879":"a","2880":"g","2881":"e","2882":"n","2883":"t","2884":"I","2885":"d","2886":",","2887":"\\","2888":"n","2889":" ","2890":" ","2891":" ","2892":" ","2893":" ","2894":" ","2895":" ","2896":" ","2897":" ","2898":" ","2899":"t","2900":"i","2901":"m","2902":"e","2903":"s","2904":"t","2905":"a","2906":"m","2907":"p","2908":":","2909":" ","2910":"r","2911":"e","2912":"s","2913":"u","2914":"l","2915":"t","2916":".","2917":"t","2918":"i","2919":"m","2920":"e","2921":"s","2922":"t","2923":"a","2924":"m","2925":"p","2926":"\\","2927":"n","2928":" ","2929":" ","2930":" ","2931":" ","2932":" ","2933":" ","2934":" ","2935":" ","2936":"}","2937":";","2938":"\\","2939":"n","2940":" ","2941":" ","2942":" ","2943":" ","2944":" ","2945":" ","2946":"}","2947":" ","2948":"c","2949":"a","2950":"t","2951":"c","2952":"h","2953":" ","2954":"(","2955":"e","2956":"r","2957":"r","2958":"o","2959":"r","2960":":","2961":" ","2962":"a","2963":"n","2964":"y","2965":")","2966":" ","2967":"{","2968":"\\","2969":"n","2970":" ","2971":" ","2972":" ","2973":" ","2974":" ","2975":" ","2976":" ","2977":" ","2978":"l","2979":"o","2980":"g","2981":"g","2982":"e","2983":"r","2984":"(","2985":"'","2986":"E","2987":"R","2988":"R","2989":"O","2990":"R","2991":"'","2992":",","2993":" ","2994":"'","2995":"E","2996":"r","2997":"r","2998":"o","2999":"r","3000":" ","3001":"i","3002":"n","3003":" ","3004":"d","3005":"u","3006":"s","3007":"t","3008":"_","3009":"a","3010":"g","3011":"e","3012":"n","3013":"t","3014":"_","3015":"q","3016":"u","3017":"e","3018":"r","3019":"y","3020":"'","3021":",","3022":" ","3023":"e","3024":"r","3025":"r","3026":"o","3027":"r","3028":")","3029":";","3030":"\\","3031":"n","3032":" ","3033":" ","3034":" ","3035":" ","3036":" ","3037":" ","3038":" ","3039":" ","3040":"r","3041":"e","3042":"t","3043":"u","3044":"r","3045":"n","3046":" ","3047":"{","3048":"\\","3049":"n","3050":" ","3051":" ","3052":" ","3053":" ","3054":" ","3055":" ","3056":" ","3057":" ","3058":" ","3059":" ","3060":"c","3061":"o","3062":"n","3063":"t","3064":"e","3065":"n","3066":"t","3067":":","3068":" ","3069":"[","3070":"\\","3071":"n","3072":" ","3073":" ","3074":" ","3075":" ","3076":" ","3077":" ","3078":" ","3079":" ","3080":" ","3081":" ","3082":" ","3083":" ","3084":"{","3085":"\\","3086":"n","3087":" ","3088":" ","3089":" ","3090":" ","3091":" ","3092":" ","3093":" ","3094":" ","3095":" ","3096":" ","3097":" ","3098":" ","3099":" ","3100":" ","3101":"t","3102":"y","3103":"p","3104":"e","3105":":","3106":" ","3107":"\\","3108":"\"","3109":"t","3110":"e","3111":"x","3112":"t","3113":"\\","3114":"\"","3115":",","3116":"\\","3117":"n","3118":" ","3119":" ","3120":" ","3121":" ","3122":" ","3123":" ","3124":" ","3125":" ","3126":" ","3127":" ","3128":" ","3129":" ","3130":" ","3131":" ","3132":"t","3133":"e","3134":"x","3135":"t","3136":":","3137":" ","3138":"`","3139":"E","3140":"r","3141":"r","3142":"o","3143":"r","3144":":","3145":" ","3146":"$","3147":"{","3148":"e","3149":"r","3150":"r","3151":"o","3152":"r","3153":".","3154":"m","3155":"e","3156":"s","3157":"s","3158":"a","3159":"g","3160":"e","3161":"}","3162":"`","3163":"\\","3164":"n","3165":" ","3166":" ","3167":" ","3168":" ","3169":" ","3170":" ","3171":" ","3172":" ","3173":" ","3174":" ","3175":" ","3176":" ","3177":"}","3178":"\\","3179":"n","3180":" ","3181":" ","3182":" ","3183":" ","3184":" ","3185":" ","3186":" ","3187":" ","3188":" ","3189":" ","3190":"]","3191":",","3192":"\\","3193":"n","3194":" ","3195":" ","3196":" ","3197":" ","3198":" ","3199":" ","3200":" ","3201":" ","3202":" ","3203":" ","3204":"i","3205":"s","3206":"E","3207":"r","3208":"r","3209":"o","3210":"r","3211":":","3212":" ","3213":"t","3214":"r","3215":"u","3216":"e","3217":"\\","3218":"n","3219":" ","3220":" ","3221":" ","3222":" ","3223":" ","3224":" ","3225":" ","3226":" ","3227":"}","3228":";","3229":"\\","3230":"n","3231":" ","3232":" ","3233":" ","3234":" ","3235":" ","3236":" ","3237":"}","3238":"\\","3239":"n","3240":" ","3241":" ","3242":" ","3243":" ","3244":"}","3245":"\\","3246":"n","3247":" ","3248":" ","3249":")","3250":";","3251":"\\","3252":"n","3253":" ","3254":" ","3255":"\\","3256":"n","3257":" ","3258":" ","3259":"/","3260":"/","3261":" ","3262":"R","3263":"e","3264":"g","3265":"i","3266":"s","3267":"t","3268":"e","3269":"r","3270":" ","3271":"t","3272":"h","3273":"e","3274":" ","3275":"l","3276":"i","3277":"s","3278":"t","3279":" ","3280":"a","3281":"g","3282":"e","3283":"n","3284":"t","3285":"s","3286":" ","3287":"t","3288":"o","3289":"o","3290":"l","3291":"\\","3292":"n","3293":" ","3294":" ","3295":"s","3296":"e","3297":"r","3298":"v","3299":"e","3300":"r","3301":".","3302":"t","3303":"o","3304":"o","3305":"l","3306":"(","3307":"\\","3308":"n","3309":" ","3310":" ","3311":" ","3312":" ","3313":"\\","3314":"\"","3315":"d","3316":"u","3317":"s","3318":"t","3319":"_","3320":"l","3321":"i","3322":"s","3323":"t","3324":"_","3325":"a","3326":"g","3327":"e","3328":"n","3329":"t","3330":"s","3331":"\\","3332":"\"","3333":",","3334":"\\","3335":"n","3336":" ","3337":" ","3338":" ","3339":" ","3340":"{","3341":"\\","3342":"n","3343":" ","3344":" ","3345":" ","3346":" ","3347":" ","3348":" ","3349":"d","3350":"e","3351":"s","3352":"c","3353":"r","3354":"i","3355":"p","3356":"t","3357":"i","3358":"o","3359":"n","3360":":","3361":" ","3362":"\\","3363":"\"","3364":"L","3365":"i","3366":"s","3367":"t","3368":" ","3369":"a","3370":"v","3371":"a","3372":"i","3373":"l","3374":"a","3375":"b","3376":"l","3377":"e","3378":" ","3379":"D","3380":"u","3381":"s","3382":"t","3383":" ","3384":"a","3385":"g","3386":"e","3387":"n","3388":"t","3389":"s","3390":"\\","3391":"\"","3392":",","3393":"\\","3394":"n","3395":" ","3396":" ","3397":" ","3398":" ","3399":" ","3400":" ","3401":"p","3402":"a","3403":"r","3404":"a","3405":"m","3406":"e","3407":"t","3408":"e","3409":"r","3410":"s","3411":":","3412":" ","3413":"z","3414":".","3415":"o","3416":"b","3417":"j","3418":"e","3419":"c","3420":"t","3421":"(","3422":"{","3423":"\\","3424":"n","3425":" ","3426":" ","3427":" ","3428":" ","3429":" ","3430":" ","3431":" ","3432":" ","3433":"v","3434":"i","3435":"e","3436":"w","3437":":","3438":" ","3439":"z","3440":".","3441":"s","3442":"t","3443":"r","3444":"i","3445":"n","3446":"g","3447":"(","3448":")","3449":".","3450":"o","3451":"p","3452":"t","3453":"i","3454":"o","3455":"n","3456":"a","3457":"l","3458":"(","3459":")","3460":".","3461":"d","3462":"e","3463":"s","3464":"c","3465":"r","3466":"i","3467":"b","3468":"e","3469":"(","3470":"\\","3471":"\"","3472":"O","3473":"p","3474":"t","3475":"i","3476":"o","3477":"n","3478":"a","3479":"l","3480":" ","3481":"v","3482":"i","3483":"e","3484":"w","3485":" ","3486":"t","3487":"y","3488":"p","3489":"e","3490":" ","3491":"f","3492":"o","3493":"r","3494":" ","3495":"f","3496":"i","3497":"l","3498":"t","3499":"e","3500":"r","3501":"i","3502":"n","3503":"g","3504":" ","3505":"a","3506":"g","3507":"e","3508":"n","3509":"t","3510":"s","3511":"\\","3512":"\"","3513":")","3514":",","3515":"\\","3516":"n","3517":" ","3518":" ","3519":" ","3520":" ","3521":" ","3522":" ","3523":" ","3524":" ","3525":"l","3526":"i","3527":"m","3528":"i","3529":"t","3530":":","3531":" ","3532":"z","3533":".","3534":"n","3535":"u","3536":"m","3537":"b","3538":"e","3539":"r","3540":"(","3541":")","3542":".","3543":"o","3544":"p","3545":"t","3546":"i","3547":"o","3548":"n","3549":"a","3550":"l","3551":"(","3552":")","3553":".","3554":"d","3555":"e","3556":"s","3557":"c","3558":"r","3559":"i","3560":"b","3561":"e","3562":"(","3563":"\\","3564":"\"","3565":"M","3566":"a","3567":"x","3568":"i","3569":"m","3570":"u","3571":"m","3572":" ","3573":"n","3574":"u","3575":"m","3576":"b","3577":"e","3578":"r","3579":" ","3580":"o","3581":"f","3582":" ","3583":"a","3584":"g","3585":"e","3586":"n","3587":"t","3588":"s","3589":" ","3590":"t","3591":"o","3592":" ","3593":"r","3594":"e","3595":"t","3596":"u","3597":"r","3598":"n","3599":"\\","3600":"\"","3601":")","3602":"\\","3603":"n","3604":" ","3605":" ","3606":" ","3607":" ","3608":" ","3609":" ","3610":"}","3611":")","3612":"\\","3613":"n","3614":" ","3615":" ","3616":" ","3617":" ","3618":"}","3619":",","3620":"\\","3621":"n","3622":" ","3623":" ","3624":" ","3625":" ","3626":"a","3627":"s","3628":"y","3629":"n","3630":"c","3631":" ","3632":"(","3633":"{","3634":" ","3635":"v","3636":"i","3637":"e","3638":"w","3639":",","3640":" ","3641":"l","3642":"i","3643":"m","3644":"i","3645":"t","3646":" ","3647":"}","3648":")","3649":" ","3650":"=","3651":">","3652":" ","3653":"{","3654":"\\","3655":"n","3656":" ","3657":" ","3658":" ","3659":" ","3660":" ","3661":" ","3662":"l","3663":"o","3664":"g","3665":"g","3666":"e","3667":"r","3668":"(","3669":"'","3670":"I","3671":"N","3672":"F","3673":"O","3674":"'","3675":",","3676":" ","3677":"'","3678":"R","3679":"e","3680":"c","3681":"e","3682":"i","3683":"v","3684":"e","3685":"d","3686":" ","3687":"d","3688":"u","3689":"s","3690":"t","3691":"_","3692":"l","3693":"i","3694":"s","3695":"t","3696":"_","3697":"a","3698":"g","3699":"e","3700":"n","3701":"t","3702":"s","3703":" ","3704":"r","3705":"e","3706":"q","3707":"u","3708":"e","3709":"s","3710":"t","3711":"'","3712":",","3713":" ","3714":"{","3715":" ","3716":"v","3717":"i","3718":"e","3719":"w","3720":",","3721":" ","3722":"l","3723":"i","3724":"m","3725":"i","3726":"t","3727":" ","3728":"}","3729":")","3730":";","3731":"\\","3732":"n","3733":" ","3734":" ","3735":" ","3736":" ","3737":" ","3738":" ","3739":"\\","3740":"n","3741":" ","3742":" ","3743":" ","3744":" ","3745":" ","3746":" ","3747":"t","3748":"r","3749":"y","3750":" ","3751":"{","3752":"\\","3753":"n","3754":" ","3755":" ","3756":" ","3757":" ","3758":" ","3759":" ","3760":" ","3761":" ","3762":"/","3763":"/","3764":" ","3765":"U","3766":"s","3767":"e","3768":" ","3769":"t","3770":"h","3771":"e","3772":" ","3773":"i","3774":"m","3775":"p","3776":"o","3777":"r","3778":"t","3779":"e","3780":"d","3781":" ","3782":"l","3783":"i","3784":"s","3785":"t","3786":"D","3787":"u","3788":"s","3789":"t","3790":"A","3791":"g","3792":"e","3793":"n","3794":"t","3795":"s","3796":" ","3797":"f","3798":"u","3799":"n","3800":"c","3801":"t","3802":"i","3803":"o","3804":"n","3805":" ","3806":"f","3807":"r","3808":"o","3809":"m","3810":" ","3811":"t","3812":"h","3813":"e","3814":" ","3815":"s","3816":"e","3817":"r","3818":"v","3819":"i","3820":"c","3821":"e","3822":"\\","3823":"n","3824":" ","3825":" ","3826":" ","3827":" ","3828":" ","3829":" ","3830":" ","3831":" ","3832":"c","3833":"o","3834":"n","3835":"s","3836":"t","3837":" ","3838":"a","3839":"g","3840":"e","3841":"n","3842":"t","3843":"s","3844":" ","3845":"=","3846":" ","3847":"a","3848":"w","3849":"a","3850":"i","3851":"t","3852":" ","3853":"l","3854":"i","3855":"s","3856":"t","3857":"D","3858":"u","3859":"s","3860":"t","3861":"A","3862":"g","3863":"e","3864":"n","3865":"t","3866":"s","3867":"(","3868":"v","3869":"i","3870":"e","3871":"w","3872":",","3873":" ","3874":"l","3875":"i","3876":"m","3877":"i","3878":"t","3879":")","3880":";","3881":"\\","3882":"n","3883":" ","3884":" ","3885":" ","3886":" ","3887":" ","3888":" ","3889":" ","3890":" ","3891":"\\","3892":"n","3893":" ","3894":" ","3895":" ","3896":" ","3897":" ","3898":" ","3899":" ","3900":" ","3901":"l","3902":"o","3903":"g","3904":"g","3905":"e","3906":"r","3907":"(","3908":"'","3909":"I","3910":"N","3911":"F","3912":"O","3913":"'","3914":",","3915":" ","3916":"`","3917":"S","3918":"u","3919":"c","3920":"c","3921":"e","3922":"s","3923":"s","3924":"f","3925":"u","3926":"l","3927":"l","3928":"y","3929":" ","3930":"l","3931":"i","3932":"s","3933":"t","3934":"e","3935":"d","3936":" ","3937":"$","3938":"{","3939":"a","3940":"g","3941":"e","3942":"n","3943":"t","3944":"s","3945":".","3946":"l","3947":"e","3948":"n","3949":"g","3950":"t","3951":"h","3952":"}","3953":" ","3954":"D","3955":"u","3956":"s","3957":"t","3958":" ","3959":"a","3960":"g","3961":"e","3962":"n","3963":"t","3964":"s","3965":"`","3966":")","3967":";","3968":"\\","3969":"n","3970":" ","3971":" ","3972":" ","3973":" ","3974":" ","3975":" ","3976":" ","3977":" ","3978":"\\","3979":"n","3980":" ","3981":" ","3982":" ","3983":" ","3984":" ","3985":" ","3986":" ","3987":" ","3988":"/","3989":"/","3990":" ","3991":"F","3992":"o","3993":"r","3994":"m","3995":"a","3996":"t","3997":" ","3998":"t","3999":"h","4000":"e","4001":" ","4002":"a","4003":"g","4004":"e","4005":"n","4006":"t","4007":" ","4008":"l","4009":"i","4010":"s","4011":"t","4012":" ","4013":"a","4014":"s","4015":" ","4016":"a","4017":" ","4018":"m","4019":"a","4020":"r","4021":"k","4022":"d","4023":"o","4024":"w","4025":"n","4026":" ","4027":"t","4028":"a","4029":"b","4030":"l","4031":"e","4032":" ","4033":"f","4034":"o","4035":"r","4036":" ","4037":"b","4038":"e","4039":"t","4040":"t","4041":"e","4042":"r","4043":" ","4044":"r","4045":"e","4046":"a","4047":"d","4048":"a","4049":"b","4050":"i","4051":"l","4052":"i","4053":"t","4054":"y","4055":"\\","4056":"n","4057":" ","4058":" ","4059":" ","4060":" ","4061":" ","4062":" ","4063":" ","4064":" ","4065":"l","4066":"e","4067":"t","4068":" ","4069":"a","4070":"g","4071":"e","4072":"n","4073":"t","4074":"T","4075":"a","4076":"b","4077":"l","4078":"e","4079":" ","4080":"=","4081":" ","4082":"\\","4083":"\"","4084":"#","4085":" ","4086":"A","4087":"v","4088":"a","4089":"i","4090":"l","4091":"a","4092":"b","4093":"l","4094":"e","4095":" ","4096":"D","4097":"u","4098":"s","4099":"t","4100":" ","4101":"A","4102":"g","4103":"e","4104":"n","4105":"t","4106":"s","4107":"\\","4108":"\\","4109":"n","4110":"\\","4111":"\\","4112":"n","4113":"\\","4114":"\"","4115":";","4116":"\\","4117":"n","4118":" ","4119":" ","4120":" ","4121":" ","4122":" ","4123":" ","4124":" ","4125":" ","4126":"a","4127":"g","4128":"e","4129":"n","4130":"t","4131":"T","4132":"a","4133":"b","4134":"l","4135":"e","4136":" ","4137":"+","4138":"=","4139":" ","4140":"\\","4141":"\"","4142":"|","4143":" ","4144":"I","4145":"D","4146":" ","4147":"|","4148":" ","4149":"N","4150":"a","4151":"m","4152":"e","4153":" ","4154":"|","4155":" ","4156":"D","4157":"e","4158":"s","4159":"c","4160":"r","4161":"i","4162":"p","4163":"t","4164":"i","4165":"o","4166":"n","4167":" ","4168":"|","4169":" ","4170":"M","4171":"o","4172":"d","4173":"e","4174":"l","4175":" ","4176":"|","4177":" ","4178":"C","4179":"a","4180":"p","4181":"a","4182":"b","4183":"i","4184":"l","4185":"i","4186":"t","4187":"i","4188":"e","4189":"s","4190":" ","4191":"|","4192":"\\","4193":"\\","4194":"n","4195":"\\","4196":"\"","4197":";","4198":"\\","4199":"n","4200":" ","4201":" ","4202":" ","4203":" ","4204":" ","4205":" ","4206":" ","4207":" ","4208":"a","4209":"g","4210":"e","4211":"n","4212":"t","4213":"T","4214":"a","4215":"b","4216":"l","4217":"e","4218":" ","4219":"+","4220":"=","4221":" ","4222":"\\","4223":"\"","4224":"|","4225":"-","4226":"-","4227":"-","4228":"|","4229":"-","4230":"-","4231":"-","4232":"|","4233":"-","4234":"-","4235":"-","4236":"|","4237":"-","4238":"-","4239":"-","4240":"|","4241":"-","4242":"-","4243":"-","4244":"|","4245":"\\","4246":"\\","4247":"n","4248":"\\","4249":"\"","4250":";","4251":"\\","4252":"n","4253":" ","4254":" ","4255":" ","4256":" ","4257":" ","4258":" ","4259":" ","4260":" ","4261":"\\","4262":"n","4263":" ","4264":" ","4265":" ","4266":" ","4267":" ","4268":" ","4269":" ","4270":" ","4271":"a","4272":"g","4273":"e","4274":"n","4275":"t","4276":"s","4277":".","4278":"f","4279":"o","4280":"r","4281":"E","4282":"a","4283":"c","4284":"h","4285":"(","4286":"a","4287":"g","4288":"e","4289":"n","4290":"t","4291":" ","4292":"=","4293":">","4294":" ","4295":"{","4296":"\\","4297":"n","4298":" ","4299":" ","4300":" ","4301":" ","4302":" ","4303":" ","4304":" ","4305":" ","4306":" ","4307":" ","4308":"c","4309":"o","4310":"n","4311":"s","4312":"t","4313":" ","4314":"c","4315":"a","4316":"p","4317":"a","4318":"b","4319":"i","4320":"l","4321":"i","4322":"t","4323":"i","4324":"e","4325":"s","4326":" ","4327":"=","4328":" ","4329":"a","4330":"g","4331":"e","4332":"n","4333":"t","4334":".","4335":"c","4336":"a","4337":"p","4338":"a","4339":"b","4340":"i","4341":"l","4342":"i","4343":"t","4344":"i","4345":"e","4346":"s","4347":".","4348":"j","4349":"o","4350":"i","4351":"n","4352":"(","4353":"\\","4354":"\"","4355":",","4356":" ","4357":"\\","4358":"\"","4359":")","4360":";","4361":"\\","4362":"n","4363":" ","4364":" ","4365":" ","4366":" ","4367":" ","4368":" ","4369":" ","4370":" ","4371":" ","4372":" ","4373":"a","4374":"g","4375":"e","4376":"n","4377":"t","4378":"T","4379":"a","4380":"b","4381":"l","4382":"e","4383":" ","4384":"+","4385":"=","4386":" ","4387":"`","4388":"|","4389":" ","4390":"$","4391":"{","4392":"a","4393":"g","4394":"e","4395":"n","4396":"t","4397":".","4398":"i","4399":"d","4400":"}","4401":" ","4402":"|","4403":" ","4404":"$","4405":"{","4406":"a","4407":"g","4408":"e","4409":"n","4410":"t","4411":".","4412":"n","4413":"a","4414":"m","4415":"e","4416":"}","4417":" ","4418":"|","4419":" ","4420":"$","4421":"{","4422":"a","4423":"g","4424":"e","4425":"n","4426":"t","4427":".","4428":"d","4429":"e","4430":"s","4431":"c","4432":"r","4433":"i","4434":"p","4435":"t","4436":"i","4437":"o","4438":"n","4439":"}","4440":" ","4441":"|","4442":" ","4443":"$","4444":"{","4445":"a","4446":"g","4447":"e","4448":"n","4449":"t","4450":".","4451":"m","4452":"o","4453":"d","4454":"e","4455":"l","4456":" ","4457":"|","4458":"|","4459":" ","4460":"'","4461":"N","4462":"/","4463":"A","4464":"'","4465":"}","4466":" ","4467":"|","4468":" ","4469":"$","4470":"{","4471":"c","4472":"a","4473":"p","4474":"a","4475":"b","4476":"i","4477":"l","4478":"i","4479":"t","4480":"i","4481":"e","4482":"s","4483":"}","4484":" ","4485":"|","4486":"\\","4487":"\\","4488":"n","4489":"`","4490":";","4491":"\\","4492":"n","4493":" ","4494":" ","4495":" ","4496":" ","4497":" ","4498":" ","4499":" ","4500":" ","4501":"}","4502":")","4503":";","4504":"\\","4505":"n","4506":" ","4507":" ","4508":" ","4509":" ","4510":" ","4511":" ","4512":" ","4513":" ","4514":"\\","4515":"n","4516":" ","4517":" ","4518":" ","4519":" ","4520":" ","4521":" ","4522":" ","4523":" ","4524":"/","4525":"/","4526":" ","4527":"A","4528":"l","4529":"s","4530":"o","4531":" ","4532":"i","4533":"n","4534":"c","4535":"l","4536":"u","4537":"d","4538":"e","4539":" ","4540":"t","4541":"h","4542":"e","4543":" ","4544":"r","4545":"a","4546":"w","4547":" ","4548":"d","4549":"a","4550":"t","4551":"a","4552":" ","4553":"a","4554":"s","4555":" ","4556":"J","4557":"S","4558":"O","4559":"N","4560":" ","4561":"f","4562":"o","4563":"r","4564":" ","4565":"p","4566":"r","4567":"o","4568":"g","4569":"r","4570":"a","4571":"m","4572":"m","4573":"a","4574":"t","4575":"i","4576":"c","4577":" ","4578":"a","4579":"c","4580":"c","4581":"e","4582":"s","4583":"s","4584":"\\","4585":"n","4586":" ","4587":" ","4588":" ","4589":" ","4590":" ","4591":" ","4592":" ","4593":" ","4594":"c","4595":"o","4596":"n","4597":"s","4598":"t","4599":" ","4600":"a","4601":"g","4602":"e","4603":"n","4604":"t","4605":"D","4606":"a","4607":"t","4608":"a","4609":" ","4610":"=","4611":" ","4612":"J","4613":"S","4614":"O","4615":"N","4616":".","4617":"s","4618":"t","4619":"r","4620":"i","4621":"n","4622":"g","4623":"i","4624":"f","4625":"y","4626":"(","4627":"a","4628":"g","4629":"e","4630":"n","4631":"t","4632":"s","4633":".","4634":"m","4635":"a","4636":"p","4637":"(","4638":"a","4639":"g","4640":"e","4641":"n","4642":"t","4643":" ","4644":"=","4645":">","4646":" ","4647":"(","4648":"{","4649":"\\","4650":"n","4651":" ","4652":" ","4653":" ","4654":" ","4655":" ","4656":" ","4657":" ","4658":" ","4659":" ","4660":" ","4661":"i","4662":"d","4663":":","4664":" ","4665":"a","4666":"g","4667":"e","4668":"n","4669":"t","4670":".","4671":"i","4672":"d","4673":",","4674":"\\","4675":"n","4676":" ","4677":" ","4678":" ","4679":" ","4680":" ","4681":" ","4682":" ","4683":" ","4684":" ","4685":" ","4686":"n","4687":"a","4688":"m","4689":"e","4690":":","4691":" ","4692":"a","4693":"g","4694":"e","4695":"n","4696":"t","4697":".","4698":"n","4699":"a","4700":"m","4701":"e","4702":",","4703":"\\","4704":"n","4705":" ","4706":" ","4707":" ","4708":" ","4709":" ","4710":" ","4711":" ","4712":" ","4713":" ","4714":" ","4715":"d","4716":"e","4717":"s","4718":"c","4719":"r","4720":"i","4721":"p","4722":"t","4723":"i","4724":"o","4725":"n","4726":":","4727":" ","4728":"a","4729":"g","4730":"e","4731":"n","4732":"t","4733":".","4734":"d","4735":"e","4736":"s","4737":"c","4738":"r","4739":"i","4740":"p","4741":"t","4742":"i","4743":"o","4744":"n","4745":",","4746":"\\","4747":"n","4748":" ","4749":" ","4750":" ","4751":" ","4752":" ","4753":" ","4754":" ","4755":" ","4756":" ","4757":" ","4758":"c","4759":"a","4760":"p","4761":"a","4762":"b","4763":"i","4764":"l","4765":"i","4766":"t","4767":"i","4768":"e","4769":"s","4770":":","4771":" ","4772":"a","4773":"g","4774":"e","4775":"n","4776":"t","4777":".","4778":"c","4779":"a","4780":"p","4781":"a","4782":"b","4783":"i","4784":"l","4785":"i","4786":"t","4787":"i","4788":"e","4789":"s","4790":",","4791":"\\","4792":"n","4793":" ","4794":" ","4795":" ","4796":" ","4797":" ","4798":" ","4799":" ","4800":" ","4801":" ","4802":" ","4803":"m","4804":"o","4805":"d","4806":"e","4807":"l","4808":":","4809":" ","4810":"a","4811":"g","4812":"e","4813":"n","4814":"t","4815":".","4816":"m","4817":"o","4818":"d","4819":"e","4820":"l","4821":",","4822":"\\","4823":"n","4824":" ","4825":" ","4826":" ","4827":" ","4828":" ","4829":" ","4830":" ","4831":" ","4832":" ","4833":" ","4834":"p","4835":"r","4836":"o","4837":"v","4838":"i","4839":"d","4840":"e","4841":"r","4842":":","4843":" ","4844":"a","4845":"g","4846":"e","4847":"n","4848":"t","4849":".","4850":"p","4851":"r","4852":"o","4853":"v","4854":"i","4855":"d","4856":"e","4857":"r","4858":",","4859":"\\","4860":"n","4861":" ","4862":" ","4863":" ","4864":" ","4865":" ","4866":" ","4867":" ","4868":" ","4869":" ","4870":" ","4871":"t","4872":"e","4873":"m","4874":"p","4875":"e","4876":"r","4877":"a","4878":"t","4879":"u","4880":"r","4881":"e","4882":":","4883":" ","4884":"a","4885":"g","4886":"e","4887":"n","4888":"t","4889":".","4890":"t","4891":"e","4892":"m","4893":"p","4894":"e","4895":"r","4896":"a","4897":"t","4898":"u","4899":"r","4900":"e","4901":",","4902":"\\","4903":"n","4904":" ","4905":" ","4906":" ","4907":" ","4908":" ","4909":" ","4910":" ","4911":" ","4912":" ","4913":" ","4914":"s","4915":"t","4916":"a","4917":"t","4918":"u","4919":"s","4920":":","4921":" ","4922":"a","4923":"g","4924":"e","4925":"n","4926":"t","4927":".","4928":"s","4929":"t","4930":"a","4931":"t","4932":"u","4933":"s","4934":",","4935":"\\","4936":"n","4937":" ","4938":" ","4939":" ","4940":" ","4941":" ","4942":" ","4943":" ","4944":" ","4945":" ","4946":" ","4947":"p","4948":"i","4949":"c","4950":"t","4951":"u","4952":"r","4953":"e","4954":"U","4955":"r","4956":"l","4957":":","4958":" ","4959":"a","4960":"g","4961":"e","4962":"n","4963":"t","4964":".","4965":"p","4966":"i","4967":"c","4968":"t","4969":"u","4970":"r","4971":"e","4972":"U","4973":"r","4974":"l","4975":",","4976":"\\","4977":"n","4978":" ","4979":" ","4980":" ","4981":" ","4982":" ","4983":" ","4984":" ","4985":" ","4986":" ","4987":" ","4988":"s","4989":"u","4990":"p","4991":"p","4992":"o","4993":"r","4994":"t","4995":"e","4996":"d","4997":"O","4998":"u","4999":"t","5000":"p","5001":"u","5002":"t","5003":"F","5004":"o","5005":"r","5006":"m","5007":"a","5008":"t","5009":"s","5010":":","5011":" ","5012":"a","5013":"g","5014":"e","5015":"n","5016":"t","5017":".","5018":"s","5019":"u","5020":"p","5021":"p","5022":"o","5023":"r","5024":"t","5025":"e","5026":"d","5027":"O","5028":"u","5029":"t","5030":"p","5031":"u","5032":"t","5033":"F","5034":"o","5035":"r","5036":"m","5037":"a","5038":"t","5039":"s","5040":",","5041":"\\","5042":"n","5043":" ","5044":" ","5045":" ","5046":" ","5047":" ","5048":" ","5049":" ","5050":" ","5051":" ","5052":" ","5053":"t","5054":"a","5055":"g","5056":"s","5057":":","5058":" ","5059":"a","5060":"g","5061":"e","5062":"n","5063":"t","5064":".","5065":"t","5066":"a","5067":"g","5068":"s","5069":",","5070":"\\","5071":"n","5072":" ","5073":" ","5074":" ","5075":" ","5076":" ","5077":" ","5078":" ","5079":" ","5080":" ","5081":" ","5082":"v","5083":"i","5084":"s","5085":"u","5086":"a","5087":"l","5088":"i","5089":"z","5090":"a","5091":"t","5092":"i","5093":"o","5094":"n","5095":"E","5096":"n","5097":"a","5098":"b","5099":"l","5100":"e","5101":"d","5102":":","5103":" ","5104":"a","5105":"g","5106":"e","5107":"n","5108":"t","5109":".","5110":"v","5111":"i","5112":"s","5113":"u","5114":"a","5115":"l","5116":"i","5117":"z","5118":"a","5119":"t","5120":"i","5121":"o","5122":"n","5123":"E","5124":"n","5125":"a","5126":"b","5127":"l","5128":"e","5129":"d","5130":"\\","5131":"n","5132":" ","5133":" ","5134":" ","5135":" ","5136":" ","5137":" ","5138":" ","5139":" ","5140":"}","5141":")","5142":")","5143":",","5144":" ","5145":"n","5146":"u","5147":"l","5148":"l","5149":",","5150":" ","5151":"2","5152":")","5153":";","5154":"\\","5155":"n","5156":" ","5157":" ","5158":" ","5159":" ","5160":" ","5161":" ","5162":" ","5163":" ","5164":"\\","5165":"n","5166":" ","5167":" ","5168":" ","5169":" ","5170":" ","5171":" ","5172":" ","5173":" ","5174":"r","5175":"e","5176":"t","5177":"u","5178":"r","5179":"n","5180":" ","5181":"{","5182":"\\","5183":"n","5184":" ","5185":" ","5186":" ","5187":" ","5188":" ","5189":" ","5190":" ","5191":" ","5192":" ","5193":" ","5194":"c","5195":"o","5196":"n","5197":"t","5198":"e","5199":"n","5200":"t","5201":":","5202":" ","5203":"[","5204":"\\","5205":"n","5206":" ","5207":" ","5208":" ","5209":" ","5210":" ","5211":" ","5212":" ","5213":" ","5214":" ","5215":" ","5216":" ","5217":" ","5218":"{","5219":"\\","5220":"n","5221":" ","5222":" ","5223":" ","5224":" ","5225":" ","5226":" ","5227":" ","5228":" ","5229":" ","5230":" ","5231":" ","5232":" ","5233":" ","5234":" ","5235":"t","5236":"y","5237":"p","5238":"e","5239":":","5240":" ","5241":"\\","5242":"\"","5243":"t","5244":"e","5245":"x","5246":"t","5247":"\\","5248":"\"","5249":",","5250":"\\","5251":"n","5252":" ","5253":" ","5254":" ","5255":" ","5256":" ","5257":" ","5258":" ","5259":" ","5260":" ","5261":" ","5262":" ","5263":" ","5264":" ","5265":" ","5266":"t","5267":"e","5268":"x","5269":"t","5270":":","5271":" ","5272":"a","5273":"g","5274":"e","5275":"n","5276":"t","5277":"T","5278":"a","5279":"b","5280":"l","5281":"e","5282":" ","5283":"+","5284":" ","5285":"\\","5286":"\"","5287":"\\","5288":"\\","5289":"n","5290":"\\","5291":"\\","5292":"n","5293":"`","5294":"`","5295":"`","5296":"j","5297":"s","5298":"o","5299":"n","5300":"\\","5301":"\\","5302":"n","5303":"\\","5304":"\"","5305":" ","5306":"+","5307":" ","5308":"a","5309":"g","5310":"e","5311":"n","5312":"t","5313":"D","5314":"a","5315":"t","5316":"a","5317":" ","5318":"+","5319":" ","5320":"\\","5321":"\"","5322":"\\","5323":"\\","5324":"n","5325":"`","5326":"`","5327":"`","5328":"\\","5329":"\"","5330":"\\","5331":"n","5332":" ","5333":" ","5334":" ","5335":" ","5336":" ","5337":" ","5338":" ","5339":" ","5340":" ","5341":" ","5342":" ","5343":" ","5344":"}","5345":"\\","5346":"n","5347":" ","5348":" ","5349":" ","5350":" ","5351":" ","5352":" ","5353":" ","5354":" ","5355":" ","5356":" ","5357":"]","5358":"\\","5359":"n","5360":" ","5361":" ","5362":" ","5363":" ","5364":" ","5365":" ","5366":" ","5367":" ","5368":"}","5369":";","5370":"\\","5371":"n","5372":" ","5373":" ","5374":" ","5375":" ","5376":" ","5377":" ","5378":"}","5379":" ","5380":"c","5381":"a","5382":"t","5383":"c","5384":"h","5385":" ","5386":"(","5387":"e","5388":"r","5389":"r","5390":"o","5391":"r","5392":":","5393":" ","5394":"a","5395":"n","5396":"y","5397":")","5398":" ","5399":"{","5400":"\\","5401":"n","5402":" ","5403":" ","5404":" ","5405":" ","5406":" ","5407":" ","5408":" ","5409":" ","5410":"l","5411":"o","5412":"g","5413":"g","5414":"e","5415":"r","5416":"(","5417":"'","5418":"E","5419":"R","5420":"R","5421":"O","5422":"R","5423":"'","5424":",","5425":" ","5426":"'","5427":"E","5428":"r","5429":"r","5430":"o","5431":"r","5432":" ","5433":"i","5434":"n","5435":" ","5436":"d","5437":"u","5438":"s","5439":"t","5440":"_","5441":"l","5442":"i","5443":"s","5444":"t","5445":"_","5446":"a","5447":"g","5448":"e","5449":"n","5450":"t","5451":"s","5452":"'","5453":",","5454":" ","5455":"e","5456":"r","5457":"r","5458":"o","5459":"r","5460":")","5461":";","5462":"\\","5463":"n","5464":" ","5465":" ","5466":" ","5467":" ","5468":" ","5469":" ","5470":" ","5471":" ","5472":"r","5473":"e","5474":"t","5475":"u","5476":"r","5477":"n","5478":" ","5479":"{","5480":"\\","5481":"n","5482":" ","5483":" ","5484":" ","5485":" ","5486":" ","5487":" ","5488":" ","5489":" ","5490":" ","5491":" ","5492":"c","5493":"o","5494":"n","5495":"t","5496":"e","5497":"n","5498":"t","5499":":","5500":" ","5501":"[","5502":"\\","5503":"n","5504":" ","5505":" ","5506":" ","5507":" ","5508":" ","5509":" ","5510":" ","5511":" ","5512":" ","5513":" ","5514":" ","5515":" ","5516":"{","5517":"\\","5518":"n","5519":" ","5520":" ","5521":" ","5522":" ","5523":" ","5524":" ","5525":" ","5526":" ","5527":" ","5528":" ","5529":" ","5530":" ","5531":" ","5532":" ","5533":"t","5534":"y","5535":"p","5536":"e","5537":":","5538":" ","5539":"\\","5540":"\"","5541":"t","5542":"e","5543":"x","5544":"t","5545":"\\","5546":"\"","5547":",","5548":"\\","5549":"n","5550":" ","5551":" ","5552":" ","5553":" ","5554":" ","5555":" ","5556":" ","5557":" ","5558":" ","5559":" ","5560":" ","5561":" ","5562":" ","5563":" ","5564":"t","5565":"e","5566":"x","5567":"t","5568":":","5569":" ","5570":"`","5571":"E","5572":"r","5573":"r","5574":"o","5575":"r","5576":" ","5577":"l","5578":"i","5579":"s","5580":"t","5581":"i","5582":"n","5583":"g","5584":" ","5585":"D","5586":"u","5587":"s","5588":"t","5589":" ","5590":"a","5591":"g","5592":"e","5593":"n","5594":"t","5595":"s","5596":":","5597":" ","5598":"$","5599":"{","5600":"e","5601":"r","5602":"r","5603":"o","5604":"r","5605":".","5606":"m","5607":"e","5608":"s","5609":"s","5610":"a","5611":"g","5612":"e","5613":"}","5614":"`","5615":"\\","5616":"n","5617":" ","5618":" ","5619":" ","5620":" ","5621":" ","5622":" ","5623":" ","5624":" ","5625":" ","5626":" ","5627":" ","5628":" ","5629":"}","5630":"\\","5631":"n","5632":" ","5633":" ","5634":" ","5635":" ","5636":" ","5637":" ","5638":" ","5639":" ","5640":" ","5641":" ","5642":"]","5643":",","5644":"\\","5645":"n","5646":" ","5647":" ","5648":" ","5649":" ","5650":" ","5651":" ","5652":" ","5653":" ","5654":" ","5655":" ","5656":"i","5657":"s","5658":"E","5659":"r","5660":"r","5661":"o","5662":"r","5663":":","5664":" ","5665":"t","5666":"r","5667":"u","5668":"e","5669":"\\","5670":"n","5671":" ","5672":" ","5673":" ","5674":" ","5675":" ","5676":" ","5677":" ","5678":" ","5679":"}","5680":";","5681":"\\","5682":"n","5683":" ","5684":" ","5685":" ","5686":" ","5687":" ","5688":" ","5689":"}","5690":"\\","5691":"n","5692":" ","5693":" ","5694":" ","5695":" ","5696":"}","5697":"\\","5698":"n","5699":" ","5700":" ","5701":")","5702":";","5703":"\\","5704":"n","5705":" ","5706":" ","5707":"\\","5708":"n","5709":" ","5710":" ","5711":"/","5712":"/","5713":" ","5714":"R","5715":"e","5716":"g","5717":"i","5718":"s","5719":"t","5720":"e","5721":"r","5722":" ","5723":"t","5724":"h","5725":"e","5726":" ","5727":"g","5728":"e","5729":"t","5730":" ","5731":"a","5732":"g","5733":"e","5734":"n","5735":"t","5736":" ","5737":"c","5738":"o","5739":"n","5740":"f","5741":"i","5742":"g","5743":" ","5744":"t","5745":"o","5746":"o","5747":"l","5748":"\\","5749":"n","5750":" ","5751":" ","5752":"s","5753":"e","5754":"r","5755":"v","5756":"e","5757":"r","5758":".","5759":"t","5760":"o","5761":"o","5762":"l","5763":"(","5764":"\\","5765":"n","5766":" ","5767":" ","5768":" ","5769":" ","5770":"\\","5771":"\"","5772":"d","5773":"u","5774":"s","5775":"t","5776":"_","5777":"g","5778":"e","5779":"t","5780":"_","5781":"a","5782":"g","5783":"e","5784":"n","5785":"t","5786":"_","5787":"c","5788":"o","5789":"n","5790":"f","5791":"i","5792":"g","5793":"\\","5794":"\"","5795":",","5796":"\\","5797":"n","5798":" ","5799":" ","5800":" ","5801":" ","5802":"{","5803":"\\","5804":"n","5805":" ","5806":" ","5807":" ","5808":" ","5809":" ","5810":" ","5811":"d","5812":"e","5813":"s","5814":"c","5815":"r","5816":"i","5817":"p","5818":"t","5819":"i","5820":"o","5821":"n","5822":":","5823":" ","5824":"\\","5825":"\"","5826":"G","5827":"e","5828":"t","5829":" ","5830":"c","5831":"o","5832":"n","5833":"f","5834":"i","5835":"g","5836":"u","5837":"r","5838":"a","5839":"t","5840":"i","5841":"o","5842":"n","5843":" ","5844":"f","5845":"o","5846":"r","5847":" ","5848":"a","5849":" ","5850":"s","5851":"p","5852":"e","5853":"c","5854":"i","5855":"f","5856":"i","5857":"c","5858":" ","5859":"D","5860":"u","5861":"s","5862":"t","5863":" ","5864":"a","5865":"g","5866":"e","5867":"n","5868":"t","5869":"\\","5870":"\"","5871":",","5872":"\\","5873":"n","5874":" ","5875":" ","5876":" ","5877":" ","5878":" ","5879":" ","5880":"p","5881":"a","5882":"r","5883":"a","5884":"m","5885":"e","5886":"t","5887":"e","5888":"r","5889":"s","5890":":","5891":" ","5892":"z","5893":".","5894":"o","5895":"b","5896":"j","5897":"e","5898":"c","5899":"t","5900":"(","5901":"{","5902":"\\","5903":"n","5904":" ","5905":" ","5906":" ","5907":" ","5908":" ","5909":" ","5910":" ","5911":" ","5912":"a","5913":"g","5914":"e","5915":"n","5916":"t","5917":"_","5918":"i","5919":"d","5920":":","5921":" ","5922":"z","5923":".","5924":"s","5925":"t","5926":"r","5927":"i","5928":"n","5929":"g","5930":"(","5931":")","5932":".","5933":"d","5934":"e","5935":"s","5936":"c","5937":"r","5938":"i","5939":"b","5940":"e","5941":"(","5942":"\\","5943":"\"","5944":"I","5945":"D","5946":" ","5947":"o","5948":"f","5949":" ","5950":"t","5951":"h","5952":"e","5953":" ","5954":"a","5955":"g","5956":"e","5957":"n","5958":"t","5959":" ","5960":"t","5961":"o","5962":" ","5963":"g","5964":"e","5965":"t","5966":" ","5967":"c","5968":"o","5969":"n","5970":"f","5971":"i","5972":"g","5973":"u","5974":"r","5975":"a","5976":"t","5977":"i","5978":"o","5979":"n","5980":" ","5981":"f","5982":"o","5983":"r","5984":"\\","5985":"\"","5986":")","5987":"\\","5988":"n","5989":" ","5990":" ","5991":" ","5992":" ","5993":" ","5994":" ","5995":"}","5996":")","5997":"\\","5998":"n","5999":" ","6000":" ","6001":" ","6002":" ","6003":"}","6004":",","6005":"\\","6006":"n","6007":" ","6008":" ","6009":" ","6010":" ","6011":"a","6012":"s","6013":"y","6014":"n","6015":"c","6016":" ","6017":"(","6018":"{","6019":" ","6020":"a","6021":"g","6022":"e","6023":"n","6024":"t","6025":"_","6026":"i","6027":"d","6028":" ","6029":"}","6030":")","6031":" ","6032":"=","6033":">","6034":" ","6035":"{","6036":"\\","6037":"n","6038":" ","6039":" ","6040":" ","6041":" ","6042":" ","6043":" ","6044":"l","6045":"o","6046":"g","6047":"g","6048":"e","6049":"r","6050":"(","6051":"'","6052":"I","6053":"N","6054":"F","6055":"O","6056":"'","6057":",","6058":" ","6059":"'","6060":"R","6061":"e","6062":"c","6063":"e","6064":"i","6065":"v","6066":"e","6067":"d","6068":" ","6069":"d","6070":"u","6071":"s","6072":"t","6073":"_","6074":"g","6075":"e","6076":"t","6077":"_","6078":"a","6079":"g","6080":"e","6081":"n","6082":"t","6083":"_","6084":"c","6085":"o","6086":"n","6087":"f","6088":"i","6089":"g","6090":" ","6091":"r","6092":"e","6093":"q","6094":"u","6095":"e","6096":"s","6097":"t","6098":"'","6099":",","6100":" ","6101":"{","6102":" ","6103":"a","6104":"g","6105":"e","6106":"n","6107":"t","6108":"_","6109":"i","6110":"d","6111":" ","6112":"}","6113":")","6114":";","6115":"\\","6116":"n","6117":" ","6118":" ","6119":" ","6120":" ","6121":" ","6122":" ","6123":"\\","6124":"n","6125":" ","6126":" ","6127":" ","6128":" ","6129":" ","6130":" ","6131":"t","6132":"r","6133":"y","6134":" ","6135":"{","6136":"\\","6137":"n","6138":" ","6139":" ","6140":" ","6141":" ","6142":" ","6143":" ","6144":" ","6145":" ","6146":"/","6147":"/","6148":" ","6149":"U","6150":"s","6151":"e","6152":" ","6153":"t","6154":"h","6155":"e","6156":" ","6157":"i","6158":"m","6159":"p","6160":"o","6161":"r","6162":"t","6163":"e","6164":"d","6165":" ","6166":"g","6167":"e","6168":"t","6169":"A","6170":"g","6171":"e","6172":"n","6173":"t","6174":"C","6175":"o","6176":"n","6177":"f","6178":"i","6179":"g","6180":" ","6181":"f","6182":"u","6183":"n","6184":"c","6185":"t","6186":"i","6187":"o","6188":"n","6189":" ","6190":"f","6191":"r","6192":"o","6193":"m","6194":" ","6195":"t","6196":"h","6197":"e","6198":" ","6199":"s","6200":"e","6201":"r","6202":"v","6203":"i","6204":"c","6205":"e","6206":"\\","6207":"n","6208":" ","6209":" ","6210":" ","6211":" ","6212":" ","6213":" ","6214":" ","6215":" ","6216":"c","6217":"o","6218":"n","6219":"s","6220":"t","6221":" ","6222":
[...]
"39394":"S","39395":"A","39396":"A","39397":"S","39398":",","39399":"G","39400":"A","39401":"A","39402":"G","39403":"8","39404":"C","39405":",","39406":"Q","39407":"A","39408":"A","39409":"Q","39410":",","39411":"G","39412":"A","39413":"A","39414":"G","39415":",","39416":"E","39417":"A","39418":"A","39419":"E","39420":"h","39421":"D","39422":",","39423":"Y","39424":"A","39425":"A","39426":"Y","39427":",","39428":"+","39429":"B","39430":"A","39431":"A","39432":"+","39433":"B","39434":",","39435":"E","39436":"A","39437":"A","39438":"E","39439":"+","39440":"F","39441":",","39442":"a","39443":"A","39444":"A","39445":"a","39446":";","39447":"Q","39448":"A","39449":"E","39450":"z","39451":"F","39452":"v","39453":"H","39454":",","39455":"O","39456":"A","39457":"A","39458":"O","39459":",","39460":"Q","39461":"A","39462":"A","39463":"Q","39464":",","39465":"C","39466":"A","39467":"A","39468":"C","39469":",","39470":"s","39471":"C","39472":"A","39473":"A","39474":"s","39475":"C","39476":",","39477":"E","39478":"A","39479":"A","39480":"E","39481":"0","39482":"B","39483":",","39484":"Q","39485":"A","39486":"A","39487":"Q","39488":";","39489":"Q","39490":"A","39491":"E","39492":"h","39493":"E","39494":",","39495":"M","39496":"A","39497":"A","39498":"M","39499":"C","39500":",","39501":"W","39502":"A","39503":"A","39504":"W","39505":",","39506":"M","39507":"A","39508":"A","39509":"M","39510":"C","39511":",","39512":"c","39513":"A","39514":"A","39515":"K","39516":",","39517":"C","39518":"A","39519":"A","39520":"C","39521":"P","39522":",","39523":"G","39524":"A","39525":"A","39526":"G","39527":",","39528":"C","39529":"A","39530":"A","39531":"C","39532":"K","39533":",","39534":"Q","39535":"A","39536":"A","39537":"Q","39538":";","39539":"Y","39540":"A","39541":"C","39542":"v","39543":"C","39544":"G","39545":",","39546":"S","39547":"A","39548":"A","39549":"S","39550":";","39551":"g","39552":"B","39553":"A","39554":"C","39555":"P","39556":"C","39557":",","39558":"e","39559":"A","39560":"A","39561":"e","39562":",","39563":"C","39564":"A","39565":"A","39566":"C","39567":",","39568":"O","39569":"A","39570":"A","39571":"O","39572":",","39573":"E","39574":"A","39575":"A","39576":"E","39577":"f","39578":",","39579":"c","39580":"A","39581":"A","39582":"c","39583":";","39584":"g","39585":"B","39586":"A","39587":"C","39588":"v","39589":"C","39590":",","39591":"U","39592":"A","39593":"A","39594":"U","39595":";","39596":"g","39597":"B","39598":"A","39599":"C","39600":"V","39601":",","39602":"g","39603":"B","39604":"A","39605":"A","39606":"g","39607":"B","39608":";","39609":"Y","39610":"A","39611":"C","39612":"l","39613":"B","39614":";","39615":"Y","39616":"A","39617":"C","39618":"A","39619":"y","39620":"G","39621":",","39622":"g","39623":"B","39624":"A","39625":"A","39626":"g","39627":"B","39628":",","39629":"I","39630":"A","39631":"A","39632":"M","39633":",","39634":"K","39635":"A","39636":"A","39637":"K","39638":",","39639":"o","39640":"D","39641":"A","39642":"A","39643":"o","39644":"D","39645":";","39646":"Q","39647":"A","39648":"C","39649":"j","39650":"F","39651":";","39652":"Q","39653":"A","39654":"E","39655":"A","39656":",","39657":"g","39658":"C","39659":"A","39660":"A","39661":"g","39662":"C","39663":";","39664":"Q","39665":"A","39666":"C","39667":"h","39668":"C","39669":",","39670":"I","39671":"A","39672":"A","39673":"I","39674":"7","39675":"F","39676":",","39677":"S","39678":"A","39679":"A","39680":"S","39681":"I","39682":",","39683":"M","39684":"A","39685":"A","39686":"M","39687":",","39688":"K","39689":"A","39690":"A","39691":"K","39692":",","39693":"K","39694":"A","39695":"A","39696":"K","39697":";","39698":"Y","39699":"A","39700":"C","39701":"3","39702":"B","39703":"/","39704":"B","39705":",","39706":"O","39707":"A","39708":"A","39709":"O","39710":",","39711":"S","39712":"A","39713":"A","39714":"S","39715":",","39716":"C","39717":"A","39718":"A","39719":"C","39720":",","39721":"o","39722":"C","39723":"A","39724":"A","39725":"o","39726":"C","39727":",","39728":"E","39729":"A","39730":"A","39731":"E","39732":"2","39733":"B","39734":",","39735":"S","39736":"A","39737":"A","39738":"S","39739":"I","39740":",","39741":"M","39742":"A","39743":"A","39744":"M","39745":",","39746":"E","39747":"A","39748":"A","39749":"E","39750":",","39751":"E","39752":"A","39753":"A","39754":"E","39755":"J","39756":",","39757":"S","39758":"A","39759":"A","39760":"S","39761":"x","39762":"B","39763":",","39764":"I","39765":"A","39766":"A","39767":"I","39768":";","39769":"Y","39770":"A","39771":"C","39772":"v","39773":"F","39774":",","39775":"M","39776":"A","39777":"A","39778":"M","39779":",","39780":"I","39781":"A","39782":"A","39783":"I","39784":"o","39785":"B","39786":",","39787":"M","39788":"A","39789":"A","39790":"M","39791":",","39792":"C","39793":"A","39794":"A","39795":"C","39796":",","39797":"o","39798":"C","39799":"A","39800":"A","39801":"o","39802":"C","39803":",","39804":"E","39805":"A","39806":"A","39807":"E","39808":"I","39809":",","39810":"S","39811":"A","39812":"A","39813":"S","39814":"I","39815":",","39816":"M","39817":"A","39818":"A","39819":"M","39820":",","39821":"C","39822":"A","39823":"A","39824":"C","39825":",","39826":"G","39827":"A","39828":"A","39829":"G","39830":",","39831":"E","39832":"A","39833":"A","39834":"E","39835":"z","39836":"B","39837":",","39838":"K","39839":"A","39840":"A","39841":"K","39842":"C","39843":",","39844":"S","39845":"A","39846":"A","39847":"S","39848":",","39849":"C","39850":"A","39851":"A","39852":"C","39853":"o","39854":"B","39855":",","39856":"S","39857":"A","39858":"A","39859":"S","39860":"x","39861":"B","39862":",","39863":"I","39864":"A","39865":"A","39866":"I","39867":",","39868":"G","39869":"A","39870":"A","39871":"G","39872":";","39873":"Q","39874":"A","39875":"C","39876":"7","39877":"G","39878":";","39879":"Q","39880":"A","39881":"E","39882":"A","39883":",","39884":"6","39885":"C","39886":"A","39887":"A","39888":"6","39889":"C","39890":";","39891":"Q","39892":"A","39893":"C","39894":"7","39895":"C","39896":",","39897":"M","39898":"A","39899":"A","39900":"M","39901":"s","39902":"H","39903":",","39904":"s","39905":"B","39906":"A","39907":"A","39908":"s","39909":"B","39910":"9","39911":"F","39912":",","39913":"S","39914":"A","39915":"A","39916":"S","39917":"x","39918":"B","39919":",","39920":"I","39921":"A","39922":"A","39923":"I","39924":",","39925":"E","39926":"A","39927":"A","39928":"E","39929":"s","39930":"H","39931":",","39932":"u","39933":"B","39934":"A","39935":"A","39936":"u","39937":"B","39938":",","39939":"E","39940":"A","39941":"A","39942":"E","39943":";","39944":"Q","39945":"A","39946":"C","39947":"p","39948":"E","39949":"z","39950":"H","39951":",","39952":"O","39953":"A","39954":"A","39955":"O","39956":",","39957":"Q","39958":"A","39959":"A","39960":"Q","39961":",","39962":"C","39963":"A","39964":"A","39965":"C","39966":",","39967":"M","39968":"A","39969":"A","39970":"M","39971":",","39972":"E","39973":"A","39974":"A","39975":"E","39976":"y","39977":"H","39978":",","39979":"o","39980":"B","39981":"A","39982":"A","39983":"o","39984":"B","39985":"5","39986":"D","39987":",","39988":"M","39989":"A","39990":"A","39991":"M","39992":",","39993":"C","39994":"A","39995":"A","39996":"C","39997":",","39998":"q","39999":"B","40000":"A","40001":"A","40002":"q","40003":"B","40004":",","40005":"C","40006":"A","40007":"A","40008":"C","40009":";","40010":"Q","40011":"A","40012":"E","40013":"z","40014":"E","40015":",","40016":"g","40017":"D","40018":"A","40019":"A","40020":"g","40021":"D","40022":";","40023":"Q","40024":"A","40025":"C","40026":"h","40027":"D","40028":",","40029":"O","40030":"A","40031":"A","40032":"O","40033":"4","40034":"D","40035":",","40036":"o","40037":"B","40038":"A","40039":"A","40040":"o","40041":"B","40042":"j","40043":"F","40044":",","40045":"G","40046":"A","40047":"A","40048":"G","40049":",","40050":"C","40051":"A","40052":"A","40053":"C","40054":",","40055":"C","40056":"A","40057":"A","40058":"C","40059":"k","40060":"F","40061":";","40062":"Y","40063":"A","40064":"C","40065":"9","40066":"B","40067":",","40068":"M","40069":"A","40070":"A","40071":"M","40072":"9","40073":"G","40074":",","40075":"S","40076":"A","40077":"A","40078":"s","40079":"B","40080":";","40081":"g","40082":"B","40083":"A","40084":"C","40085":"1","40086":"B","40087":"s","40088":"B","40089":",","40090":"I","40091":"A","40092":"A","40093":"I","40094":"w","40095":"F","40096":",","40097":"M","40098":"A","40099":"A","40100":"M","40101":"v","40102":"F","40103":",","40104":"G","40105":"A","40106":"A","40107":"G","40108":",","40109":"I","40110":"A","40111":"A","40112":"I","40113":"u","40114":"F","40115":",","40116":"M","40117":"A","40118":"A","40119":"M","40120":"x","40121":"F","40122":",","40123":"E","40124":"A","40125":"A","40126":"E","40127":";","40128":"g","40129":"B","40130":"A","40131":"C","40132":"z","40133":"B","40134":"E","40135":",","40136":"M","40137":"A","40138":"A","40139":"M","40140":"s","40141":"F","40142":",","40143":"M","40144":"A","40145":"A","40146":"M","40147":"t","40148":"F","40149":",","40150":"I","40151":"A","40152":"A","40153":"I","40154":",","40155":"I","40156":"A","40157":"A","40158":"I","40159":";","40160":"g","40161":"B","40162":"A","40163":"C","40164":"p","40165":"B","40166":"C","40167":",","40168":"a","40169":"A","40170":"A","40171":"a","40172":"q","40173":"F","40174":",","40175":"M","40176":"A","40177":"A","40178":"M","40179":"r","40180":"F","40181":",","40182":"W","40183":"A","40184":"A","40185":"W","40186":",","40187":"I","40188":"A","40189":"A","40190":"I","40191":";","40192":"g","40193":"B","40194":"A","40195":"C","40196":"l","40197":"C","40198":"C","40199":",","40200":"c","40201":"A","40202":"A","40203":"c","40204":"o","40205":"F","40206":",","40207":"M","40208":"A","40209":"A","40210":"M","40211":"n","40212":"F","40213":",","40214":"O","40215":"A","40216":"A","40217":"O","40218":",","40219":"E","40220":"A","40221":"A","40222":"E","40223":"C","40224":",","40225":"I","40226":"A","40227":"A","40228":"I","40229":",","40230":"C","40231":"A","40232":"A","40233":"C","40234":"C","40235":",","40236":"S","40237":"A","40238":"A","40239":"g","40240":"B","40241":"A","40242":",","40243":"O","40244":"A","40245":"A","40246":"O","40247":"L","40248":",","40249":"I","40250":"A","40251":"A","40252":"I","40253":",","40254":"K","40255":"A","40256":"A","40257":"K","40258":",","40259":"E","40260":"A","40261":"A","40262":"E","40263":";","40264":"g","40265":"B","40266":"A","40267":"C","40268":"p","40269":"E","40270":"M","40271":",","40272":"O","40273":"A","40274":"A","40275":"O","40276":"g","40277":"F","40278":",","40279":"M","40280":"A","40281":"A","40282":"M","40283":"h","40284":"F","40285":",","40286":"K","40287":"A","40288":"A","40289":"K","40290":",","40291":"E","40292":"A","40293":"A","40294":"E","40295":"C","40296":",","40297":"W","40298":"A","40299":"A","40300":"W","40301":";","40302":"g","40303":"B","40304":"A","40305":"C","40306":"/","40307":"B","40308":"C","40309":",","40310":"U","40311":"A","40312":"A","40313":"U","40314":"8","40315":"E","40316":",","40317":"M","40318":"A","40319":"A","40320":"M","40321":"h","40322":"F","40323":",","40324":"K","40325":"A","40326":"A","40327":"K","40328":",","40329":"E","40330":"A","40331":"A","40332":"E","40333":"G","40334":",","40335":"c","40336":"A","40337":"A","40338":"c","40339":";","40340":"g","40341":"B","40342":"A","40343":"C","40344":"r","40345":"C","40346":"C","40347":",","40348":"a","40349":"A","40350":"A","40351":"a","40352":"4","40353":"E","40354":",","40355":"M","40356":"A","40357":"A","40358":"M","40359":"h","40360":"F","40361":",","40362":"K","40363":"A","40364":"A","40365":"K","40366":",","40367":"E","40368":"A","40369":"A","40370":"E","40371":"I","40372":";","40373":"g","40374":"B","40375":"A","40376":"C","40377":"1","40378":"B","40379":"C","40380":",","40381":"c","40382":"A","40383":"A","40384":"c","40385":"2","40386":"E","40387":",","40388":"M","40389":"A","40390":"A","40391":"M","40392":"3","40393":"E","40394":",","40395":"Y","40396":"A","40397":"A","40398":"Y","40399":";","40400":"g","40401":"B","40402":"A","40403":"C","40404":"h","40405":"C","40406":"h","40407":"B","40408":",","40409":"Q","40410":"A","40411":"A","40412":"Q","40413":"2","40414":"F","40415":",","40416":"M","40417":"A","40418":"A","40419":"M","40420":"3","40421":"F","40422":",","40423":"M","40424":"A","40425":"A","40426":"M","40427":";","40428":"g","40429":"B","40430":"A","40431":"C","40432":"p","40433":"B","40434":"i","40435":"B","40436":",","40437":"Y","40438":"A","40439":"A","40440":"Y","40441":"0","40442":"E","40443":",","40444":"M","40445":"A","40446":"A","40447":"M","40448":"1","40449":"E","40450":",","40451":"U","40452":"A","40453":"A","40454":"U","40455":";","40456":"g","40457":"B","40458":"A","40459":"C","40460":"5","40461":"B","40462":"C","40463":",","40464":"w","40465":"B","40466":"A","40467":"A","40468":"w","40469":"B","40470":"y","40471":"E","40472":",","40473":"M","40474":"A","40475":"A","40476":"M","40477":"z","40478":"E","40479":",","40480":"s","40481":"B","40482":"A","40483":"A","40484":"s","40485":"B","40486":",","40487":"I","40488":"A","40489":"A","40490":"I","40491":",","40492":"E","40493":"A","40494":"A","40495":"E","40496":";","40497":"g","40498":"B","40499":"A","40500":"C","40501":"1","40502":"D","40503":"C","40504":",","40505":"M","40506":"A","40507":"A","40508":"M","40509":"w","40510":"E","40511":",","40512":"M","40513":"A","40514":"A","40515":"M","40516":"x","40517":"E","40518":",","40519":"I","40520":"A","40521":"A","40522":"I","40523":",","40524":"I","40525":"A","40526":"A","40527":"I","40528":",","40529":"E","40530":"A","40531":"A","40532":"E","40533":";","40534":"g","40535":"B","40536":"A","40537":"C","40538":"t","40539":"B","40540":"C","40541":",","40542":"s","40543":"B","40544":"A","40545":"A","40546":"s","40547":"B","40548":"u","40549":"E","40550":",","40551":"M","40552":"A","40553":"A","40554":"M","40555":"v","40556":"E","40557":",","40558":"o","40559":"B","40560":"A","40561":"A","40562":"o","40563":"B","40564":";","40565":"g","40566":"B","40567":"A","40568":"C","40569":"h","40570":"D","40571":"/","40572":"C","40573":",","40574":"W","40575":"A","40576":"A","40577":"W","40578":"X","40579":",","40580":"K","40581":"A","40582":"A","40583":"K","40584":"6","40585":"B","40586":",","40587":"G","40588":"A","40589":"A","40590":"G","40591":";","40592":"Y","40593":"A","40594":"C","40595":"r","40596":"B","40597":";","40598":"Y","40599":"A","40600":"E","40601":"A","40602":",","40603":"s","40604":"C","40605":"A","40606":"A","40607":"s","40608":"C","40609":";","40610":"Y","40611":"A","40612":"C","40613":"t","40614":"C","40615":"N","40616":",","40617":"i","40618":"B","40619":"A","40620":"A","40621":"i","40622":"B","40623":"o","40624":"C","40625":",","40626":"G","40627":"A","40628":"A","40629":"G","40630":",","40631":"C","40632":"A","40633":"A","40634":"C","40635":"x","40636":"C","40637":",","40638":"O","40639":"A","40640":"A","40641":"O","40642":"s","40643":"B","40644":",","40645":"E","40646":"A","40647":"A","40648":"E","40649":",","40650":"E","40651":"A","40652":"A","40653":"E","40654":"t","40655":"B","40656":";","40657":"Y","40658":"A","40659":"E","40660":"h","40661":"C","40662":",","40663":"O","40664":"A","40665":"A","40666":"O","40667":"A","40668":";","40669":"Q","40670":"A","40671":"C","40672":"T","40673":";","40674":"I","40675":"A","40676":"C","40677":"F","40678":",","40679":"E","40680":"A","40681":"A","40682":"E","40683":",","40684":"O","40685":"A","40686":"A","40687":"O","40688":"y","40689":"C","40690":",","40691":"O","40692":"A","40693":"A","40694":"Y","40695":";","40696":"Q","40697":"A","40698":"C","40699":"n","40700":"B","40701":"r","40702":"D","40703":",","40704":"O","40705":"A","40706":"A","40707":"O","40708":",","40709":"S","40710":"A","40711":"A","40712":"S","40713":",","40714":"8","40715":"B","40716":"A","40717":"A","40718":"8","40719":"B","40720":"q","40721":"D","40722":";","40723":"Q","40724":"A","40725":"E","40726":"9","40727":"C","40728":",","40729":"w","40730":"D","40731":"A","40732":"A","40733":"w","40734":"D","40735":";","40736":"Q","40737":"A","40738":"C","40739":"x","40740":"D","40741":",","40742":"I","40743":"A","40744":"A","40745":"I","40746":"/","40747":"D","40748":",","40749":"Q","40750":"A","40751":"A","40752":"Q","40753":"w","40754":"B","40755":",","40756":"G","40757":"A","40758":"A","40759":"G","40760":",","40761":"C","40762":"A","40763":"A","40764":"C","40765":"w","40766":"C","40767":",","40768":"Q","40769":"A","40770":"A","40771":"Q","40772":",","40773":"K","40774":"A","40775":"A","40776":"K","40777":",","40778":"e","40779":"A","40780":"A","40781":"e","40782":";","40783":"Y","40784":"A","40785":"C","40786":"1","40787":"C","40788":"t","40789":"D","40790":",","40791":"O","40792":"A","40793":"A","40794":"O","40795":",","40796":"Q","40797":"A","40798":"A","40799":"Q","40800":";","40801":"Y","40802":"A","40803":"C","40804":"f","40805":",","40806":"O","40807":"A","40808":"A","40809":"O","40810":";","40811":"g","40812":"B","40813":"A","40814":"C","40815":"L","40816":";","40817":"o","40818":"B","40819":"A","40820":"C","40821":"E","40822":"k","40823":"C","40824":",","40825":"I","40826":"A","40827":"A","40828":"I","40829":";","40830":"o","40831":"B","40832":"A","40833":"C","40834":"J","40835":"E","40836":",","40837":"M","40838":"A","40839":"A","40840":"M","40841":";","40842":"o","40843":"B","40844":"A","40845":"C","40846":"N","40847":"C","40848":",","40849":"a","40850":"A","40851":"A","40852":"a","40853":";","40854":"o","40855":"B","40856":"A","40857":"C","40858":"b","40859":"C","40860":",","40861":"c","40862":"A","40863":"A","40864":"c","40865":";","40866":"w","40867":"B","40868":"A","40869":"A","40870":"C","40871":";","40872":"w","40873":"B","40874":"A","40875":"A","40876":"c","40877":";","40878":"w","40879":"B","40880":"A","40881":"A","40882":"U","40883":";","40884":"q","40885":"B","40886":"A","40887":"A","40888":"e","40889":";","40890":"o","40891":"B","40892":"A","40893":"C","40894":"t","40895":"D","40896":"I","40897":",","40898":"O","40899":"A","40900":"A","40901":"O","40902":";","40903":"o","40904":"B","40905":"A","40906":"C","40907":"P","40908":"E","40909":",","40910":"U","40911":"A","40912":"A","40913":"U","40914":";","40915":"o","40916":"B","40917":"A","40918":"C","40919":"V","40920":"E","40921":",","40922":"a","40923":"A","40924":"A","40925":"a","40926":";","40927":"o","40928":"B","40929":"A","40930":"C","40931":"b","40932":"f","40933":",","40934":"Q","40935":"A","40936":"A","40937":"Q","40938":";","40939":"o","40940":"B","40941":"A","40942":"C","40943":"R","40944":"i","40945":"B","40946":",","40947":"Y","40948":"A","40949":"A","40950":"Y","40951":";","40952":"o","40953":"B","40954":"A","40955":"C","40956":"Z","40957":"C","40958":",","40959":"w","40960":"B","40961":"A","40962":"A","40963":"w","40964":"B","40965":";","40966":"w","40967":"B","40968":"A","40969":"A","40970":"C","40971":";","40972":"w","40973":"B","40974":"A","40975":"A","40976":"Q","40977":";","40978":"q","40979":"B","40980":"A","40981":"A","40982":"O","40983":";","40984":"o","40985":"B","40986":"A","40987":"C","40988":"x","40989":"C","40990":"7","40991":"C","40992":",","40993":"W","40994":"A","40995":"A","40996":"W","40997":"X","40998":",","40999":"K","41000":"A","41001":"A","41002":"K","41003":"6","41004":"B","41005":",","41006":"G","41007":"A","41008":"A","41009":"G","41010":";","41011":"g","41012":"B","41013":"A","41014":"C","41015":"r","41016":"B","41017":";","41018":"a","41019":"A","41020":"C","41021":"D","41022":";","41023":"Q","41024":"A","41025":"C","41026":"H","41027":";","41028":"Q","41029":"A","41030":"E","41031":"A","41032":",","41033":"M","41034":"A","41035":"A","41036":"M","41037":"+","41038":"B","41039":";","41040":"I","41041":"A","41042":"C","41043":"R","41044":";","41045":"A","41046":"A","41047":"C","41048":"F","41049":"\"","41050":"}"},"_coverageSchema":"1a1c01bbd47fc00a2c39e90264f33305004495a9","hash":"3df2db7b40f20957c95d1e789e82f0e0c5670e4d"}
}
