TN:
SF:src/config/MemoryStore.ts
FN:33,(anonymous_0)
FN:43,(anonymous_1)
FN:51,(anonymous_2)
FN:56,(anonymous_3)
FN:67,(anonymous_4)
FN:74,(anonymous_5)
FN:85,(anonymous_6)
FN:93,(anonymous_7)
FN:94,(anonymous_8)
FN:99,(anonymous_9)
FN:104,(anonymous_10)
FN:112,(anonymous_11)
FN:115,(anonymous_12)
FN:117,(anonymous_13)
FN:122,(anonymous_14)
FN:130,(anonymous_15)
FN:131,(anonymous_16)
FN:135,(anonymous_17)
FN:139,(anonymous_18)
FN:149,(anonymous_19)
FN:157,(anonymous_20)
FN:158,(anonymous_21)
FNF:22
FNH:3
FNDA:1,(anonymous_0)
FNDA:13,(anonymous_1)
FNDA:0,(anonymous_2)
FNDA:0,(anonymous_3)
FNDA:0,(anonymous_4)
FNDA:0,(anonymous_5)
FNDA:0,(anonymous_6)
FNDA:11,(anonymous_7)
FNDA:0,(anonymous_8)
FNDA:0,(anonymous_9)
FNDA:0,(anonymous_10)
FNDA:0,(anonymous_11)
FNDA:0,(anonymous_12)
FNDA:0,(anonymous_13)
FNDA:0,(anonymous_14)
FNDA:0,(anonymous_15)
FNDA:0,(anonymous_16)
FNDA:0,(anonymous_17)
FNDA:0,(anonymous_18)
FNDA:0,(anonymous_19)
FNDA:0,(anonymous_20)
FNDA:0,(anonymous_21)
DA:4,1
DA:28,1
DA:34,1
DA:40,1
DA:44,13
DA:45,1
DA:46,1
DA:48,13
DA:52,0
DA:53,0
DA:55,0
DA:56,0
DA:57,0
DA:58,0
DA:61,0
DA:64,0
DA:68,0
DA:69,0
DA:70,0
DA:71,0
DA:75,0
DA:76,0
DA:77,0
DA:78,0
DA:79,0
DA:82,0
DA:86,0
DA:87,0
DA:89,0
DA:90,0
DA:94,11
DA:95,11
DA:96,11
DA:98,11
DA:99,11
DA:100,11
DA:101,11
DA:105,0
DA:106,0
DA:107,0
DA:111,0
DA:112,0
DA:116,0
DA:117,0
DA:118,0
DA:119,0
DA:123,0
DA:124,0
DA:125,0
DA:126,0
DA:131,0
DA:132,0
DA:136,0
DA:140,0
DA:141,0
DA:145,0
DA:150,0
DA:151,0
DA:153,0
DA:158,0
LF:60
LH:15
BRDA:44,0,0,1
BRDA:52,1,0,0
BRDA:52,1,1,0
BRDA:55,2,0,0
BRDA:69,3,0,0
BRDA:70,4,0,0
BRDA:77,5,0,0
BRDA:87,6,0,0
BRDA:98,7,0,11
BRDA:98,7,1,11
BRDA:104,8,0,0
BRDA:106,9,0,0
BRDA:124,10,0,0
BRDA:132,11,0,0
BRDA:132,11,1,0
BRDA:141,12,0,0
BRDA:150,13,0,0
BRF:17
BRH:3
end_of_record
TN:
SF:src/config/redis.ts
FN:31,(anonymous_0)
FN:33,(anonymous_1)
FN:40,(anonymous_2)
FN:55,(anonymous_3)
FN:62,(anonymous_4)
FN:70,(anonymous_5)
FN:77,(anonymous_6)
FN:98,(anonymous_7)
FN:103,(anonymous_8)
FN:109,(anonymous_9)
FN:114,(anonymous_10)
FN:133,(anonymous_11)
FN:153,(anonymous_12)
FN:157,(anonymous_13)
FN:161,(anonymous_14)
FN:179,(anonymous_15)
FN:180,(anonymous_16)
FN:186,(anonymous_17)
FN:193,(anonymous_18)
FN:199,(anonymous_19)
FN:204,(anonymous_20)
FN:215,(anonymous_21)
FNF:22
FNH:6
FNDA:0,(anonymous_0)
FNDA:0,(anonymous_1)
FNDA:13,(anonymous_2)
FNDA:0,(anonymous_3)
FNDA:0,(anonymous_4)
FNDA:0,(anonymous_5)
FNDA:0,(anonymous_6)
FNDA:0,(anonymous_7)
FNDA:0,(anonymous_8)
FNDA:0,(anonymous_9)
FNDA:0,(anonymous_10)
FNDA:13,(anonymous_11)
FNDA:4,(anonymous_12)
FNDA:4,(anonymous_13)
FNDA:19,(anonymous_14)
FNDA:0,(anonymous_15)
FNDA:0,(anonymous_16)
FNDA:0,(anonymous_17)
FNDA:0,(anonymous_18)
FNDA:0,(anonymous_19)
FNDA:0,(anonymous_20)
FNDA:1,(anonymous_21)
DA:5,1
DA:13,1
DA:24,1
DA:25,1
DA:26,1
DA:27,1
DA:28,1
DA:29,1
DA:34,0
DA:35,0
DA:37,0
DA:41,13
DA:42,0
DA:46,13
DA:47,13
DA:48,13
DA:52,0
DA:53,0
DA:56,0
DA:57,0
DA:60,0
DA:61,0
DA:62,0
DA:63,0
DA:65,0
DA:68,0
DA:71,0
DA:72,0
DA:75,0
DA:76,0
DA:77,0
DA:78,0
DA:80,0
DA:83,0
DA:87,0
DA:88,0
DA:92,0
DA:95,0
DA:98,0
DA:99,0
DA:100,0
DA:103,0
DA:104,0
DA:105,0
DA:106,0
DA:109,0
DA:110,0
DA:111,0
DA:114,0
DA:115,0
DA:116,0
DA:117,0
DA:120,0
DA:121,0
DA:124,0
DA:125,0
DA:127,0
DA:128,0
DA:129,0
DA:134,13
DA:135,13
DA:138,13
DA:139,13
DA:140,13
DA:141,13
DA:142,13
DA:144,13
DA:145,13
DA:147,0
DA:148,0
DA:149,0
DA:154,4
DA:158,4
DA:162,19
DA:164,11
DA:166,11
DA:167,11
DA:169,0
DA:170,0
DA:172,11
DA:173,11
DA:174,11
DA:175,11
DA:180,0
DA:181,0
DA:182,0
DA:183,0
DA:186,0
DA:187,0
DA:188,0
DA:191,0
DA:192,0
DA:193,0
DA:194,0
DA:199,0
DA:200,0
DA:201,0
DA:204,0
DA:205,0
DA:206,0
DA:215,1
DA:216,1
DA:217,1
DA:221,1
LF:104
LH:35
BRDA:5,0,0,1
BRDA:5,0,1,0
BRDA:5,0,2,0
BRDA:33,1,0,0
BRDA:34,2,0,0
BRDA:34,3,0,0
BRDA:34,3,1,0
BRDA:40,4,0,13
BRDA:41,5,0,0
BRDA:41,6,0,13
BRDA:41,6,1,0
BRDA:46,7,0,13
BRDA:60,8,0,0
BRDA:75,9,0,0
BRDA:87,10,0,0
BRDA:87,10,1,0
BRDA:88,11,0,0
BRDA:88,11,1,0
BRDA:99,12,0,0
BRDA:115,13,0,0
BRDA:127,14,0,0
BRDA:127,14,1,0
BRDA:147,15,0,0
BRDA:147,15,1,0
BRDA:154,16,0,4
BRDA:154,16,1,4
BRDA:162,17,0,8
BRDA:191,18,0,0
BRF:28
BRH:7
end_of_record
TN:
SF:src/services/dustApiService.ts
FN:34,(anonymous_0)
FN:45,(anonymous_1)
FN:55,(anonymous_2)
FN:65,(anonymous_3)
FN:78,(anonymous_4)
FN:91,(anonymous_5)
FNF:6
FNH:1
FNDA:7,(anonymous_0)
FNDA:0,(anonymous_1)
FNDA:0,(anonymous_2)
FNDA:0,(anonymous_3)
FNDA:0,(anonymous_4)
FNDA:0,(anonymous_5)
DA:35,7
DA:36,7
DA:46,0
DA:47,0
DA:48,0
DA:50,0
DA:51,0
DA:56,0
DA:57,0
DA:58,0
DA:60,0
DA:61,0
DA:66,0
DA:67,0
DA:71,0
DA:73,0
DA:74,0
DA:79,0
DA:80,0
DA:84,0
DA:86,0
DA:87,0
DA:92,0
DA:93,0
DA:95,0
DA:96,0
LF:26
LH:2
BRDA:37,0,0,7
BRDA:37,0,1,7
BRDA:65,1,0,0
BRDA:78,2,0,0
BRF:4
BRH:2
end_of_record
TN:
SF:src/utils/logger.ts
FN:8,(anonymous_0)
FN:23,(anonymous_1)
FN:72,(anonymous_2)
FN:121,(anonymous_3)
FN:142,(anonymous_4)
FN:152,(anonymous_5)
FN:170,(anonymous_6)
FN:177,(anonymous_7)
FN:184,(anonymous_8)
FN:188,(anonymous_9)
FN:214,(anonymous_10)
FN:221,(anonymous_11)
FN:227,(anonymous_12)
FN:233,(anonymous_13)
FN:256,(anonymous_14)
FN:278,(anonymous_15)
FN:291,(anonymous_16)
FN:303,(anonymous_17)
FN:314,(anonymous_18)
FN:315,(anonymous_19)
FN:350,(anonymous_20)
FN:351,(anonymous_21)
FN:359,(anonymous_22)
FN:360,(anonymous_23)
FN:368,(anonymous_24)
FN:375,(anonymous_25)
FN:382,(anonymous_26)
FN:387,(anonymous_27)
FN:391,(anonymous_28)
FN:396,(anonymous_29)
FN:408,getLogger
FNF:31
FNH:11
FNDA:2,(anonymous_0)
FNDA:2,(anonymous_1)
FNDA:2,(anonymous_2)
FNDA:2,(anonymous_3)
FNDA:0,(anonymous_4)
FNDA:62,(anonymous_5)
FNDA:1,(anonymous_6)
FNDA:0,(anonymous_7)
FNDA:0,(anonymous_8)
FNDA:3,(anonymous_9)
FNDA:0,(anonymous_10)
FNDA:0,(anonymous_11)
FNDA:2,(anonymous_12)
FNDA:0,(anonymous_13)
FNDA:0,(anonymous_14)
FNDA:0,(anonymous_15)
FNDA:0,(anonymous_16)
FNDA:62,(anonymous_17)
FNDA:0,(anonymous_18)
FNDA:0,(anonymous_19)
FNDA:0,(anonymous_20)
FNDA:0,(anonymous_21)
FNDA:0,(anonymous_22)
FNDA:0,(anonymous_23)
FNDA:62,(anonymous_24)
FNDA:0,(anonymous_25)
FNDA:0,(anonymous_26)
FNDA:0,(anonymous_27)
FNDA:0,(anonymous_28)
FNDA:0,(anonymous_29)
FNDA:4,getLogger
DA:8,2
DA:9,2
DA:10,2
DA:12,0
DA:16,2
DA:23,2
DA:24,2
DA:25,2
DA:26,2
DA:27,2
DA:28,2
DA:32,2
DA:68,2
DA:69,2
DA:72,2
DA:73,2
DA:74,2
DA:75,2
DA:78,0
DA:79,0
DA:80,0
DA:81,0
DA:82,0
DA:84,0
DA:85,0
DA:90,2
DA:92,2
DA:112,2
DA:113,2
DA:114,2
DA:115,2
DA:122,2
DA:125,2
DA:126,2
DA:127,2
DA:130,0
DA:131,0
DA:135,2
DA:138,2
DA:141,2
DA:142,2
DA:144,0
DA:153,62
DA:154,61
DA:156,1
DA:158,1
DA:159,1
DA:160,1
DA:161,1
DA:163,0
DA:171,1
DA:178,0
DA:185,0
DA:189,3
DA:191,3
DA:194,0
DA:195,0
DA:199,0
DA:200,0
DA:201,0
DA:202,0
DA:203,0
DA:204,0
DA:205,0
DA:209,0
DA:215,0
DA:216,0
DA:219,0
DA:221,0
DA:228,2
DA:229,2
DA:230,2
DA:234,0
DA:236,0
DA:237,0
DA:240,0
DA:242,0
DA:243,0
DA:244,0
DA:248,0
DA:249,0
DA:251,0
DA:254,0
DA:255,0
DA:256,0
DA:259,0
DA:260,0
DA:261,0
DA:262,0
DA:267,0
DA:279,0
DA:280,0
DA:282,0
DA:291,0
DA:292,0
DA:293,0
DA:297,0
DA:304,62
DA:306,62
DA:307,62
DA:308,0
DA:311,0
DA:312,0
DA:313,0
DA:314,0
DA:315,0
DA:316,0
DA:317,0
DA:322,0
DA:327,0
DA:328,0
DA:329,0
DA:333,0
DA:334,0
DA:335,0
DA:340,0
DA:341,0
DA:351,0
DA:352,0
DA:360,0
DA:361,0
DA:369,62
DA:376,0
DA:383,0
DA:388,0
DA:392,0
DA:397,0
DA:398,0
DA:399,0
DA:405,2
DA:409,4
DA:410,2
DA:411,2
DA:413,2
DA:415,4
DA:422,2
LF:136
LH:55
BRDA:23,0,0,2
BRDA:23,0,1,2
BRDA:93,1,0,0
BRDA:93,1,1,2
BRDA:121,2,0,0
BRDA:125,3,0,2
BRDA:138,4,0,2
BRDA:138,4,1,0
BRDA:141,5,0,2
BRDA:153,6,0,61
BRDA:153,7,0,62
BRDA:153,7,1,61
BRDA:156,8,0,0
BRDA:171,9,0,1
BRDA:171,9,1,1
BRDA:194,10,0,0
BRDA:200,11,0,0
BRDA:200,11,1,0
BRDA:204,12,0,0
BRDA:215,13,0,0
BRDA:234,14,0,0
BRDA:240,15,0,0
BRDA:242,16,0,0
BRDA:256,17,0,0
BRDA:256,17,1,0
BRDA:259,18,0,0
BRDA:283,19,0,0
BRDA:283,19,1,0
BRDA:286,20,0,0
BRDA:286,20,1,0
BRDA:286,20,2,0
BRDA:287,21,0,0
BRDA:287,21,1,0
BRDA:287,21,2,0
BRDA:292,22,0,0
BRDA:304,23,0,0
BRDA:311,24,0,0
BRDA:311,25,0,0
BRDA:311,25,1,0
BRDA:316,26,0,0
BRDA:316,26,1,0
BRDA:327,27,0,0
BRDA:328,28,0,0
BRDA:328,28,1,0
BRDA:329,29,0,0
BRDA:329,29,1,0
BRDA:334,30,0,0
BRDA:334,31,0,0
BRDA:334,31,1,0
BRDA:340,32,0,0
BRDA:340,32,1,0
BRDA:397,33,0,0
BRDA:408,34,0,2
BRDA:409,35,0,2
BRDA:409,35,1,2
BRDA:411,36,0,2
BRF:56
BRH:15
end_of_record
