TN:
SF:src/dust.ts
FN:7,(anonymous_0)
FN:16,_interop_require_default
FN:31,logger
FN:41,(anonymous_3)
FN:51,(anonymous_4)
FN:99,(anonymous_5)
FN:112,(anonymous_6)
FN:117,(anonymous_7)
FN:158,(anonymous_8)
FN:193,(anonymous_9)
FN:201,(anonymous_10)
FNF:11
FNH:9
FNDA:8,(anonymous_0)
FNDA:3,_interop_require_default
FNDA:6,logger
FNDA:4,(anonymous_3)
FNDA:1,(anonymous_4)
FNDA:1,(anonymous_5)
FNDA:23,(anonymous_6)
FNDA:23,(anonymous_7)
FNDA:1,(anonymous_8)
FNDA:0,(anonymous_9)
FNDA:0,(anonymous_10)
DA:2,1
DA:5,1
DA:8,8
DA:11,1
DA:12,1
DA:13,1
DA:14,1
DA:15,1
DA:17,3
DA:22,1
DA:24,1
DA:25,1
DA:26,0
DA:32,6
DA:33,6
DA:35,6
DA:37,6
DA:38,2
DA:41,1
DA:43,4
DA:52,1
DA:57,1
DA:59,1
DA:60,0
DA:66,0
DA:80,1
DA:81,1
DA:93,4
DA:100,1
DA:104,1
DA:106,1
DA:107,1
DA:109,1
DA:110,1
DA:111,1
DA:112,1
DA:113,23
DA:114,23
DA:117,23
DA:131,1
DA:140,0
DA:141,0
DA:153,4
DA:159,1
DA:162,1
DA:164,1
DA:165,1
DA:166,1
DA:168,0
DA:169,0
DA:184,0
DA:185,0
DA:186,0
DA:187,0
DA:188,0
DA:189,0
DA:190,0
DA:191,0
DA:192,0
DA:193,0
DA:194,0
DA:197,0
DA:199,0
DA:200,0
DA:201,0
DA:202,0
DA:205,0
DA:208,0
DA:209,0
DA:218,1
DA:219,1
LF:71
LH:45
BRDA:17,0,0,0
BRDA:17,0,1,3
BRDA:17,1,0,3
BRDA:17,1,1,3
BRDA:25,2,0,0
BRDA:25,2,1,1
BRDA:33,3,0,5
BRDA:33,3,1,1
BRDA:37,4,0,2
BRDA:37,4,1,4
BRDA:59,5,0,1
BRDA:59,5,1,0
BRDA:59,6,0,1
BRDA:59,6,1,0
BRDA:114,7,0,23
BRDA:114,7,1,0
BRDA:165,8,0,1
BRDA:165,8,1,0
BRDA:179,9,0,0
BRDA:179,9,1,0
BRDA:180,10,0,0
BRDA:180,10,1,0
BRDA:187,11,0,0
BRDA:187,11,1,0
BRDA:188,12,0,0
BRDA:188,12,1,0
BRDA:189,13,0,0
BRDA:189,13,1,0
BRDA:190,14,0,0
BRDA:190,14,1,0
BRDA:192,15,0,0
BRDA:192,15,1,0
BRDA:200,16,0,0
BRDA:200,16,1,0
BRDA:200,17,0,0
BRDA:200,17,1,0
BRF:36
BRH:12
end_of_record
TN:
SF:src/services/dustService.ts
FN:33,_export
FN:40,(anonymous_1)
FN:43,(anonymous_2)
FN:46,(anonymous_3)
FN:55,_interop_require_default
FN:70,logger
FN:87,getAgentConfig
FN:121,(anonymous_7)
FN:179,getDefaultAgentId
FN:185,(anonymous_9)
FN:191,queryDustAgent
FN:341,(anonymous_11)
FN:410,listDustAgents
FN:507,(anonymous_13)
FN:518,(anonymous_14)
FN:523,(anonymous_15)
FNF:16
FNH:12
FNDA:1,_export
FNDA:1,(anonymous_1)
FNDA:1,(anonymous_2)
FNDA:1,(anonymous_3)
FNDA:4,_interop_require_default
FNDA:11,logger
FNDA:1,getAgentConfig
FNDA:0,(anonymous_7)
FNDA:0,getDefaultAgentId
FNDA:0,(anonymous_9)
FNDA:1,queryDustAgent
FNDA:0,(anonymous_11)
FNDA:1,listDustAgents
FNDA:1,(anonymous_13)
FNDA:23,(anonymous_14)
FNDA:9,(anonymous_15)
DA:30,1
DA:34,3
DA:39,1
DA:41,1
DA:44,1
DA:47,1
DA:50,1
DA:51,1
DA:52,1
DA:53,1
DA:54,1
DA:56,4
DA:61,1
DA:62,1
DA:64,1
DA:65,0
DA:71,11
DA:72,11
DA:74,11
DA:76,11
DA:77,3
DA:81,1
DA:83,1
DA:84,1
DA:85,1
DA:86,1
DA:89,1
DA:90,1
DA:91,0
DA:92,0
DA:95,1
DA:96,1
DA:97,0
DA:100,1
DA:101,1
DA:102,0
DA:106,1
DA:107,1
DA:108,1
DA:114,0
DA:116,0
DA:117,0
DA:121,0
DA:134,0
DA:135,0
DA:136,0
DA:138,0
DA:139,0
DA:141,1
DA:143,1
DA:144,0
DA:145,0
DA:169,0
DA:170,0
DA:172,1
DA:180,0
DA:181,0
DA:182,0
DA:185,0
DA:186,0
DA:187,0
DA:189,0
DA:192,1
DA:193,1
DA:194,0
DA:197,1
DA:198,1
DA:199,0
DA:202,1
DA:203,0
DA:204,0
DA:207,1
DA:210,0
DA:211,0
DA:212,0
DA:218,0
DA:219,0
DA:226,0
DA:233,0
DA:236,1
DA:238,1
DA:239,1
DA:242,1
DA:244,1
DA:245,1
DA:249,0
DA:250,0
DA:251,0
DA:253,0
DA:260,0
DA:262,0
DA:263,0
DA:265,0
DA:266,0
DA:267,0
DA:269,0
DA:273,0
DA:274,0
DA:277,0
DA:278,0
DA:279,0
DA:281,0
DA:282,0
DA:288,1
DA:290,1
DA:291,1
DA:293,1
DA:311,1
DA:317,1
DA:324,0
DA:326,0
DA:327,0
DA:329,0
DA:332,0
DA:333,0
DA:334,0
DA:335,0
DA:336,0
DA:337,0
DA:338,0
DA:339,0
DA:341,0
DA:342,0
DA:344,0
DA:350,0
DA:352,0
DA:353,0
DA:355,0
DA:356,0
DA:357,0
DA:359,0
DA:361,0
DA:362,0
DA:364,0
DA:365,0
DA:366,0
DA:367,0
DA:373,0
DA:374,0
DA:377,0
DA:378,0
DA:379,0
DA:384,0
DA:385,0
DA:386,0
DA:389,0
DA:390,0
DA:398,1
DA:399,1
DA:400,1
DA:402,0
DA:406,1
DA:407,1
DA:411,1
DA:412,1
DA:413,0
DA:416,1
DA:417,1
DA:418,0
DA:421,1
DA:422,0
DA:423,0
DA:487,1
DA:488,1
DA:489,0
DA:491,1
DA:492,1
DA:495,1
DA:496,1
DA:499,1
DA:500,1
DA:501,1
DA:507,1
DA:510,1
DA:511,0
DA:512,0
DA:515,1
DA:516,1
DA:518,1
DA:519,23
DA:523,9
DA:536,23
DA:537,23
DA:540,0
DA:542,0
DA:543,0
DA:544,0
DA:567,0
LF:188
LH:83
BRDA:56,0,0,0
BRDA:56,0,1,4
BRDA:56,1,0,4
BRDA:56,1,1,4
BRDA:64,2,0,0
BRDA:64,2,1,1
BRDA:72,3,0,3
BRDA:72,3,1,8
BRDA:76,4,0,3
BRDA:76,4,1,8
BRDA:83,5,0,1
BRDA:83,5,1,0
BRDA:90,6,0,0
BRDA:90,6,1,1
BRDA:90,7,0,1
BRDA:90,7,1,0
BRDA:96,8,0,0
BRDA:96,8,1,1
BRDA:101,9,0,0
BRDA:101,9,1,1
BRDA:114,10,0,0
BRDA:114,10,1,0
BRDA:114,11,0,0
BRDA:114,11,1,0
BRDA:116,12,0,0
BRDA:116,12,1,0
BRDA:118,13,0,0
BRDA:118,13,1,0
BRDA:118,13,2,0
BRDA:119,14,0,0
BRDA:119,14,1,0
BRDA:120,15,0,0
BRDA:120,15,1,0
BRDA:121,16,0,0
BRDA:121,16,1,0
BRDA:122,17,0,0
BRDA:122,17,1,0
BRDA:123,18,0,0
BRDA:123,18,1,0
BRDA:128,19,0,0
BRDA:128,19,1,0
BRDA:129,20,0,0
BRDA:129,20,1,0
BRDA:143,21,0,0
BRDA:143,21,1,1
BRDA:181,22,0,0
BRDA:181,22,1,0
BRDA:186,23,0,0
BRDA:186,23,1,0
BRDA:191,24,0,0
BRDA:193,25,0,0
BRDA:193,25,1,1
BRDA:198,26,0,0
BRDA:198,26,1,1
BRDA:202,27,0,0
BRDA:202,27,1,1
BRDA:207,28,0,0
BRDA:207,28,1,1
BRDA:211,29,0,0
BRDA:211,29,1,0
BRDA:211,30,0,0
BRDA:211,30,1,0
BRDA:218,31,0,0
BRDA:218,31,1,0
BRDA:218,32,0,0
BRDA:218,32,1,0
BRDA:236,33,0,0
BRDA:236,33,1,1
BRDA:242,34,0,1
BRDA:242,34,1,0
BRDA:262,35,0,0
BRDA:262,35,1,0
BRDA:265,36,0,0
BRDA:265,36,1,0
BRDA:277,37,0,0
BRDA:277,37,1,0
BRDA:299,38,0,1
BRDA:299,38,1,0
BRDA:300,39,0,1
BRDA:300,39,1,0
BRDA:301,40,0,1
BRDA:301,40,1,0
BRDA:302,41,0,1
BRDA:302,41,1,0
BRDA:307,42,0,0
BRDA:307,42,1,1
BRDA:326,43,0,0
BRDA:326,43,1,0
BRDA:338,44,0,0
BRDA:338,44,1,0
BRDA:352,45,0,0
BRDA:352,45,1,0
BRDA:357,46,0,0
BRDA:357,46,1,0
BRDA:357,47,0,0
BRDA:357,47,1,0
BRDA:361,48,0,0
BRDA:361,48,1,0
BRDA:364,49,0,0
BRDA:364,49,1,0
BRDA:364,50,0,0
BRDA:364,50,1,0
BRDA:373,51,0,0
BRDA:373,51,1,0
BRDA:378,52,0,0
BRDA:378,52,1,0
BRDA:384,53,0,0
BRDA:384,53,1,0
BRDA:391,54,0,0
BRDA:391,54,1,0
BRDA:399,55,0,1
BRDA:399,55,1,0
BRDA:410,56,0,1
BRDA:412,57,0,0
BRDA:412,57,1,1
BRDA:417,58,0,0
BRDA:417,58,1,1
BRDA:421,59,0,0
BRDA:421,59,1,1
BRDA:488,60,0,0
BRDA:488,60,1,1
BRDA:491,61,0,1
BRDA:491,61,1,0
BRDA:495,62,0,0
BRDA:495,62,1,1
BRDA:496,63,0,1
BRDA:496,63,1,0
BRDA:510,64,0,0
BRDA:510,64,1,1
BRDA:515,65,0,1
BRDA:515,65,1,0
BRDA:520,66,0,23
BRDA:520,66,1,0
BRDA:521,67,0,23
BRDA:521,67,1,0
BRDA:522,68,0,23
BRDA:522,68,1,0
BRDA:523,69,0,23
BRDA:523,69,1,0
BRDA:524,70,0,23
BRDA:524,70,1,0
BRDA:525,71,0,23
BRDA:525,71,1,0
BRDA:530,72,0,23
BRDA:530,72,1,23
BRDA:531,73,0,23
BRDA:531,73,1,0
BRDA:542,74,0,0
BRDA:542,74,1,0
BRF:149
BRH:45
end_of_record
